Copyright 1986-2021 Xilinx, Inc. All Rights Reserved.
------------------------------------------------------------------------------------------
| Tool Version : Vivado v.2021.1 (win64) Build 3247384 Thu Jun 10 19:36:33 MDT 2021
| Date         : Mon Nov 15 22:34:08 2021
| Host         : DESKTOP-UNKKMEU running 64-bit major release  (build 9200)
| Command      : report_control_sets -verbose -file part3_wrapper_control_sets_placed.rpt
| Design       : part3_wrapper
| Device       : xc7z020
------------------------------------------------------------------------------------------

Control Set Information

Table of Contents
-----------------
1. Summary
2. Histogram
3. Flip-Flop Distribution
4. Detailed Control Set Information

1. Summary
----------

+----------------------------------------------------------+-------+
|                          Status                          | Count |
+----------------------------------------------------------+-------+
| Total control sets                                       |    50 |
|    Minimum number of control sets                        |    50 |
|    Addition due to synthesis replication                 |     0 |
|    Addition due to physical synthesis replication        |     0 |
| Unused register locations in slices containing registers |   147 |
+----------------------------------------------------------+-------+
* Control sets can be merged at opt_design using control_set_merge or merge_equivalent_drivers
** Run report_qor_suggestions for automated merging and remapping suggestions


2. Histogram
------------

+--------------------+-------+
|       Fanout       | Count |
+--------------------+-------+
| Total control sets |    50 |
| >= 0 to < 4        |     4 |
| >= 4 to < 6        |     6 |
| >= 6 to < 8        |     1 |
| >= 8 to < 10       |     2 |
| >= 10 to < 12      |     3 |
| >= 12 to < 14      |     7 |
| >= 14 to < 16      |     2 |
| >= 16              |    25 |
+--------------------+-------+
* Control sets can be remapped at either synth_design or opt_design


3. Flip-Flop Distribution
-------------------------

+--------------+-----------------------+------------------------+-----------------+--------------+
| Clock Enable | Synchronous Set/Reset | Asynchronous Set/Reset | Total Registers | Total Slices |
+--------------+-----------------------+------------------------+-----------------+--------------+
| No           | No                    | No                     |             284 |           83 |
| No           | No                    | Yes                    |               4 |            3 |
| No           | Yes                   | No                     |              53 |           20 |
| Yes          | No                    | No                     |             341 |           76 |
| Yes          | No                    | Yes                    |             241 |           67 |
| Yes          | Yes                   | No                     |             194 |           48 |
+--------------+-----------------------+------------------------+-----------------+--------------+


4. Detailed Control Set Information
-----------------------------------

+----------------------------------------------+------------------------------------------------------------------------------------------------------------------------------------------------------------------------------------------------------------+-----------------------------------------------------------------------------------------------------------------------------------------------------------------------------------------------------------------+------------------+----------------+--------------+
|                 Clock Signal                 |                                                                                                Enable Signal                                                                                               |                                                                                                 Set/Reset Signal                                                                                                | Slice Load Count | Bel Load Count | Bels / Slice |
+----------------------------------------------+------------------------------------------------------------------------------------------------------------------------------------------------------------------------------------------------------------+-----------------------------------------------------------------------------------------------------------------------------------------------------------------------------------------------------------------+------------------+----------------+--------------+
|  part3_i/processing_system7_0/inst/FCLK_CLK0 |                                                                                                                                                                                                            | part3_i/accelerator_0/U0/accelerator_v1_0_S00_AXI_inst/U_WRAPPER/U_USER_APP/U_MEM_IN_FIFO/U_FIFO_32/U0/inst_fifo_gen/gconvfifo.rf/grf.rf/rstblk/ngwrdrst.grst.g7serrst.gsckt_wrst.gic_rst.sckt_wr_rst_ic_reg_0  |                1 |              1 |         1.00 |
|  part3_i/processing_system7_0/inst/FCLK_CLK0 | part3_i/ps7_0_axi_periph/s00_couplers/auto_pc/inst/gen_axilite.gen_b2s_conv.axilite_b2s/WR.aw_channel_0/aw_cmd_fsm_0/FSM_sequential_state_reg[0]_1                                                         | part3_i/ps7_0_axi_periph/s00_couplers/auto_pc/inst/gen_axilite.gen_b2s_conv.axilite_b2s/WR.aw_channel_0/aw_cmd_fsm_0/FSM_sequential_state_reg[0]_0                                                              |                1 |              1 |         1.00 |
|  part3_i/processing_system7_0/inst/FCLK_CLK0 | part3_i/ps7_0_axi_periph/s00_couplers/auto_pc/inst/gen_axilite.gen_b2s_conv.axilite_b2s/WR.b_channel_0/bid_fifo_0/sel                                                                                      |                                                                                                                                                                                                                 |                1 |              2 |         2.00 |
|  part3_i/processing_system7_0/inst/FCLK_CLK3 |                                                                                                                                                                                                            | part3_i/accelerator_0/U0/accelerator_v1_0_S00_AXI_inst/U_WRAPPER/U_USER_APP/U_MEM_OUT_FIFO/U_FIFO_17/U0/inst_fifo_gen/gconvfifo.rf/grf.rf/rstblk/ngwrdrst.grst.g7serrst.gsckt_wrst.gic_rst.sckt_wr_rst_ic_reg_0 |                1 |              3 |         3.00 |
|  part3_i/processing_system7_0/inst/FCLK_CLK0 |                                                                                                                                                                                                            | part3_i/rst_ps7_0_100M/U0/EXT_LPF/lpf_int                                                                                                                                                                       |                2 |              4 |         2.00 |
|  part3_i/processing_system7_0/inst/FCLK_CLK0 |                                                                                                                                                                                                            | part3_i/ps7_0_axi_periph/s00_couplers/auto_pc/inst/gen_axilite.gen_b2s_conv.axilite_b2s/SI_REG/aw.aw_pipe/aresetn_d_reg[0]_0                                                                                    |                2 |              4 |         2.00 |
|  part3_i/processing_system7_0/inst/FCLK_CLK0 |                                                                                                                                                                                                            | part3_i/ps7_0_axi_periph/s00_couplers/auto_pc/inst/gen_axilite.gen_b2s_conv.axilite_b2s/SI_REG/ar.ar_pipe/aresetn_d_reg[1]_inv_0                                                                                |                3 |              4 |         1.33 |
|  part3_i/processing_system7_0/inst/FCLK_CLK0 | part3_i/ps7_0_axi_periph/s00_couplers/auto_pc/inst/gen_axilite.gen_b2s_conv.axilite_b2s/RD.ar_channel_0/ar_cmd_fsm_0/m_axi_arready_2                                                                       | part3_i/ps7_0_axi_periph/s00_couplers/auto_pc/inst/gen_axilite.gen_b2s_conv.axilite_b2s/RD.ar_channel_0/ar_cmd_fsm_0/FSM_sequential_state_reg[1]_0                                                              |                2 |              4 |         2.00 |
|  part3_i/processing_system7_0/inst/FCLK_CLK0 | part3_i/ps7_0_axi_periph/s00_couplers/auto_pc/inst/gen_axilite.gen_b2s_conv.axilite_b2s/RD.r_channel_0/transaction_fifo_0/cnt_read[4]_i_1_n_0                                                              | part3_i/ps7_0_axi_periph/s00_couplers/auto_pc/inst/gen_axilite.gen_b2s_conv.axilite_b2s/areset_d1                                                                                                               |                1 |              5 |         5.00 |
|  part3_i/processing_system7_0/inst/FCLK_CLK0 | part3_i/ps7_0_axi_periph/s00_couplers/auto_pc/inst/gen_axilite.gen_b2s_conv.axilite_b2s/RD.r_channel_0/rd_data_fifo_0/cnt_read[4]_i_1__0_n_0                                                               | part3_i/ps7_0_axi_periph/s00_couplers/auto_pc/inst/gen_axilite.gen_b2s_conv.axilite_b2s/areset_d1                                                                                                               |                1 |              5 |         5.00 |
|  part3_i/processing_system7_0/inst/FCLK_CLK0 | part3_i/rst_ps7_0_100M/U0/SEQ/seq_cnt_en                                                                                                                                                                   | part3_i/rst_ps7_0_100M/U0/SEQ/SEQ_COUNTER/clear                                                                                                                                                                 |                1 |              6 |         6.00 |
|  part3_i/processing_system7_0/inst/FCLK_CLK0 | part3_i/ps7_0_axi_periph/s00_couplers/auto_pc/inst/gen_axilite.gen_b2s_conv.axilite_b2s/WR.b_channel_0/mhandshake_r                                                                                        | part3_i/ps7_0_axi_periph/s00_couplers/auto_pc/inst/gen_axilite.gen_b2s_conv.axilite_b2s/WR.b_channel_0/bid_fifo_0/SR[0]                                                                                         |                2 |              8 |         4.00 |
|  part3_i/processing_system7_0/inst/FCLK_CLK0 |                                                                                                                                                                                                            | part3_i/accelerator_0/U0/accelerator_v1_0_S00_AXI_inst/U_WRAPPER/U_USER_APP/U_MEM_IN_ADDR_GEN/s00_axi_aresetn_0                                                                                                 |                5 |              9 |         1.80 |
|  part3_i/processing_system7_0/inst/FCLK_CLK0 |                                                                                                                                                                                                            | part3_i/ps7_0_axi_periph/s00_couplers/auto_pc/inst/gen_axilite.gen_b2s_conv.axilite_b2s/areset_d1                                                                                                               |                4 |             10 |         2.50 |
|  part3_i/processing_system7_0/inst/FCLK_CLK3 |                                                                                                                                                                                                            | part3_i/accelerator_0/U0/accelerator_v1_0_S00_AXI_inst/U_WRAPPER/U_USER_APP/U_MEM_IN_FIFO/U_FIFO_32/U0/inst_fifo_gen/gconvfifo.rf/grf.rf/rstblk/ngwrdrst.grst.g7serrst.gsckt_wrst.gic_rst.sckt_rd_rst_ic_reg_0  |                3 |             11 |         3.67 |
|  part3_i/processing_system7_0/inst/FCLK_CLK0 |                                                                                                                                                                                                            | part3_i/accelerator_0/U0/accelerator_v1_0_S00_AXI_inst/U_WRAPPER/U_USER_APP/U_MEM_OUT_FIFO/U_FIFO_17/U0/inst_fifo_gen/gconvfifo.rf/grf.rf/rstblk/ngwrdrst.grst.g7serrst.gsckt_wrst.gic_rst.sckt_rd_rst_ic_reg_0 |                2 |             11 |         5.50 |
|  part3_i/processing_system7_0/inst/FCLK_CLK3 | part3_i/accelerator_0/U0/accelerator_v1_0_S00_AXI_inst/U_WRAPPER/U_USER_APP/U_MEM_IN_FIFO/U_FIFO_32/U0/inst_fifo_gen/gconvfifo.rf/grf.rf/gntv_or_sync_fifo.gl0.rd/gr1.gr1_int.rfwft/ram_empty_fb_i_reg[0]  | part3_i/accelerator_0/U0/accelerator_v1_0_S00_AXI_inst/U_WRAPPER/U_USER_APP/U_MEM_IN_FIFO/U_FIFO_32/U0/inst_fifo_gen/gconvfifo.rf/grf.rf/rstblk/ngwrdrst.grst.g7serrst.gsckt_wrst.gic_rst.sckt_rd_rst_ic_reg_0  |                2 |             12 |         6.00 |
|  part3_i/processing_system7_0/inst/FCLK_CLK0 | part3_i/ps7_0_axi_periph/s00_couplers/auto_pc/inst/gen_axilite.gen_b2s_conv.axilite_b2s/RD.ar_channel_0/ar_cmd_fsm_0/sel_first_reg[0]                                                                      |                                                                                                                                                                                                                 |                2 |             12 |         6.00 |
|  part3_i/processing_system7_0/inst/FCLK_CLK0 | part3_i/ps7_0_axi_periph/s00_couplers/auto_pc/inst/gen_axilite.gen_b2s_conv.axilite_b2s/WR.aw_channel_0/cmd_translator_0/incr_cmd_0/axaddr_incr[11]_i_1_n_0                                                |                                                                                                                                                                                                                 |                2 |             12 |         6.00 |
|  part3_i/processing_system7_0/inst/FCLK_CLK0 | part3_i/ps7_0_axi_periph/s00_couplers/auto_pc/inst/gen_axilite.gen_b2s_conv.axilite_b2s/WR.aw_channel_0/aw_cmd_fsm_0/m_valid_i_reg[0]                                                                      |                                                                                                                                                                                                                 |                3 |             12 |         4.00 |
|  part3_i/processing_system7_0/inst/FCLK_CLK0 | part3_i/ps7_0_axi_periph/s00_couplers/auto_pc/inst/gen_axilite.gen_b2s_conv.axilite_b2s/RD.ar_channel_0/ar_cmd_fsm_0/E[0]                                                                                  |                                                                                                                                                                                                                 |                7 |             12 |         1.71 |
|  part3_i/processing_system7_0/inst/FCLK_CLK0 | part3_i/accelerator_0/U0/accelerator_v1_0_S00_AXI_inst/U_WRAPPER/U_USER_APP/U_MEM_OUT_FIFO/U_FIFO_17/U0/inst_fifo_gen/gconvfifo.rf/grf.rf/gntv_or_sync_fifo.gl0.rd/gr1.gr1_int.rfwft/ram_empty_fb_i_reg[0] | part3_i/accelerator_0/U0/accelerator_v1_0_S00_AXI_inst/U_WRAPPER/U_USER_APP/U_MEM_OUT_FIFO/U_FIFO_17/U0/inst_fifo_gen/gconvfifo.rf/grf.rf/rstblk/ngwrdrst.grst.g7serrst.gsckt_wrst.gic_rst.sckt_rd_rst_ic_reg_0 |                2 |             12 |         6.00 |
|  part3_i/processing_system7_0/inst/FCLK_CLK0 | part3_i/ps7_0_axi_periph/s00_couplers/auto_pc/inst/gen_axilite.gen_b2s_conv.axilite_b2s/RD.r_channel_0/r_push_r                                                                                            |                                                                                                                                                                                                                 |                4 |             13 |         3.25 |
|  part3_i/processing_system7_0/inst/FCLK_CLK0 | part3_i/ps7_0_axi_periph/s00_couplers/auto_pc/inst/gen_axilite.gen_b2s_conv.axilite_b2s/SI_REG/b.b_pipe/p_1_in                                                                                             |                                                                                                                                                                                                                 |                2 |             14 |         7.00 |
|  part3_i/processing_system7_0/inst/FCLK_CLK0 | part3_i/ps7_0_axi_periph/s00_couplers/auto_pc/inst/gen_axilite.gen_b2s_conv.axilite_b2s/SI_REG/b.b_pipe/s_ready_i_reg_0                                                                                    |                                                                                                                                                                                                                 |                2 |             14 |         7.00 |
|  part3_i/processing_system7_0/inst/FCLK_CLK0 | part3_i/accelerator_0/U0/accelerator_v1_0_S00_AXI_inst/U_WRAPPER/U_USER_APP/U_MEM_OUT_ADDR_GEN/addr_s[0]_i_1__0_n_0                                                                                        | part3_i/accelerator_0/U0/accelerator_v1_0_S00_AXI_inst/U_WRAPPER/U_USER_APP/U_MEM_IN_ADDR_GEN/s00_axi_aresetn_0                                                                                                 |                4 |             16 |         4.00 |
|  part3_i/processing_system7_0/inst/FCLK_CLK0 | part3_i/accelerator_0/U0/accelerator_v1_0_S00_AXI_inst/U_WRAPPER/U_USER_APP/U_MMAP/reg_size                                                                                                                | part3_i/accelerator_0/U0/accelerator_v1_0_S00_AXI_inst/U_WRAPPER/U_USER_APP/U_MEM_IN_ADDR_GEN/s00_axi_aresetn_0                                                                                                 |                4 |             16 |         4.00 |
|  part3_i/processing_system7_0/inst/FCLK_CLK0 | part3_i/accelerator_0/U0/accelerator_v1_0_S00_AXI_inst/U_WRAPPER/U_USER_APP/U_MMAP/reg_go_reg_0[0]                                                                                                         | part3_i/accelerator_0/U0/accelerator_v1_0_S00_AXI_inst/U_WRAPPER/U_USER_APP/U_MEM_IN_ADDR_GEN/s00_axi_aresetn_0                                                                                                 |                4 |             16 |         4.00 |
|  part3_i/processing_system7_0/inst/FCLK_CLK0 | part3_i/ps7_0_axi_periph/s00_couplers/auto_pc/inst/gen_axilite.gen_b2s_conv.axilite_b2s/WR.aw_channel_0/aw_cmd_fsm_0/m_axi_awready_0                                                                       |                                                                                                                                                                                                                 |                3 |             16 |         5.33 |
|  part3_i/processing_system7_0/inst/FCLK_CLK0 | part3_i/accelerator_0/U0/accelerator_v1_0_S00_AXI_inst/U_WRAPPER/U_USER_APP/U_MMAP/E[0]                                                                                                                    | part3_i/accelerator_0/U0/accelerator_v1_0_S00_AXI_inst/U_WRAPPER/U_USER_APP/U_MEM_IN_ADDR_GEN/s00_axi_aresetn_0                                                                                                 |                3 |             16 |         5.33 |
|  part3_i/processing_system7_0/inst/FCLK_CLK0 | part3_i/accelerator_0/U0/accelerator_v1_0_S00_AXI_inst/U_WRAPPER/U_USER_APP/U_MEM_OUT_FIFO/U_FIFO_17/U0/inst_fifo_gen/gconvfifo.rf/grf.rf/gntv_or_sync_fifo.gl0.rd/gr1.gr1_int.rfwft/E[0]                  | part3_i/accelerator_0/U0/accelerator_v1_0_S00_AXI_inst/U_WRAPPER/U_USER_APP/U_MEM_OUT_FIFO/U_FIFO_17/U0/inst_fifo_gen/gconvfifo.rf/grf.rf/rstblk/ngwrdrst.grst.g7serrst.gsckt_wrst.gic_rst.sckt_rd_rst_ic_reg_0 |                6 |             17 |         2.83 |
|  part3_i/processing_system7_0/inst/FCLK_CLK0 | part3_i/accelerator_0/U0/accelerator_v1_0_S00_AXI_inst/slv_reg_rden                                                                                                                                        | part3_i/accelerator_0/U0/accelerator_v1_0_S00_AXI_inst/U_WRAPPER/U_USER_APP/U_MEM_IN_ADDR_GEN/s00_axi_aresetn_0                                                                                                 |                4 |             17 |         4.25 |
|  part3_i/processing_system7_0/inst/FCLK_CLK0 | part3_i/ps7_0_axi_periph/s00_couplers/auto_pc/inst/gen_axilite.gen_b2s_conv.axilite_b2s/RD.ar_channel_0/ar_cmd_fsm_0/m_axi_arvalid                                                                         | part3_i/accelerator_0/U0/accelerator_v1_0_S00_AXI_inst/U_WRAPPER/U_USER_APP/U_MEM_IN_ADDR_GEN/s00_axi_aresetn_0                                                                                                 |                4 |             17 |         4.25 |
|  part3_i/processing_system7_0/inst/FCLK_CLK0 | part3_i/ps7_0_axi_periph/s00_couplers/auto_pc/inst/gen_axilite.gen_b2s_conv.axilite_b2s/RD.r_channel_0/rd_data_fifo_0/wr_en0                                                                               |                                                                                                                                                                                                                 |                5 |             17 |         3.40 |
|  part3_i/processing_system7_0/inst/FCLK_CLK3 | part3_i/accelerator_0/U0/accelerator_v1_0_S00_AXI_inst/U_WRAPPER/U_USER_APP/U_MEM_OUT_FIFO/U_FIFO_17/U0/inst_fifo_gen/gconvfifo.rf/grf.rf/gntv_or_sync_fifo.gl0.wr/gwas.wsts/E[0]                          | part3_i/accelerator_0/U0/accelerator_v1_0_S00_AXI_inst/U_WRAPPER/U_USER_APP/U_MEM_OUT_FIFO/U_FIFO_17/U0/inst_fifo_gen/gconvfifo.rf/grf.rf/rstblk/ngwrdrst.grst.g7serrst.gsckt_wrst.gic_rst.sckt_wr_rst_ic_reg_0 |                3 |             18 |         6.00 |
|  part3_i/processing_system7_0/inst/FCLK_CLK0 | part3_i/ps7_0_axi_periph/s00_couplers/auto_pc/inst/gen_axilite.gen_b2s_conv.axilite_b2s/RD.ar_channel_0/ar_cmd_fsm_0/m_axi_arready_2                                                                       |                                                                                                                                                                                                                 |                8 |             21 |         2.62 |
|  part3_i/processing_system7_0/inst/FCLK_CLK0 | part3_i/ps7_0_axi_periph/s00_couplers/auto_pc/inst/gen_axilite.gen_b2s_conv.axilite_b2s/WR.aw_channel_0/aw_cmd_fsm_0/FSM_sequential_state_reg[0]_1                                                         |                                                                                                                                                                                                                 |               10 |             24 |         2.40 |
|  part3_i/processing_system7_0/inst/FCLK_CLK0 | part3_i/accelerator_0/U0/accelerator_v1_0_S00_AXI_inst/U_WRAPPER/U_USER_APP/U_MEM_IN_FIFO/U_FIFO_32/U0/inst_fifo_gen/gconvfifo.rf/grf.rf/gntv_or_sync_fifo.gl0.wr/gwas.wsts/E[0]                           | part3_i/accelerator_0/U0/accelerator_v1_0_S00_AXI_inst/U_WRAPPER/U_USER_APP/U_MEM_IN_FIFO/U_FIFO_32/U0/inst_fifo_gen/gconvfifo.rf/grf.rf/rstblk/ngwrdrst.grst.g7serrst.gsckt_wrst.gic_rst.sckt_wr_rst_ic_reg_0  |                6 |             24 |         4.00 |
|  part3_i/processing_system7_0/inst/FCLK_CLK0 | part3_i/ps7_0_axi_periph/s00_couplers/auto_pc/inst/gen_axilite.gen_b2s_conv.axilite_b2s/SI_REG/r.r_pipe/p_1_in                                                                                             |                                                                                                                                                                                                                 |                5 |             30 |         6.00 |
|  part3_i/processing_system7_0/inst/FCLK_CLK0 | part3_i/ps7_0_axi_periph/s00_couplers/auto_pc/inst/gen_axilite.gen_b2s_conv.axilite_b2s/SI_REG/r.r_pipe/s_ready_i_reg_0                                                                                    |                                                                                                                                                                                                                 |                6 |             30 |         5.00 |
|  part3_i/processing_system7_0/inst/FCLK_CLK3 | part3_i/accelerator_0/U0/accelerator_v1_0_S00_AXI_inst/U_WRAPPER/U_USER_APP/U_MEM_IN_FIFO/U_FIFO_32/U0/inst_fifo_gen/gconvfifo.rf/grf.rf/gntv_or_sync_fifo.gl0.rd/gr1.gr1_int.rfwft/E[0]                   | part3_i/accelerator_0/U0/accelerator_v1_0_S00_AXI_inst/U_WRAPPER/U_USER_APP/U_MEM_IN_FIFO/U_FIFO_32/U0/inst_fifo_gen/gconvfifo.rf/grf.rf/rstblk/ngwrdrst.grst.g7serrst.gsckt_wrst.gic_rst.sckt_rd_rst_ic_reg_0  |                7 |             32 |         4.57 |
|  part3_i/processing_system7_0/inst/FCLK_CLK0 | part3_i/accelerator_0/U0/accelerator_v1_0_S00_AXI_inst/axi_awready0                                                                                                                                        | part3_i/accelerator_0/U0/accelerator_v1_0_S00_AXI_inst/U_WRAPPER/U_USER_APP/U_MEM_IN_ADDR_GEN/s00_axi_aresetn_0                                                                                                 |               10 |             33 |         3.30 |
|  part3_i/processing_system7_0/inst/FCLK_CLK0 | part3_i/ps7_0_axi_periph/s00_couplers/auto_pc/inst/gen_axilite.gen_b2s_conv.axilite_b2s/SI_REG/aw.aw_pipe/s_ready_i_reg_0                                                                                  |                                                                                                                                                                                                                 |                8 |             40 |         5.00 |
|  part3_i/processing_system7_0/inst/FCLK_CLK0 | part3_i/ps7_0_axi_periph/s00_couplers/auto_pc/inst/gen_axilite.gen_b2s_conv.axilite_b2s/SI_REG/ar.ar_pipe/s_ready_i_reg_0                                                                                  |                                                                                                                                                                                                                 |                7 |             40 |         5.71 |
|  part3_i/processing_system7_0/inst/FCLK_CLK0 | part3_i/ps7_0_axi_periph/s00_couplers/auto_pc/inst/gen_axilite.gen_b2s_conv.axilite_b2s/RD.ar_channel_0/ar_cmd_fsm_0/m_valid_i_reg[0]                                                                      |                                                                                                                                                                                                                 |                7 |             40 |         5.71 |
|  part3_i/processing_system7_0/inst/FCLK_CLK0 | part3_i/ps7_0_axi_periph/s00_couplers/auto_pc/inst/gen_axilite.gen_b2s_conv.axilite_b2s/WR.aw_channel_0/aw_cmd_fsm_0/E[0]                                                                                  |                                                                                                                                                                                                                 |                7 |             40 |         5.71 |
|  part3_i/processing_system7_0/inst/FCLK_CLK0 | part3_i/accelerator_0/U0/accelerator_v1_0_S00_AXI_inst/U_WRAPPER/U_USER_APP/U_MEM_IN_ADDR_GEN/sel                                                                                                          | part3_i/accelerator_0/U0/accelerator_v1_0_S00_AXI_inst/U_WRAPPER/U_USER_APP/U_MEM_IN_ADDR_GEN/s00_axi_aresetn_0                                                                                                 |               25 |             76 |         3.04 |
|  part3_i/processing_system7_0/inst/FCLK_CLK3 | part3_i/accelerator_0/U0/accelerator_v1_0_S00_AXI_inst/U_WRAPPER/U_USER_APP/U_MEM_OUT_FIFO/U_FIFO_17/E[0]                                                                                                  | part3_i/accelerator_0/U0/accelerator_v1_0_S00_AXI_inst/U_WRAPPER/U_USER_APP/U_MEM_IN_ADDR_GEN/s00_axi_aresetn_0                                                                                                 |               23 |             84 |         3.65 |
|  part3_i/processing_system7_0/inst/FCLK_CLK3 |                                                                                                                                                                                                            |                                                                                                                                                                                                                 |               22 |             89 |         4.05 |
|  part3_i/processing_system7_0/inst/FCLK_CLK0 |                                                                                                                                                                                                            |                                                                                                                                                                                                                 |               62 |            202 |         3.26 |
+----------------------------------------------+------------------------------------------------------------------------------------------------------------------------------------------------------------------------------------------------------------+-----------------------------------------------------------------------------------------------------------------------------------------------------------------------------------------------------------------+------------------+----------------+--------------+


