Copyright 1986-2021 Xilinx, Inc. All Rights Reserved.
------------------------------------------------------------------------------------------------------------------------------
| Tool Version : Vivado v.2021.1 (win64) Build 3247384 Thu Jun 10 19:36:33 MDT 2021
| Date         : Mon Nov 15 22:33:58 2021
| Host         : DESKTOP-UNKKMEU running 64-bit major release  (build 9200)
| Command      : report_drc -file part3_wrapper_drc_opted.rpt -pb part3_wrapper_drc_opted.pb -rpx part3_wrapper_drc_opted.rpx
| Design       : part3_wrapper
| Device       : xc7z020clg484-1
| Speed File   : -1
| Design State : Synthesized
------------------------------------------------------------------------------------------------------------------------------

Report DRC

Table of Contents
-----------------
1. REPORT SUMMARY
2. REPORT DETAILS

1. REPORT SUMMARY
-----------------
            Netlist: netlist
          Floorplan: design_1
      Design limits: <entire design considered>
           Ruledeck: default
             Max violations: <unlimited>
             Violations found: 31
+-----------+----------+----------------------------+------------+
| Rule      | Severity | Description                | Violations |
+-----------+----------+----------------------------+------------+
| CHECK-3   | Warning  | Report rule limit reached  | 1          |
| REQP-1839 | Warning  | RAMB36 async control check | 20         |
| REQP-1840 | Warning  | RAMB18 async control check | 10         |
+-----------+----------+----------------------------+------------+

2. REPORT DETAILS
-----------------
CHECK-3#1 Warning
Report rule limit reached  
REQP-1839 rule limit reached: 20 violations have been found.
Related violations: <none>

REQP-1839#1 Warning
RAMB36 async control check  
The RAMB36E1 part3_i/accelerator_0/U0/accelerator_v1_0_S00_AXI_inst/U_WRAPPER/U_USER_APP/U_MEM_IN/memory_reg_0_0 has an input control pin part3_i/accelerator_0/U0/accelerator_v1_0_S00_AXI_inst/U_WRAPPER/U_USER_APP/U_MEM_IN/memory_reg_0_0/ADDRBWRADDR[0] (net: part3_i/accelerator_0/U0/accelerator_v1_0_S00_AXI_inst/U_WRAPPER/U_USER_APP/U_MEM_IN/ADDRBWRADDR[0]) which is driven by a register (part3_i/accelerator_0/U0/accelerator_v1_0_S00_AXI_inst/U_WRAPPER/U_USER_APP/U_MEM_IN_ADDR_GEN/addr_s_reg[0]_rep) that has an active asychronous set or reset. This may cause corruption of the memory contents and/or read values when the set/reset is asserted and is not analyzed by the default static timing analysis. It is suggested to eliminate the use of a set/reset to registers driving this RAMB pin or else use a synchronous reset in which the assertion of the reset is timed by default.
Related violations: <none>

REQP-1839#2 Warning
RAMB36 async control check  
The RAMB36E1 part3_i/accelerator_0/U0/accelerator_v1_0_S00_AXI_inst/U_WRAPPER/U_USER_APP/U_MEM_IN/memory_reg_0_0 has an input control pin part3_i/accelerator_0/U0/accelerator_v1_0_S00_AXI_inst/U_WRAPPER/U_USER_APP/U_MEM_IN/memory_reg_0_0/ADDRBWRADDR[10] (net: part3_i/accelerator_0/U0/accelerator_v1_0_S00_AXI_inst/U_WRAPPER/U_USER_APP/U_MEM_IN/ADDRBWRADDR[10]) which is driven by a register (part3_i/accelerator_0/U0/accelerator_v1_0_S00_AXI_inst/U_WRAPPER/U_USER_APP/U_MEM_IN_ADDR_GEN/addr_s_reg[10]_rep) that has an active asychronous set or reset. This may cause corruption of the memory contents and/or read values when the set/reset is asserted and is not analyzed by the default static timing analysis. It is suggested to eliminate the use of a set/reset to registers driving this RAMB pin or else use a synchronous reset in which the assertion of the reset is timed by default.
Related violations: <none>

REQP-1839#3 Warning
RAMB36 async control check  
The RAMB36E1 part3_i/accelerator_0/U0/accelerator_v1_0_S00_AXI_inst/U_WRAPPER/U_USER_APP/U_MEM_IN/memory_reg_0_0 has an input control pin part3_i/accelerator_0/U0/accelerator_v1_0_S00_AXI_inst/U_WRAPPER/U_USER_APP/U_MEM_IN/memory_reg_0_0/ADDRBWRADDR[11] (net: part3_i/accelerator_0/U0/accelerator_v1_0_S00_AXI_inst/U_WRAPPER/U_USER_APP/U_MEM_IN/ADDRBWRADDR[11]) which is driven by a register (part3_i/accelerator_0/U0/accelerator_v1_0_S00_AXI_inst/U_WRAPPER/U_USER_APP/U_MEM_IN_ADDR_GEN/addr_s_reg[11]_rep) that has an active asychronous set or reset. This may cause corruption of the memory contents and/or read values when the set/reset is asserted and is not analyzed by the default static timing analysis. It is suggested to eliminate the use of a set/reset to registers driving this RAMB pin or else use a synchronous reset in which the assertion of the reset is timed by default.
Related violations: <none>

REQP-1839#4 Warning
RAMB36 async control check  
The RAMB36E1 part3_i/accelerator_0/U0/accelerator_v1_0_S00_AXI_inst/U_WRAPPER/U_USER_APP/U_MEM_IN/memory_reg_0_0 has an input control pin part3_i/accelerator_0/U0/accelerator_v1_0_S00_AXI_inst/U_WRAPPER/U_USER_APP/U_MEM_IN/memory_reg_0_0/ADDRBWRADDR[12] (net: part3_i/accelerator_0/U0/accelerator_v1_0_S00_AXI_inst/U_WRAPPER/U_USER_APP/U_MEM_IN/ADDRBWRADDR[12]) which is driven by a register (part3_i/accelerator_0/U0/accelerator_v1_0_S00_AXI_inst/U_WRAPPER/U_USER_APP/U_MEM_IN_ADDR_GEN/addr_s_reg[12]_rep) that has an active asychronous set or reset. This may cause corruption of the memory contents and/or read values when the set/reset is asserted and is not analyzed by the default static timing analysis. It is suggested to eliminate the use of a set/reset to registers driving this RAMB pin or else use a synchronous reset in which the assertion of the reset is timed by default.
Related violations: <none>

REQP-1839#5 Warning
RAMB36 async control check  
The RAMB36E1 part3_i/accelerator_0/U0/accelerator_v1_0_S00_AXI_inst/U_WRAPPER/U_USER_APP/U_MEM_IN/memory_reg_0_0 has an input control pin part3_i/accelerator_0/U0/accelerator_v1_0_S00_AXI_inst/U_WRAPPER/U_USER_APP/U_MEM_IN/memory_reg_0_0/ADDRBWRADDR[13] (net: part3_i/accelerator_0/U0/accelerator_v1_0_S00_AXI_inst/U_WRAPPER/U_USER_APP/U_MEM_IN/ADDRBWRADDR[13]) which is driven by a register (part3_i/accelerator_0/U0/accelerator_v1_0_S00_AXI_inst/U_WRAPPER/U_USER_APP/U_MEM_IN_ADDR_GEN/addr_s_reg[13]_rep) that has an active asychronous set or reset. This may cause corruption of the memory contents and/or read values when the set/reset is asserted and is not analyzed by the default static timing analysis. It is suggested to eliminate the use of a set/reset to registers driving this RAMB pin or else use a synchronous reset in which the assertion of the reset is timed by default.
Related violations: <none>

REQP-1839#6 Warning
RAMB36 async control check  
The RAMB36E1 part3_i/accelerator_0/U0/accelerator_v1_0_S00_AXI_inst/U_WRAPPER/U_USER_APP/U_MEM_IN/memory_reg_0_0 has an input control pin part3_i/accelerator_0/U0/accelerator_v1_0_S00_AXI_inst/U_WRAPPER/U_USER_APP/U_MEM_IN/memory_reg_0_0/ADDRBWRADDR[14] (net: part3_i/accelerator_0/U0/accelerator_v1_0_S00_AXI_inst/U_WRAPPER/U_USER_APP/U_MEM_IN/ADDRBWRADDR[14]) which is driven by a register (part3_i/accelerator_0/U0/accelerator_v1_0_S00_AXI_inst/U_WRAPPER/U_USER_APP/U_MEM_IN_ADDR_GEN/addr_s_reg[14]_rep) that has an active asychronous set or reset. This may cause corruption of the memory contents and/or read values when the set/reset is asserted and is not analyzed by the default static timing analysis. It is suggested to eliminate the use of a set/reset to registers driving this RAMB pin or else use a synchronous reset in which the assertion of the reset is timed by default.
Related violations: <none>

REQP-1839#7 Warning
RAMB36 async control check  
The RAMB36E1 part3_i/accelerator_0/U0/accelerator_v1_0_S00_AXI_inst/U_WRAPPER/U_USER_APP/U_MEM_IN/memory_reg_0_0 has an input control pin part3_i/accelerator_0/U0/accelerator_v1_0_S00_AXI_inst/U_WRAPPER/U_USER_APP/U_MEM_IN/memory_reg_0_0/ADDRBWRADDR[1] (net: part3_i/accelerator_0/U0/accelerator_v1_0_S00_AXI_inst/U_WRAPPER/U_USER_APP/U_MEM_IN/ADDRBWRADDR[1]) which is driven by a register (part3_i/accelerator_0/U0/accelerator_v1_0_S00_AXI_inst/U_WRAPPER/U_USER_APP/U_MEM_IN_ADDR_GEN/addr_s_reg[1]_rep) that has an active asychronous set or reset. This may cause corruption of the memory contents and/or read values when the set/reset is asserted and is not analyzed by the default static timing analysis. It is suggested to eliminate the use of a set/reset to registers driving this RAMB pin or else use a synchronous reset in which the assertion of the reset is timed by default.
Related violations: <none>

REQP-1839#8 Warning
RAMB36 async control check  
The RAMB36E1 part3_i/accelerator_0/U0/accelerator_v1_0_S00_AXI_inst/U_WRAPPER/U_USER_APP/U_MEM_IN/memory_reg_0_0 has an input control pin part3_i/accelerator_0/U0/accelerator_v1_0_S00_AXI_inst/U_WRAPPER/U_USER_APP/U_MEM_IN/memory_reg_0_0/ADDRBWRADDR[2] (net: part3_i/accelerator_0/U0/accelerator_v1_0_S00_AXI_inst/U_WRAPPER/U_USER_APP/U_MEM_IN/ADDRBWRADDR[2]) which is driven by a register (part3_i/accelerator_0/U0/accelerator_v1_0_S00_AXI_inst/U_WRAPPER/U_USER_APP/U_MEM_IN_ADDR_GEN/addr_s_reg[2]_rep) that has an active asychronous set or reset. This may cause corruption of the memory contents and/or read values when the set/reset is asserted and is not analyzed by the default static timing analysis. It is suggested to eliminate the use of a set/reset to registers driving this RAMB pin or else use a synchronous reset in which the assertion of the reset is timed by default.
Related violations: <none>

REQP-1839#9 Warning
RAMB36 async control check  
The RAMB36E1 part3_i/accelerator_0/U0/accelerator_v1_0_S00_AXI_inst/U_WRAPPER/U_USER_APP/U_MEM_IN/memory_reg_0_0 has an input control pin part3_i/accelerator_0/U0/accelerator_v1_0_S00_AXI_inst/U_WRAPPER/U_USER_APP/U_MEM_IN/memory_reg_0_0/ADDRBWRADDR[3] (net: part3_i/accelerator_0/U0/accelerator_v1_0_S00_AXI_inst/U_WRAPPER/U_USER_APP/U_MEM_IN/ADDRBWRADDR[3]) which is driven by a register (part3_i/accelerator_0/U0/accelerator_v1_0_S00_AXI_inst/U_WRAPPER/U_USER_APP/U_MEM_IN_ADDR_GEN/addr_s_reg[3]_rep) that has an active asychronous set or reset. This may cause corruption of the memory contents and/or read values when the set/reset is asserted and is not analyzed by the default static timing analysis. It is suggested to eliminate the use of a set/reset to registers driving this RAMB pin or else use a synchronous reset in which the assertion of the reset is timed by default.
Related violations: <none>

REQP-1839#10 Warning
RAMB36 async control check  
The RAMB36E1 part3_i/accelerator_0/U0/accelerator_v1_0_S00_AXI_inst/U_WRAPPER/U_USER_APP/U_MEM_IN/memory_reg_0_0 has an input control pin part3_i/accelerator_0/U0/accelerator_v1_0_S00_AXI_inst/U_WRAPPER/U_USER_APP/U_MEM_IN/memory_reg_0_0/ADDRBWRADDR[4] (net: part3_i/accelerator_0/U0/accelerator_v1_0_S00_AXI_inst/U_WRAPPER/U_USER_APP/U_MEM_IN/ADDRBWRADDR[4]) which is driven by a register (part3_i/accelerator_0/U0/accelerator_v1_0_S00_AXI_inst/U_WRAPPER/U_USER_APP/U_MEM_IN_ADDR_GEN/addr_s_reg[4]_rep) that has an active asychronous set or reset. This may cause corruption of the memory contents and/or read values when the set/reset is asserted and is not analyzed by the default static timing analysis. It is suggested to eliminate the use of a set/reset to registers driving this RAMB pin or else use a synchronous reset in which the assertion of the reset is timed by default.
Related violations: <none>

REQP-1839#11 Warning
RAMB36 async control check  
The RAMB36E1 part3_i/accelerator_0/U0/accelerator_v1_0_S00_AXI_inst/U_WRAPPER/U_USER_APP/U_MEM_IN/memory_reg_0_0 has an input control pin part3_i/accelerator_0/U0/accelerator_v1_0_S00_AXI_inst/U_WRAPPER/U_USER_APP/U_MEM_IN/memory_reg_0_0/ADDRBWRADDR[5] (net: part3_i/accelerator_0/U0/accelerator_v1_0_S00_AXI_inst/U_WRAPPER/U_USER_APP/U_MEM_IN/ADDRBWRADDR[5]) which is driven by a register (part3_i/accelerator_0/U0/accelerator_v1_0_S00_AXI_inst/U_WRAPPER/U_USER_APP/U_MEM_IN_ADDR_GEN/addr_s_reg[5]_rep) that has an active asychronous set or reset. This may cause corruption of the memory contents and/or read values when the set/reset is asserted and is not analyzed by the default static timing analysis. It is suggested to eliminate the use of a set/reset to registers driving this RAMB pin or else use a synchronous reset in which the assertion of the reset is timed by default.
Related violations: <none>

REQP-1839#12 Warning
RAMB36 async control check  
The RAMB36E1 part3_i/accelerator_0/U0/accelerator_v1_0_S00_AXI_inst/U_WRAPPER/U_USER_APP/U_MEM_IN/memory_reg_0_0 has an input control pin part3_i/accelerator_0/U0/accelerator_v1_0_S00_AXI_inst/U_WRAPPER/U_USER_APP/U_MEM_IN/memory_reg_0_0/ADDRBWRADDR[6] (net: part3_i/accelerator_0/U0/accelerator_v1_0_S00_AXI_inst/U_WRAPPER/U_USER_APP/U_MEM_IN/ADDRBWRADDR[6]) which is driven by a register (part3_i/accelerator_0/U0/accelerator_v1_0_S00_AXI_inst/U_WRAPPER/U_USER_APP/U_MEM_IN_ADDR_GEN/addr_s_reg[6]_rep) that has an active asychronous set or reset. This may cause corruption of the memory contents and/or read values when the set/reset is asserted and is not analyzed by the default static timing analysis. It is suggested to eliminate the use of a set/reset to registers driving this RAMB pin or else use a synchronous reset in which the assertion of the reset is timed by default.
Related violations: <none>

REQP-1839#13 Warning
RAMB36 async control check  
The RAMB36E1 part3_i/accelerator_0/U0/accelerator_v1_0_S00_AXI_inst/U_WRAPPER/U_USER_APP/U_MEM_IN/memory_reg_0_0 has an input control pin part3_i/accelerator_0/U0/accelerator_v1_0_S00_AXI_inst/U_WRAPPER/U_USER_APP/U_MEM_IN/memory_reg_0_0/ADDRBWRADDR[7] (net: part3_i/accelerator_0/U0/accelerator_v1_0_S00_AXI_inst/U_WRAPPER/U_USER_APP/U_MEM_IN/ADDRBWRADDR[7]) which is driven by a register (part3_i/accelerator_0/U0/accelerator_v1_0_S00_AXI_inst/U_WRAPPER/U_USER_APP/U_MEM_IN_ADDR_GEN/addr_s_reg[7]_rep) that has an active asychronous set or reset. This may cause corruption of the memory contents and/or read values when the set/reset is asserted and is not analyzed by the default static timing analysis. It is suggested to eliminate the use of a set/reset to registers driving this RAMB pin or else use a synchronous reset in which the assertion of the reset is timed by default.
Related violations: <none>

REQP-1839#14 Warning
RAMB36 async control check  
The RAMB36E1 part3_i/accelerator_0/U0/accelerator_v1_0_S00_AXI_inst/U_WRAPPER/U_USER_APP/U_MEM_IN/memory_reg_0_0 has an input control pin part3_i/accelerator_0/U0/accelerator_v1_0_S00_AXI_inst/U_WRAPPER/U_USER_APP/U_MEM_IN/memory_reg_0_0/ADDRBWRADDR[8] (net: part3_i/accelerator_0/U0/accelerator_v1_0_S00_AXI_inst/U_WRAPPER/U_USER_APP/U_MEM_IN/ADDRBWRADDR[8]) which is driven by a register (part3_i/accelerator_0/U0/accelerator_v1_0_S00_AXI_inst/U_WRAPPER/U_USER_APP/U_MEM_IN_ADDR_GEN/addr_s_reg[8]_rep) that has an active asychronous set or reset. This may cause corruption of the memory contents and/or read values when the set/reset is asserted and is not analyzed by the default static timing analysis. It is suggested to eliminate the use of a set/reset to registers driving this RAMB pin or else use a synchronous reset in which the assertion of the reset is timed by default.
Related violations: <none>

REQP-1839#15 Warning
RAMB36 async control check  
The RAMB36E1 part3_i/accelerator_0/U0/accelerator_v1_0_S00_AXI_inst/U_WRAPPER/U_USER_APP/U_MEM_IN/memory_reg_0_0 has an input control pin part3_i/accelerator_0/U0/accelerator_v1_0_S00_AXI_inst/U_WRAPPER/U_USER_APP/U_MEM_IN/memory_reg_0_0/ADDRBWRADDR[9] (net: part3_i/accelerator_0/U0/accelerator_v1_0_S00_AXI_inst/U_WRAPPER/U_USER_APP/U_MEM_IN/ADDRBWRADDR[9]) which is driven by a register (part3_i/accelerator_0/U0/accelerator_v1_0_S00_AXI_inst/U_WRAPPER/U_USER_APP/U_MEM_IN_ADDR_GEN/addr_s_reg[9]_rep) that has an active asychronous set or reset. This may cause corruption of the memory contents and/or read values when the set/reset is asserted and is not analyzed by the default static timing analysis. It is suggested to eliminate the use of a set/reset to registers driving this RAMB pin or else use a synchronous reset in which the assertion of the reset is timed by default.
Related violations: <none>

REQP-1839#16 Warning
RAMB36 async control check  
The RAMB36E1 part3_i/accelerator_0/U0/accelerator_v1_0_S00_AXI_inst/U_WRAPPER/U_USER_APP/U_MEM_IN/memory_reg_0_1 has an input control pin part3_i/accelerator_0/U0/accelerator_v1_0_S00_AXI_inst/U_WRAPPER/U_USER_APP/U_MEM_IN/memory_reg_0_1/ADDRBWRADDR[10] (net: part3_i/accelerator_0/U0/accelerator_v1_0_S00_AXI_inst/U_WRAPPER/U_USER_APP/U_MEM_IN/ADDRBWRADDR[10]) which is driven by a register (part3_i/accelerator_0/U0/accelerator_v1_0_S00_AXI_inst/U_WRAPPER/U_USER_APP/U_MEM_IN_ADDR_GEN/addr_s_reg[10]_rep) that has an active asychronous set or reset. This may cause corruption of the memory contents and/or read values when the set/reset is asserted and is not analyzed by the default static timing analysis. It is suggested to eliminate the use of a set/reset to registers driving this RAMB pin or else use a synchronous reset in which the assertion of the reset is timed by default.
Related violations: <none>

REQP-1839#17 Warning
RAMB36 async control check  
The RAMB36E1 part3_i/accelerator_0/U0/accelerator_v1_0_S00_AXI_inst/U_WRAPPER/U_USER_APP/U_MEM_IN/memory_reg_0_1 has an input control pin part3_i/accelerator_0/U0/accelerator_v1_0_S00_AXI_inst/U_WRAPPER/U_USER_APP/U_MEM_IN/memory_reg_0_1/ADDRBWRADDR[11] (net: part3_i/accelerator_0/U0/accelerator_v1_0_S00_AXI_inst/U_WRAPPER/U_USER_APP/U_MEM_IN/ADDRBWRADDR[11]) which is driven by a register (part3_i/accelerator_0/U0/accelerator_v1_0_S00_AXI_inst/U_WRAPPER/U_USER_APP/U_MEM_IN_ADDR_GEN/addr_s_reg[11]_rep) that has an active asychronous set or reset. This may cause corruption of the memory contents and/or read values when the set/reset is asserted and is not analyzed by the default static timing analysis. It is suggested to eliminate the use of a set/reset to registers driving this RAMB pin or else use a synchronous reset in which the assertion of the reset is timed by default.
Related violations: <none>

REQP-1839#18 Warning
RAMB36 async control check  
The RAMB36E1 part3_i/accelerator_0/U0/accelerator_v1_0_S00_AXI_inst/U_WRAPPER/U_USER_APP/U_MEM_IN/memory_reg_0_1 has an input control pin part3_i/accelerator_0/U0/accelerator_v1_0_S00_AXI_inst/U_WRAPPER/U_USER_APP/U_MEM_IN/memory_reg_0_1/ADDRBWRADDR[12] (net: part3_i/accelerator_0/U0/accelerator_v1_0_S00_AXI_inst/U_WRAPPER/U_USER_APP/U_MEM_IN/ADDRBWRADDR[12]) which is driven by a register (part3_i/accelerator_0/U0/accelerator_v1_0_S00_AXI_inst/U_WRAPPER/U_USER_APP/U_MEM_IN_ADDR_GEN/addr_s_reg[12]_rep) that has an active asychronous set or reset. This may cause corruption of the memory contents and/or read values when the set/reset is asserted and is not analyzed by the default static timing analysis. It is suggested to eliminate the use of a set/reset to registers driving this RAMB pin or else use a synchronous reset in which the assertion of the reset is timed by default.
Related violations: <none>

REQP-1839#19 Warning
RAMB36 async control check  
The RAMB36E1 part3_i/accelerator_0/U0/accelerator_v1_0_S00_AXI_inst/U_WRAPPER/U_USER_APP/U_MEM_IN/memory_reg_0_1 has an input control pin part3_i/accelerator_0/U0/accelerator_v1_0_S00_AXI_inst/U_WRAPPER/U_USER_APP/U_MEM_IN/memory_reg_0_1/ADDRBWRADDR[13] (net: part3_i/accelerator_0/U0/accelerator_v1_0_S00_AXI_inst/U_WRAPPER/U_USER_APP/U_MEM_IN/ADDRBWRADDR[13]) which is driven by a register (part3_i/accelerator_0/U0/accelerator_v1_0_S00_AXI_inst/U_WRAPPER/U_USER_APP/U_MEM_IN_ADDR_GEN/addr_s_reg[13]_rep) that has an active asychronous set or reset. This may cause corruption of the memory contents and/or read values when the set/reset is asserted and is not analyzed by the default static timing analysis. It is suggested to eliminate the use of a set/reset to registers driving this RAMB pin or else use a synchronous reset in which the assertion of the reset is timed by default.
Related violations: <none>

REQP-1839#20 Warning
RAMB36 async control check  
The RAMB36E1 part3_i/accelerator_0/U0/accelerator_v1_0_S00_AXI_inst/U_WRAPPER/U_USER_APP/U_MEM_IN/memory_reg_0_1 has an input control pin part3_i/accelerator_0/U0/accelerator_v1_0_S00_AXI_inst/U_WRAPPER/U_USER_APP/U_MEM_IN/memory_reg_0_1/ADDRBWRADDR[14] (net: part3_i/accelerator_0/U0/accelerator_v1_0_S00_AXI_inst/U_WRAPPER/U_USER_APP/U_MEM_IN/ADDRBWRADDR[14]) which is driven by a register (part3_i/accelerator_0/U0/accelerator_v1_0_S00_AXI_inst/U_WRAPPER/U_USER_APP/U_MEM_IN_ADDR_GEN/addr_s_reg[14]_rep) that has an active asychronous set or reset. This may cause corruption of the memory contents and/or read values when the set/reset is asserted and is not analyzed by the default static timing analysis. It is suggested to eliminate the use of a set/reset to registers driving this RAMB pin or else use a synchronous reset in which the assertion of the reset is timed by default.
Related violations: <none>

REQP-1840#1 Warning
RAMB18 async control check  
The RAMB18E1 part3_i/accelerator_0/U0/accelerator_v1_0_S00_AXI_inst/U_WRAPPER/U_USER_APP/U_MEM_IN_FIFO/U_FIFO_32/U0/inst_fifo_gen/gconvfifo.rf/grf.rf/gntv_or_sync_fifo.mem/gbm.gbmg.gbmga.ngecc.bmg/inst_blk_mem_gen/gnbram.gnativebmg.native_blk_mem_gen/valid.cstr/ramloop[0].ram.r/prim_noinit.ram/DEVICE_7SERIES.NO_BMM_INFO.SDP.WIDE_PRIM18.ram has an input control pin part3_i/accelerator_0/U0/accelerator_v1_0_S00_AXI_inst/U_WRAPPER/U_USER_APP/U_MEM_IN_FIFO/U_FIFO_32/U0/inst_fifo_gen/gconvfifo.rf/grf.rf/gntv_or_sync_fifo.mem/gbm.gbmg.gbmga.ngecc.bmg/inst_blk_mem_gen/gnbram.gnativebmg.native_blk_mem_gen/valid.cstr/ramloop[0].ram.r/prim_noinit.ram/DEVICE_7SERIES.NO_BMM_INFO.SDP.WIDE_PRIM18.ram/ENBWREN (net: part3_i/accelerator_0/U0/accelerator_v1_0_S00_AXI_inst/U_WRAPPER/U_USER_APP/U_MEM_IN_FIFO/U_FIFO_32/U0/inst_fifo_gen/gconvfifo.rf/grf.rf/gntv_or_sync_fifo.mem/gbm.gbmg.gbmga.ngecc.bmg/inst_blk_mem_gen/gnbram.gnativebmg.native_blk_mem_gen/valid.cstr/ramloop[0].ram.r/prim_noinit.ram/ENA_I) which is driven by a register (part3_i/accelerator_0/U0/accelerator_v1_0_S00_AXI_inst/U_WRAPPER/U_USER_APP/U_DELAY/U_CYCLES_GT_0.regs_reg[0][0]) that has an active asychronous set or reset. This may cause corruption of the memory contents and/or read values when the set/reset is asserted and is not analyzed by the default static timing analysis. It is suggested to eliminate the use of a set/reset to registers driving this RAMB pin or else use a synchronous reset in which the assertion of the reset is timed by default.
Related violations: <none>

REQP-1840#2 Warning
RAMB18 async control check  
The RAMB18E1 part3_i/accelerator_0/U0/accelerator_v1_0_S00_AXI_inst/U_WRAPPER/U_USER_APP/U_MEM_IN_FIFO/U_FIFO_32/U0/inst_fifo_gen/gconvfifo.rf/grf.rf/gntv_or_sync_fifo.mem/gbm.gbmg.gbmga.ngecc.bmg/inst_blk_mem_gen/gnbram.gnativebmg.native_blk_mem_gen/valid.cstr/ramloop[0].ram.r/prim_noinit.ram/DEVICE_7SERIES.NO_BMM_INFO.SDP.WIDE_PRIM18.ram has an input control pin part3_i/accelerator_0/U0/accelerator_v1_0_S00_AXI_inst/U_WRAPPER/U_USER_APP/U_MEM_IN_FIFO/U_FIFO_32/U0/inst_fifo_gen/gconvfifo.rf/grf.rf/gntv_or_sync_fifo.mem/gbm.gbmg.gbmga.ngecc.bmg/inst_blk_mem_gen/gnbram.gnativebmg.native_blk_mem_gen/valid.cstr/ramloop[0].ram.r/prim_noinit.ram/DEVICE_7SERIES.NO_BMM_INFO.SDP.WIDE_PRIM18.ram/WEBWE[0] (net: part3_i/accelerator_0/U0/accelerator_v1_0_S00_AXI_inst/U_WRAPPER/U_USER_APP/U_MEM_IN_FIFO/U_FIFO_32/U0/inst_fifo_gen/gconvfifo.rf/grf.rf/gntv_or_sync_fifo.mem/gbm.gbmg.gbmga.ngecc.bmg/inst_blk_mem_gen/gnbram.gnativebmg.native_blk_mem_gen/valid.cstr/ramloop[0].ram.r/prim_noinit.ram/E[0]) which is driven by a register (part3_i/accelerator_0/U0/accelerator_v1_0_S00_AXI_inst/U_WRAPPER/U_USER_APP/U_DELAY/U_CYCLES_GT_0.regs_reg[0][0]) that has an active asychronous set or reset. This may cause corruption of the memory contents and/or read values when the set/reset is asserted and is not analyzed by the default static timing analysis. It is suggested to eliminate the use of a set/reset to registers driving this RAMB pin or else use a synchronous reset in which the assertion of the reset is timed by default.
Related violations: <none>

REQP-1840#3 Warning
RAMB18 async control check  
The RAMB18E1 part3_i/accelerator_0/U0/accelerator_v1_0_S00_AXI_inst/U_WRAPPER/U_USER_APP/U_MEM_IN_FIFO/U_FIFO_32/U0/inst_fifo_gen/gconvfifo.rf/grf.rf/gntv_or_sync_fifo.mem/gbm.gbmg.gbmga.ngecc.bmg/inst_blk_mem_gen/gnbram.gnativebmg.native_blk_mem_gen/valid.cstr/ramloop[0].ram.r/prim_noinit.ram/DEVICE_7SERIES.NO_BMM_INFO.SDP.WIDE_PRIM18.ram has an input control pin part3_i/accelerator_0/U0/accelerator_v1_0_S00_AXI_inst/U_WRAPPER/U_USER_APP/U_MEM_IN_FIFO/U_FIFO_32/U0/inst_fifo_gen/gconvfifo.rf/grf.rf/gntv_or_sync_fifo.mem/gbm.gbmg.gbmga.ngecc.bmg/inst_blk_mem_gen/gnbram.gnativebmg.native_blk_mem_gen/valid.cstr/ramloop[0].ram.r/prim_noinit.ram/DEVICE_7SERIES.NO_BMM_INFO.SDP.WIDE_PRIM18.ram/WEBWE[1] (net: part3_i/accelerator_0/U0/accelerator_v1_0_S00_AXI_inst/U_WRAPPER/U_USER_APP/U_MEM_IN_FIFO/U_FIFO_32/U0/inst_fifo_gen/gconvfifo.rf/grf.rf/gntv_or_sync_fifo.mem/gbm.gbmg.gbmga.ngecc.bmg/inst_blk_mem_gen/gnbram.gnativebmg.native_blk_mem_gen/valid.cstr/ramloop[0].ram.r/prim_noinit.ram/E[0]) which is driven by a register (part3_i/accelerator_0/U0/accelerator_v1_0_S00_AXI_inst/U_WRAPPER/U_USER_APP/U_DELAY/U_CYCLES_GT_0.regs_reg[0][0]) that has an active asychronous set or reset. This may cause corruption of the memory contents and/or read values when the set/reset is asserted and is not analyzed by the default static timing analysis. It is suggested to eliminate the use of a set/reset to registers driving this RAMB pin or else use a synchronous reset in which the assertion of the reset is timed by default.
Related violations: <none>

REQP-1840#4 Warning
RAMB18 async control check  
The RAMB18E1 part3_i/accelerator_0/U0/accelerator_v1_0_S00_AXI_inst/U_WRAPPER/U_USER_APP/U_MEM_IN_FIFO/U_FIFO_32/U0/inst_fifo_gen/gconvfifo.rf/grf.rf/gntv_or_sync_fifo.mem/gbm.gbmg.gbmga.ngecc.bmg/inst_blk_mem_gen/gnbram.gnativebmg.native_blk_mem_gen/valid.cstr/ramloop[0].ram.r/prim_noinit.ram/DEVICE_7SERIES.NO_BMM_INFO.SDP.WIDE_PRIM18.ram has an input control pin part3_i/accelerator_0/U0/accelerator_v1_0_S00_AXI_inst/U_WRAPPER/U_USER_APP/U_MEM_IN_FIFO/U_FIFO_32/U0/inst_fifo_gen/gconvfifo.rf/grf.rf/gntv_or_sync_fifo.mem/gbm.gbmg.gbmga.ngecc.bmg/inst_blk_mem_gen/gnbram.gnativebmg.native_blk_mem_gen/valid.cstr/ramloop[0].ram.r/prim_noinit.ram/DEVICE_7SERIES.NO_BMM_INFO.SDP.WIDE_PRIM18.ram/WEBWE[2] (net: part3_i/accelerator_0/U0/accelerator_v1_0_S00_AXI_inst/U_WRAPPER/U_USER_APP/U_MEM_IN_FIFO/U_FIFO_32/U0/inst_fifo_gen/gconvfifo.rf/grf.rf/gntv_or_sync_fifo.mem/gbm.gbmg.gbmga.ngecc.bmg/inst_blk_mem_gen/gnbram.gnativebmg.native_blk_mem_gen/valid.cstr/ramloop[0].ram.r/prim_noinit.ram/E[0]) which is driven by a register (part3_i/accelerator_0/U0/accelerator_v1_0_S00_AXI_inst/U_WRAPPER/U_USER_APP/U_DELAY/U_CYCLES_GT_0.regs_reg[0][0]) that has an active asychronous set or reset. This may cause corruption of the memory contents and/or read values when the set/reset is asserted and is not analyzed by the default static timing analysis. It is suggested to eliminate the use of a set/reset to registers driving this RAMB pin or else use a synchronous reset in which the assertion of the reset is timed by default.
Related violations: <none>

REQP-1840#5 Warning
RAMB18 async control check  
The RAMB18E1 part3_i/accelerator_0/U0/accelerator_v1_0_S00_AXI_inst/U_WRAPPER/U_USER_APP/U_MEM_IN_FIFO/U_FIFO_32/U0/inst_fifo_gen/gconvfifo.rf/grf.rf/gntv_or_sync_fifo.mem/gbm.gbmg.gbmga.ngecc.bmg/inst_blk_mem_gen/gnbram.gnativebmg.native_blk_mem_gen/valid.cstr/ramloop[0].ram.r/prim_noinit.ram/DEVICE_7SERIES.NO_BMM_INFO.SDP.WIDE_PRIM18.ram has an input control pin part3_i/accelerator_0/U0/accelerator_v1_0_S00_AXI_inst/U_WRAPPER/U_USER_APP/U_MEM_IN_FIFO/U_FIFO_32/U0/inst_fifo_gen/gconvfifo.rf/grf.rf/gntv_or_sync_fifo.mem/gbm.gbmg.gbmga.ngecc.bmg/inst_blk_mem_gen/gnbram.gnativebmg.native_blk_mem_gen/valid.cstr/ramloop[0].ram.r/prim_noinit.ram/DEVICE_7SERIES.NO_BMM_INFO.SDP.WIDE_PRIM18.ram/WEBWE[3] (net: part3_i/accelerator_0/U0/accelerator_v1_0_S00_AXI_inst/U_WRAPPER/U_USER_APP/U_MEM_IN_FIFO/U_FIFO_32/U0/inst_fifo_gen/gconvfifo.rf/grf.rf/gntv_or_sync_fifo.mem/gbm.gbmg.gbmga.ngecc.bmg/inst_blk_mem_gen/gnbram.gnativebmg.native_blk_mem_gen/valid.cstr/ramloop[0].ram.r/prim_noinit.ram/E[0]) which is driven by a register (part3_i/accelerator_0/U0/accelerator_v1_0_S00_AXI_inst/U_WRAPPER/U_USER_APP/U_DELAY/U_CYCLES_GT_0.regs_reg[0][0]) that has an active asychronous set or reset. This may cause corruption of the memory contents and/or read values when the set/reset is asserted and is not analyzed by the default static timing analysis. It is suggested to eliminate the use of a set/reset to registers driving this RAMB pin or else use a synchronous reset in which the assertion of the reset is timed by default.
Related violations: <none>

REQP-1840#6 Warning
RAMB18 async control check  
The RAMB18E1 part3_i/accelerator_0/U0/accelerator_v1_0_S00_AXI_inst/U_WRAPPER/U_USER_APP/U_MEM_OUT_FIFO/U_FIFO_17/U0/inst_fifo_gen/gconvfifo.rf/grf.rf/gntv_or_sync_fifo.mem/gbm.gbmg.gbmga.ngecc.bmg/inst_blk_mem_gen/gnbram.gnativebmg.native_blk_mem_gen/valid.cstr/ramloop[0].ram.r/prim_noinit.ram/DEVICE_7SERIES.NO_BMM_INFO.SDP.WIDE_PRIM18.ram has an input control pin part3_i/accelerator_0/U0/accelerator_v1_0_S00_AXI_inst/U_WRAPPER/U_USER_APP/U_MEM_OUT_FIFO/U_FIFO_17/U0/inst_fifo_gen/gconvfifo.rf/grf.rf/gntv_or_sync_fifo.mem/gbm.gbmg.gbmga.ngecc.bmg/inst_blk_mem_gen/gnbram.gnativebmg.native_blk_mem_gen/valid.cstr/ramloop[0].ram.r/prim_noinit.ram/DEVICE_7SERIES.NO_BMM_INFO.SDP.WIDE_PRIM18.ram/ENBWREN (net: part3_i/accelerator_0/U0/accelerator_v1_0_S00_AXI_inst/U_WRAPPER/U_USER_APP/U_MEM_OUT_FIFO/U_FIFO_17/U0/inst_fifo_gen/gconvfifo.rf/grf.rf/gntv_or_sync_fifo.mem/gbm.gbmg.gbmga.ngecc.bmg/inst_blk_mem_gen/gnbram.gnativebmg.native_blk_mem_gen/valid.cstr/ramloop[0].ram.r/prim_noinit.ram/ENA_I) which is driven by a register (part3_i/accelerator_0/U0/accelerator_v1_0_S00_AXI_inst/U_WRAPPER/U_USER_APP/U_DATAPATH/U_DELAY/U_CYCLES_GT_0.regs_reg[2][0]) that has an active asychronous set or reset. This may cause corruption of the memory contents and/or read values when the set/reset is asserted and is not analyzed by the default static timing analysis. It is suggested to eliminate the use of a set/reset to registers driving this RAMB pin or else use a synchronous reset in which the assertion of the reset is timed by default.
Related violations: <none>

REQP-1840#7 Warning
RAMB18 async control check  
The RAMB18E1 part3_i/accelerator_0/U0/accelerator_v1_0_S00_AXI_inst/U_WRAPPER/U_USER_APP/U_MEM_OUT_FIFO/U_FIFO_17/U0/inst_fifo_gen/gconvfifo.rf/grf.rf/gntv_or_sync_fifo.mem/gbm.gbmg.gbmga.ngecc.bmg/inst_blk_mem_gen/gnbram.gnativebmg.native_blk_mem_gen/valid.cstr/ramloop[0].ram.r/prim_noinit.ram/DEVICE_7SERIES.NO_BMM_INFO.SDP.WIDE_PRIM18.ram has an input control pin part3_i/accelerator_0/U0/accelerator_v1_0_S00_AXI_inst/U_WRAPPER/U_USER_APP/U_MEM_OUT_FIFO/U_FIFO_17/U0/inst_fifo_gen/gconvfifo.rf/grf.rf/gntv_or_sync_fifo.mem/gbm.gbmg.gbmga.ngecc.bmg/inst_blk_mem_gen/gnbram.gnativebmg.native_blk_mem_gen/valid.cstr/ramloop[0].ram.r/prim_noinit.ram/DEVICE_7SERIES.NO_BMM_INFO.SDP.WIDE_PRIM18.ram/WEBWE[0] (net: part3_i/accelerator_0/U0/accelerator_v1_0_S00_AXI_inst/U_WRAPPER/U_USER_APP/U_MEM_OUT_FIFO/U_FIFO_17/U0/inst_fifo_gen/gconvfifo.rf/grf.rf/gntv_or_sync_fifo.mem/gbm.gbmg.gbmga.ngecc.bmg/inst_blk_mem_gen/gnbram.gnativebmg.native_blk_mem_gen/valid.cstr/ramloop[0].ram.r/prim_noinit.ram/E[0]) which is driven by a register (part3_i/accelerator_0/U0/accelerator_v1_0_S00_AXI_inst/U_WRAPPER/U_USER_APP/U_DATAPATH/U_DELAY/U_CYCLES_GT_0.regs_reg[2][0]) that has an active asychronous set or reset. This may cause corruption of the memory contents and/or read values when the set/reset is asserted and is not analyzed by the default static timing analysis. It is suggested to eliminate the use of a set/reset to registers driving this RAMB pin or else use a synchronous reset in which the assertion of the reset is timed by default.
Related violations: <none>

REQP-1840#8 Warning
RAMB18 async control check  
The RAMB18E1 part3_i/accelerator_0/U0/accelerator_v1_0_S00_AXI_inst/U_WRAPPER/U_USER_APP/U_MEM_OUT_FIFO/U_FIFO_17/U0/inst_fifo_gen/gconvfifo.rf/grf.rf/gntv_or_sync_fifo.mem/gbm.gbmg.gbmga.ngecc.bmg/inst_blk_mem_gen/gnbram.gnativebmg.native_blk_mem_gen/valid.cstr/ramloop[0].ram.r/prim_noinit.ram/DEVICE_7SERIES.NO_BMM_INFO.SDP.WIDE_PRIM18.ram has an input control pin part3_i/accelerator_0/U0/accelerator_v1_0_S00_AXI_inst/U_WRAPPER/U_USER_APP/U_MEM_OUT_FIFO/U_FIFO_17/U0/inst_fifo_gen/gconvfifo.rf/grf.rf/gntv_or_sync_fifo.mem/gbm.gbmg.gbmga.ngecc.bmg/inst_blk_mem_gen/gnbram.gnativebmg.native_blk_mem_gen/valid.cstr/ramloop[0].ram.r/prim_noinit.ram/DEVICE_7SERIES.NO_BMM_INFO.SDP.WIDE_PRIM18.ram/WEBWE[1] (net: part3_i/accelerator_0/U0/accelerator_v1_0_S00_AXI_inst/U_WRAPPER/U_USER_APP/U_MEM_OUT_FIFO/U_FIFO_17/U0/inst_fifo_gen/gconvfifo.rf/grf.rf/gntv_or_sync_fifo.mem/gbm.gbmg.gbmga.ngecc.bmg/inst_blk_mem_gen/gnbram.gnativebmg.native_blk_mem_gen/valid.cstr/ramloop[0].ram.r/prim_noinit.ram/E[0]) which is driven by a register (part3_i/accelerator_0/U0/accelerator_v1_0_S00_AXI_inst/U_WRAPPER/U_USER_APP/U_DATAPATH/U_DELAY/U_CYCLES_GT_0.regs_reg[2][0]) that has an active asychronous set or reset. This may cause corruption of the memory contents and/or read values when the set/reset is asserted and is not analyzed by the default static timing analysis. It is suggested to eliminate the use of a set/reset to registers driving this RAMB pin or else use a synchronous reset in which the assertion of the reset is timed by default.
Related violations: <none>

REQP-1840#9 Warning
RAMB18 async control check  
The RAMB18E1 part3_i/accelerator_0/U0/accelerator_v1_0_S00_AXI_inst/U_WRAPPER/U_USER_APP/U_MEM_OUT_FIFO/U_FIFO_17/U0/inst_fifo_gen/gconvfifo.rf/grf.rf/gntv_or_sync_fifo.mem/gbm.gbmg.gbmga.ngecc.bmg/inst_blk_mem_gen/gnbram.gnativebmg.native_blk_mem_gen/valid.cstr/ramloop[0].ram.r/prim_noinit.ram/DEVICE_7SERIES.NO_BMM_INFO.SDP.WIDE_PRIM18.ram has an input control pin part3_i/accelerator_0/U0/accelerator_v1_0_S00_AXI_inst/U_WRAPPER/U_USER_APP/U_MEM_OUT_FIFO/U_FIFO_17/U0/inst_fifo_gen/gconvfifo.rf/grf.rf/gntv_or_sync_fifo.mem/gbm.gbmg.gbmga.ngecc.bmg/inst_blk_mem_gen/gnbram.gnativebmg.native_blk_mem_gen/valid.cstr/ramloop[0].ram.r/prim_noinit.ram/DEVICE_7SERIES.NO_BMM_INFO.SDP.WIDE_PRIM18.ram/WEBWE[2] (net: part3_i/accelerator_0/U0/accelerator_v1_0_S00_AXI_inst/U_WRAPPER/U_USER_APP/U_MEM_OUT_FIFO/U_FIFO_17/U0/inst_fifo_gen/gconvfifo.rf/grf.rf/gntv_or_sync_fifo.mem/gbm.gbmg.gbmga.ngecc.bmg/inst_blk_mem_gen/gnbram.gnativebmg.native_blk_mem_gen/valid.cstr/ramloop[0].ram.r/prim_noinit.ram/E[0]) which is driven by a register (part3_i/accelerator_0/U0/accelerator_v1_0_S00_AXI_inst/U_WRAPPER/U_USER_APP/U_DATAPATH/U_DELAY/U_CYCLES_GT_0.regs_reg[2][0]) that has an active asychronous set or reset. This may cause corruption of the memory contents and/or read values when the set/reset is asserted and is not analyzed by the default static timing analysis. It is suggested to eliminate the use of a set/reset to registers driving this RAMB pin or else use a synchronous reset in which the assertion of the reset is timed by default.
Related violations: <none>

REQP-1840#10 Warning
RAMB18 async control check  
The RAMB18E1 part3_i/accelerator_0/U0/accelerator_v1_0_S00_AXI_inst/U_WRAPPER/U_USER_APP/U_MEM_OUT_FIFO/U_FIFO_17/U0/inst_fifo_gen/gconvfifo.rf/grf.rf/gntv_or_sync_fifo.mem/gbm.gbmg.gbmga.ngecc.bmg/inst_blk_mem_gen/gnbram.gnativebmg.native_blk_mem_gen/valid.cstr/ramloop[0].ram.r/prim_noinit.ram/DEVICE_7SERIES.NO_BMM_INFO.SDP.WIDE_PRIM18.ram has an input control pin part3_i/accelerator_0/U0/accelerator_v1_0_S00_AXI_inst/U_WRAPPER/U_USER_APP/U_MEM_OUT_FIFO/U_FIFO_17/U0/inst_fifo_gen/gconvfifo.rf/grf.rf/gntv_or_sync_fifo.mem/gbm.gbmg.gbmga.ngecc.bmg/inst_blk_mem_gen/gnbram.gnativebmg.native_blk_mem_gen/valid.cstr/ramloop[0].ram.r/prim_noinit.ram/DEVICE_7SERIES.NO_BMM_INFO.SDP.WIDE_PRIM18.ram/WEBWE[3] (net: part3_i/accelerator_0/U0/accelerator_v1_0_S00_AXI_inst/U_WRAPPER/U_USER_APP/U_MEM_OUT_FIFO/U_FIFO_17/U0/inst_fifo_gen/gconvfifo.rf/grf.rf/gntv_or_sync_fifo.mem/gbm.gbmg.gbmga.ngecc.bmg/inst_blk_mem_gen/gnbram.gnativebmg.native_blk_mem_gen/valid.cstr/ramloop[0].ram.r/prim_noinit.ram/E[0]) which is driven by a register (part3_i/accelerator_0/U0/accelerator_v1_0_S00_AXI_inst/U_WRAPPER/U_USER_APP/U_DATAPATH/U_DELAY/U_CYCLES_GT_0.regs_reg[2][0]) that has an active asychronous set or reset. This may cause corruption of the memory contents and/or read values when the set/reset is asserted and is not analyzed by the default static timing analysis. It is suggested to eliminate the use of a set/reset to registers driving this RAMB pin or else use a synchronous reset in which the assertion of the reset is timed by default.
Related violations: <none>


