Copyright 1986-2021 Xilinx, Inc. All Rights Reserved.
------------------------------------------------------------------------------------
| Tool Version : Vivado v.2021.1 (win64) Build 3247384 Thu Jun 10 19:36:33 MDT 2021
| Date         : Mon Dec  6 11:28:36 2021
| Host         : DESKTOP-UNKKMEU running 64-bit major release  (build 9200)
| Command      : upgrade_ip
| Device       : xc7z020clg484-1
------------------------------------------------------------------------------------

Upgrade Log for IP 'block_design_accelerator_0_0'

1. Summary
----------

SUCCESS in the upgrade of block_design_accelerator_0_0 (ufl.edu:user:accelerator:1.0) from (Rev. 9) to (Rev. 10)






Copyright 1986-2021 Xilinx, Inc. All Rights Reserved.
------------------------------------------------------------------------------------
| Tool Version : Vivado v.2021.1 (win64) Build 3247384 Thu Jun 10 19:36:33 MDT 2021
| Date         : Wed Dec  1 11:11:41 2021
| Host         : DESKTOP-UNKKMEU running 64-bit major release  (build 9200)
| Command      : upgrade_ip
| Device       : xc7z020clg484-1
------------------------------------------------------------------------------------

Upgrade Log for IP 'block_design_accelerator_0_0'

1. Summary
----------

CAUTION (success, with warnings) in the upgrade of block_design_accelerator_0_0 (ufl.edu:user:accelerator:1.0) from (Rev. 7) to (Rev. 9)

After upgrade, an IP may have parameter and port differences compared to the original customization. Please review the parameters within the IP customization GUI to ensure proper functionality. Also, please review the updated IP instantiation template to ensure proper connectivity, and update your design if required.

2. Connection Warnings
----------------------

Detected external port differences while upgrading 'block_design_accelerator_0_0'. These changes may impact your design.


-Upgraded port order differs after port 's00_axi_aclk'







Copyright 1986-2021 Xilinx, Inc. All Rights Reserved.
------------------------------------------------------------------------------------
| Tool Version : Vivado v.2021.1 (win64) Build 3247384 Thu Jun 10 19:36:33 MDT 2021
| Date         : Wed Dec  1 10:53:28 2021
| Host         : DESKTOP-UNKKMEU running 64-bit major release  (build 9200)
| Command      : upgrade_ip
| Device       : xc7z020clg484-1
------------------------------------------------------------------------------------

Upgrade Log for IP 'block_design_accelerator_0_0'

1. Summary
----------

SUCCESS in the upgrade of block_design_accelerator_0_0 (ufl.edu:user:accelerator:1.0) from (Rev. 6) to (Rev. 7)






Copyright 1986-2021 Xilinx, Inc. All Rights Reserved.
------------------------------------------------------------------------------------
| Tool Version : Vivado v.2021.1 (win64) Build 3247384 Thu Jun 10 19:36:33 MDT 2021
| Date         : Tue Nov 30 09:53:12 2021
| Host         : DESKTOP-UNKKMEU running 64-bit major release  (build 9200)
| Command      : upgrade_ip
| Device       : xc7z020clg484-1
------------------------------------------------------------------------------------

Upgrade Log for IP 'block_design_accelerator_0_0'

1. Summary
----------

SUCCESS in the upgrade of block_design_accelerator_0_0 (ufl.edu:user:accelerator:1.0) from (Rev. 5) to (Rev. 6)






Copyright 1986-2021 Xilinx, Inc. All Rights Reserved.
------------------------------------------------------------------------------------
| Tool Version : Vivado v.2021.1 (win64) Build 3247384 Thu Jun 10 19:36:33 MDT 2021
| Date         : Tue Nov 30 09:44:25 2021
| Host         : DESKTOP-UNKKMEU running 64-bit major release  (build 9200)
| Command      : upgrade_ip
| Device       : xc7z020clg484-1
------------------------------------------------------------------------------------

Upgrade Log for IP 'block_design_accelerator_0_0'

1. Summary
----------

SUCCESS in the upgrade of block_design_accelerator_0_0 (ufl.edu:user:accelerator:1.0) from (Rev. 4) to (Rev. 5)






Copyright 1986-2021 Xilinx, Inc. All Rights Reserved.
------------------------------------------------------------------------------------
| Tool Version : Vivado v.2021.1 (win64) Build 3247384 Thu Jun 10 19:36:33 MDT 2021
| Date         : Tue Nov 30 09:32:56 2021
| Host         : DESKTOP-UNKKMEU running 64-bit major release  (build 9200)
| Command      : upgrade_ip
| Device       : xc7z020clg484-1
------------------------------------------------------------------------------------

Upgrade Log for IP 'block_design_accelerator_0_0'

1. Summary
----------

SUCCESS in the upgrade of block_design_accelerator_0_0 (ufl.edu:user:accelerator:1.0) from (Rev. 3) to (Rev. 4)






Copyright 1986-2021 Xilinx, Inc. All Rights Reserved.
------------------------------------------------------------------------------------
| Tool Version : Vivado v.2021.1 (win64) Build 3247384 Thu Jun 10 19:36:33 MDT 2021
| Date         : Mon Nov 29 12:37:02 2021
| Host         : DESKTOP-UNKKMEU running 64-bit major release  (build 9200)
| Command      : upgrade_ip
| Device       : xc7z020clg484-1
------------------------------------------------------------------------------------

Upgrade Log for IP 'block_design_accelerator_0_0'

1. Summary
----------

SUCCESS in the upgrade of block_design_accelerator_0_0 (ufl.edu:user:accelerator:1.0) from (Rev. 2) to (Rev. 3)






Copyright 1986-2021 Xilinx, Inc. All Rights Reserved.
------------------------------------------------------------------------------------
| Tool Version : Vivado v.2021.1 (win64) Build 3247384 Thu Jun 10 19:36:33 MDT 2021
| Date         : Mon Nov 29 10:35:40 2021
| Host         : DESKTOP-UNKKMEU running 64-bit major release  (build 9200)
| Command      : upgrade_ip
| Device       : xc7z020clg484-1
------------------------------------------------------------------------------------

Upgrade Log for IP 'block_design_accelerator_0_0'

1. Summary
----------

SUCCESS in the upgrade of block_design_accelerator_0_0 (ufl.edu:user:accelerator:1.0) from (Rev. 1) to (Rev. 2)

