Copyright 1986-2021 Xilinx, Inc. All Rights Reserved.
------------------------------------------------------------------------------------------------------------------------------------------------------
| Tool Version : Vivado v.2021.1 (win64) Build 3247384 Thu Jun 10 19:36:33 MDT 2021
| Date         : Mon Nov 29 12:40:41 2021
| Host         : DESKTOP-UNKKMEU running 64-bit major release  (build 9200)
| Command      : report_drc -file block_design_wrapper_drc_routed.rpt -pb block_design_wrapper_drc_routed.pb -rpx block_design_wrapper_drc_routed.rpx
| Design       : block_design_wrapper
| Device       : xc7z020clg484-1
| Speed File   : -1
| Design State : Fully Routed
------------------------------------------------------------------------------------------------------------------------------------------------------

Report DRC

Table of Contents
-----------------
1. REPORT SUMMARY
2. REPORT DETAILS

1. REPORT SUMMARY
-----------------
            Netlist: netlist
          Floorplan: design_1
      Design limits: <entire design considered>
           Ruledeck: default
             Max violations: <unlimited>
             Violations found: 44
+-----------+----------+----------------------------+------------+
| Rule      | Severity | Description                | Violations |
+-----------+----------+----------------------------+------------+
| CHECK-3   | Warning  | Report rule limit reached  | 2          |
| PDCN-1569 | Warning  | LUT equation term check    | 1          |
| REQP-1839 | Warning  | RAMB36 async control check | 20         |
| REQP-1840 | Warning  | RAMB18 async control check | 20         |
| RTSTAT-10 | Warning  | No routable loads          | 1          |
+-----------+----------+----------------------------+------------+

2. REPORT DETAILS
-----------------
CHECK-3#1 Warning
Report rule limit reached  
REQP-1839 rule limit reached: 20 violations have been found.
Related violations: <none>

CHECK-3#2 Warning
Report rule limit reached  
REQP-1840 rule limit reached: 20 violations have been found.
Related violations: <none>

PDCN-1569#1 Warning
LUT equation term check  
Used physical LUT pin 'A1' of cell block_design_i/accelerator_0/U0/accelerator_v1_0_S00_AXI_inst/U_WRAPPER/U_DRAM0_RD_CUST/U_FIFO/U_FIFO_CUSTOM/U0/inst_fifo_gen/gconvfifo.rf/grf.rf/gntv_or_sync_fifo.gl0.rd/gr1.gr1_int.rfwft/gpregsm1.user_valid_i_1 (pin block_design_i/accelerator_0/U0/accelerator_v1_0_S00_AXI_inst/U_WRAPPER/U_DRAM0_RD_CUST/U_FIFO/U_FIFO_CUSTOM/U0/inst_fifo_gen/gconvfifo.rf/grf.rf/gntv_or_sync_fifo.gl0.rd/gr1.gr1_int.rfwft/gpregsm1.user_valid_i_1/I0) is not included in the LUT equation: 'O6=(A6*A5)+((~A6)*A4)+((~A6)*(~A4)*A5)'. If this cell is a user instantiated LUT in the design, please remove connectivity to the pin or change the equation and/or INIT string of the LUT to prevent this issue. If the cell is inferred or IP created LUT, please regenerate the IP and/or resynthesize the design to attempt to correct the issue.
Related violations: <none>

REQP-1839#1 Warning
RAMB36 async control check  
The RAMB36E1 block_design_i/accelerator_0/U0/accelerator_v1_0_S00_AXI_inst/U_WRAPPER/U_DRAM0/U_BRAM/memory_reg_0_0 has an input control pin block_design_i/accelerator_0/U0/accelerator_v1_0_S00_AXI_inst/U_WRAPPER/U_DRAM0/U_BRAM/memory_reg_0_0/ADDRARDADDR[10] (net: block_design_i/accelerator_0/U0/accelerator_v1_0_S00_AXI_inst/U_WRAPPER/U_DRAM0/U_BRAM/dram_wr_addr[10]) which is driven by a register (block_design_i/accelerator_0/U0/accelerator_v1_0_S00_AXI_inst/U_WRAPPER/U_DRAM0_WR/U_DRAM0_WR/U_AG_SO/addr_current_reg[10]) that has an active asychronous set or reset. This may cause corruption of the memory contents and/or read values when the set/reset is asserted and is not analyzed by the default static timing analysis. It is suggested to eliminate the use of a set/reset to registers driving this RAMB pin or else use a synchronous reset in which the assertion of the reset is timed by default.
Related violations: <none>

REQP-1839#2 Warning
RAMB36 async control check  
The RAMB36E1 block_design_i/accelerator_0/U0/accelerator_v1_0_S00_AXI_inst/U_WRAPPER/U_DRAM0/U_BRAM/memory_reg_0_0 has an input control pin block_design_i/accelerator_0/U0/accelerator_v1_0_S00_AXI_inst/U_WRAPPER/U_DRAM0/U_BRAM/memory_reg_0_0/ADDRARDADDR[10] (net: block_design_i/accelerator_0/U0/accelerator_v1_0_S00_AXI_inst/U_WRAPPER/U_DRAM0/U_BRAM/dram_wr_addr[10]) which is driven by a register (block_design_i/accelerator_0/U0/accelerator_v1_0_S00_AXI_inst/U_WRAPPER/U_DRAM0_WR/U_DRAM0_WR/U_AG_SO/state_reg) that has an active asychronous set or reset. This may cause corruption of the memory contents and/or read values when the set/reset is asserted and is not analyzed by the default static timing analysis. It is suggested to eliminate the use of a set/reset to registers driving this RAMB pin or else use a synchronous reset in which the assertion of the reset is timed by default.
Related violations: <none>

REQP-1839#3 Warning
RAMB36 async control check  
The RAMB36E1 block_design_i/accelerator_0/U0/accelerator_v1_0_S00_AXI_inst/U_WRAPPER/U_DRAM0/U_BRAM/memory_reg_0_0 has an input control pin block_design_i/accelerator_0/U0/accelerator_v1_0_S00_AXI_inst/U_WRAPPER/U_DRAM0/U_BRAM/memory_reg_0_0/ADDRARDADDR[11] (net: block_design_i/accelerator_0/U0/accelerator_v1_0_S00_AXI_inst/U_WRAPPER/U_DRAM0/U_BRAM/dram_wr_addr[11]) which is driven by a register (block_design_i/accelerator_0/U0/accelerator_v1_0_S00_AXI_inst/U_WRAPPER/U_DRAM0_WR/U_DRAM0_WR/U_AG_SO/addr_current_reg[11]) that has an active asychronous set or reset. This may cause corruption of the memory contents and/or read values when the set/reset is asserted and is not analyzed by the default static timing analysis. It is suggested to eliminate the use of a set/reset to registers driving this RAMB pin or else use a synchronous reset in which the assertion of the reset is timed by default.
Related violations: <none>

REQP-1839#4 Warning
RAMB36 async control check  
The RAMB36E1 block_design_i/accelerator_0/U0/accelerator_v1_0_S00_AXI_inst/U_WRAPPER/U_DRAM0/U_BRAM/memory_reg_0_0 has an input control pin block_design_i/accelerator_0/U0/accelerator_v1_0_S00_AXI_inst/U_WRAPPER/U_DRAM0/U_BRAM/memory_reg_0_0/ADDRARDADDR[11] (net: block_design_i/accelerator_0/U0/accelerator_v1_0_S00_AXI_inst/U_WRAPPER/U_DRAM0/U_BRAM/dram_wr_addr[11]) which is driven by a register (block_design_i/accelerator_0/U0/accelerator_v1_0_S00_AXI_inst/U_WRAPPER/U_DRAM0_WR/U_DRAM0_WR/U_AG_SO/state_reg) that has an active asychronous set or reset. This may cause corruption of the memory contents and/or read values when the set/reset is asserted and is not analyzed by the default static timing analysis. It is suggested to eliminate the use of a set/reset to registers driving this RAMB pin or else use a synchronous reset in which the assertion of the reset is timed by default.
Related violations: <none>

REQP-1839#5 Warning
RAMB36 async control check  
The RAMB36E1 block_design_i/accelerator_0/U0/accelerator_v1_0_S00_AXI_inst/U_WRAPPER/U_DRAM0/U_BRAM/memory_reg_0_0 has an input control pin block_design_i/accelerator_0/U0/accelerator_v1_0_S00_AXI_inst/U_WRAPPER/U_DRAM0/U_BRAM/memory_reg_0_0/ADDRARDADDR[12] (net: block_design_i/accelerator_0/U0/accelerator_v1_0_S00_AXI_inst/U_WRAPPER/U_DRAM0/U_BRAM/dram_wr_addr[12]) which is driven by a register (block_design_i/accelerator_0/U0/accelerator_v1_0_S00_AXI_inst/U_WRAPPER/U_DRAM0_WR/U_DRAM0_WR/U_AG_SO/addr_current_reg[12]) that has an active asychronous set or reset. This may cause corruption of the memory contents and/or read values when the set/reset is asserted and is not analyzed by the default static timing analysis. It is suggested to eliminate the use of a set/reset to registers driving this RAMB pin or else use a synchronous reset in which the assertion of the reset is timed by default.
Related violations: <none>

REQP-1839#6 Warning
RAMB36 async control check  
The RAMB36E1 block_design_i/accelerator_0/U0/accelerator_v1_0_S00_AXI_inst/U_WRAPPER/U_DRAM0/U_BRAM/memory_reg_0_0 has an input control pin block_design_i/accelerator_0/U0/accelerator_v1_0_S00_AXI_inst/U_WRAPPER/U_DRAM0/U_BRAM/memory_reg_0_0/ADDRARDADDR[12] (net: block_design_i/accelerator_0/U0/accelerator_v1_0_S00_AXI_inst/U_WRAPPER/U_DRAM0/U_BRAM/dram_wr_addr[12]) which is driven by a register (block_design_i/accelerator_0/U0/accelerator_v1_0_S00_AXI_inst/U_WRAPPER/U_DRAM0_WR/U_DRAM0_WR/U_AG_SO/state_reg) that has an active asychronous set or reset. This may cause corruption of the memory contents and/or read values when the set/reset is asserted and is not analyzed by the default static timing analysis. It is suggested to eliminate the use of a set/reset to registers driving this RAMB pin or else use a synchronous reset in which the assertion of the reset is timed by default.
Related violations: <none>

REQP-1839#7 Warning
RAMB36 async control check  
The RAMB36E1 block_design_i/accelerator_0/U0/accelerator_v1_0_S00_AXI_inst/U_WRAPPER/U_DRAM0/U_BRAM/memory_reg_0_0 has an input control pin block_design_i/accelerator_0/U0/accelerator_v1_0_S00_AXI_inst/U_WRAPPER/U_DRAM0/U_BRAM/memory_reg_0_0/ADDRARDADDR[13] (net: block_design_i/accelerator_0/U0/accelerator_v1_0_S00_AXI_inst/U_WRAPPER/U_DRAM0/U_BRAM/dram_wr_addr[13]) which is driven by a register (block_design_i/accelerator_0/U0/accelerator_v1_0_S00_AXI_inst/U_WRAPPER/U_DRAM0_WR/U_DRAM0_WR/U_AG_SO/addr_current_reg[13]) that has an active asychronous set or reset. This may cause corruption of the memory contents and/or read values when the set/reset is asserted and is not analyzed by the default static timing analysis. It is suggested to eliminate the use of a set/reset to registers driving this RAMB pin or else use a synchronous reset in which the assertion of the reset is timed by default.
Related violations: <none>

REQP-1839#8 Warning
RAMB36 async control check  
The RAMB36E1 block_design_i/accelerator_0/U0/accelerator_v1_0_S00_AXI_inst/U_WRAPPER/U_DRAM0/U_BRAM/memory_reg_0_0 has an input control pin block_design_i/accelerator_0/U0/accelerator_v1_0_S00_AXI_inst/U_WRAPPER/U_DRAM0/U_BRAM/memory_reg_0_0/ADDRARDADDR[13] (net: block_design_i/accelerator_0/U0/accelerator_v1_0_S00_AXI_inst/U_WRAPPER/U_DRAM0/U_BRAM/dram_wr_addr[13]) which is driven by a register (block_design_i/accelerator_0/U0/accelerator_v1_0_S00_AXI_inst/U_WRAPPER/U_DRAM0_WR/U_DRAM0_WR/U_AG_SO/state_reg) that has an active asychronous set or reset. This may cause corruption of the memory contents and/or read values when the set/reset is asserted and is not analyzed by the default static timing analysis. It is suggested to eliminate the use of a set/reset to registers driving this RAMB pin or else use a synchronous reset in which the assertion of the reset is timed by default.
Related violations: <none>

REQP-1839#9 Warning
RAMB36 async control check  
The RAMB36E1 block_design_i/accelerator_0/U0/accelerator_v1_0_S00_AXI_inst/U_WRAPPER/U_DRAM0/U_BRAM/memory_reg_0_0 has an input control pin block_design_i/accelerator_0/U0/accelerator_v1_0_S00_AXI_inst/U_WRAPPER/U_DRAM0/U_BRAM/memory_reg_0_0/ADDRARDADDR[14] (net: block_design_i/accelerator_0/U0/accelerator_v1_0_S00_AXI_inst/U_WRAPPER/U_DRAM0/U_BRAM/dram_wr_addr[14]) which is driven by a register (block_design_i/accelerator_0/U0/accelerator_v1_0_S00_AXI_inst/U_WRAPPER/U_DRAM0_WR/U_DRAM0_WR/U_AG_SO/addr_current_reg[14]) that has an active asychronous set or reset. This may cause corruption of the memory contents and/or read values when the set/reset is asserted and is not analyzed by the default static timing analysis. It is suggested to eliminate the use of a set/reset to registers driving this RAMB pin or else use a synchronous reset in which the assertion of the reset is timed by default.
Related violations: <none>

REQP-1839#10 Warning
RAMB36 async control check  
The RAMB36E1 block_design_i/accelerator_0/U0/accelerator_v1_0_S00_AXI_inst/U_WRAPPER/U_DRAM0/U_BRAM/memory_reg_0_0 has an input control pin block_design_i/accelerator_0/U0/accelerator_v1_0_S00_AXI_inst/U_WRAPPER/U_DRAM0/U_BRAM/memory_reg_0_0/ADDRARDADDR[14] (net: block_design_i/accelerator_0/U0/accelerator_v1_0_S00_AXI_inst/U_WRAPPER/U_DRAM0/U_BRAM/dram_wr_addr[14]) which is driven by a register (block_design_i/accelerator_0/U0/accelerator_v1_0_S00_AXI_inst/U_WRAPPER/U_DRAM0_WR/U_DRAM0_WR/U_AG_SO/state_reg) that has an active asychronous set or reset. This may cause corruption of the memory contents and/or read values when the set/reset is asserted and is not analyzed by the default static timing analysis. It is suggested to eliminate the use of a set/reset to registers driving this RAMB pin or else use a synchronous reset in which the assertion of the reset is timed by default.
Related violations: <none>

REQP-1839#11 Warning
RAMB36 async control check  
The RAMB36E1 block_design_i/accelerator_0/U0/accelerator_v1_0_S00_AXI_inst/U_WRAPPER/U_DRAM0/U_BRAM/memory_reg_0_0 has an input control pin block_design_i/accelerator_0/U0/accelerator_v1_0_S00_AXI_inst/U_WRAPPER/U_DRAM0/U_BRAM/memory_reg_0_0/ADDRARDADDR[5] (net: block_design_i/accelerator_0/U0/accelerator_v1_0_S00_AXI_inst/U_WRAPPER/U_DRAM0/U_BRAM/dram_wr_addr[5]) which is driven by a register (block_design_i/accelerator_0/U0/accelerator_v1_0_S00_AXI_inst/U_WRAPPER/U_DRAM0_WR/U_DRAM0_WR/U_AG_SO/addr_current_reg[5]) that has an active asychronous set or reset. This may cause corruption of the memory contents and/or read values when the set/reset is asserted and is not analyzed by the default static timing analysis. It is suggested to eliminate the use of a set/reset to registers driving this RAMB pin or else use a synchronous reset in which the assertion of the reset is timed by default.
Related violations: <none>

REQP-1839#12 Warning
RAMB36 async control check  
The RAMB36E1 block_design_i/accelerator_0/U0/accelerator_v1_0_S00_AXI_inst/U_WRAPPER/U_DRAM0/U_BRAM/memory_reg_0_0 has an input control pin block_design_i/accelerator_0/U0/accelerator_v1_0_S00_AXI_inst/U_WRAPPER/U_DRAM0/U_BRAM/memory_reg_0_0/ADDRARDADDR[5] (net: block_design_i/accelerator_0/U0/accelerator_v1_0_S00_AXI_inst/U_WRAPPER/U_DRAM0/U_BRAM/dram_wr_addr[5]) which is driven by a register (block_design_i/accelerator_0/U0/accelerator_v1_0_S00_AXI_inst/U_WRAPPER/U_DRAM0_WR/U_DRAM0_WR/U_AG_SO/state_reg) that has an active asychronous set or reset. This may cause corruption of the memory contents and/or read values when the set/reset is asserted and is not analyzed by the default static timing analysis. It is suggested to eliminate the use of a set/reset to registers driving this RAMB pin or else use a synchronous reset in which the assertion of the reset is timed by default.
Related violations: <none>

REQP-1839#13 Warning
RAMB36 async control check  
The RAMB36E1 block_design_i/accelerator_0/U0/accelerator_v1_0_S00_AXI_inst/U_WRAPPER/U_DRAM0/U_BRAM/memory_reg_0_0 has an input control pin block_design_i/accelerator_0/U0/accelerator_v1_0_S00_AXI_inst/U_WRAPPER/U_DRAM0/U_BRAM/memory_reg_0_0/ADDRARDADDR[6] (net: block_design_i/accelerator_0/U0/accelerator_v1_0_S00_AXI_inst/U_WRAPPER/U_DRAM0/U_BRAM/dram_wr_addr[6]) which is driven by a register (block_design_i/accelerator_0/U0/accelerator_v1_0_S00_AXI_inst/U_WRAPPER/U_DRAM0_WR/U_DRAM0_WR/U_AG_SO/addr_current_reg[6]) that has an active asychronous set or reset. This may cause corruption of the memory contents and/or read values when the set/reset is asserted and is not analyzed by the default static timing analysis. It is suggested to eliminate the use of a set/reset to registers driving this RAMB pin or else use a synchronous reset in which the assertion of the reset is timed by default.
Related violations: <none>

REQP-1839#14 Warning
RAMB36 async control check  
The RAMB36E1 block_design_i/accelerator_0/U0/accelerator_v1_0_S00_AXI_inst/U_WRAPPER/U_DRAM0/U_BRAM/memory_reg_0_0 has an input control pin block_design_i/accelerator_0/U0/accelerator_v1_0_S00_AXI_inst/U_WRAPPER/U_DRAM0/U_BRAM/memory_reg_0_0/ADDRARDADDR[6] (net: block_design_i/accelerator_0/U0/accelerator_v1_0_S00_AXI_inst/U_WRAPPER/U_DRAM0/U_BRAM/dram_wr_addr[6]) which is driven by a register (block_design_i/accelerator_0/U0/accelerator_v1_0_S00_AXI_inst/U_WRAPPER/U_DRAM0_WR/U_DRAM0_WR/U_AG_SO/state_reg) that has an active asychronous set or reset. This may cause corruption of the memory contents and/or read values when the set/reset is asserted and is not analyzed by the default static timing analysis. It is suggested to eliminate the use of a set/reset to registers driving this RAMB pin or else use a synchronous reset in which the assertion of the reset is timed by default.
Related violations: <none>

REQP-1839#15 Warning
RAMB36 async control check  
The RAMB36E1 block_design_i/accelerator_0/U0/accelerator_v1_0_S00_AXI_inst/U_WRAPPER/U_DRAM0/U_BRAM/memory_reg_0_0 has an input control pin block_design_i/accelerator_0/U0/accelerator_v1_0_S00_AXI_inst/U_WRAPPER/U_DRAM0/U_BRAM/memory_reg_0_0/ADDRARDADDR[7] (net: block_design_i/accelerator_0/U0/accelerator_v1_0_S00_AXI_inst/U_WRAPPER/U_DRAM0/U_BRAM/dram_wr_addr[7]) which is driven by a register (block_design_i/accelerator_0/U0/accelerator_v1_0_S00_AXI_inst/U_WRAPPER/U_DRAM0_WR/U_DRAM0_WR/U_AG_SO/addr_current_reg[7]) that has an active asychronous set or reset. This may cause corruption of the memory contents and/or read values when the set/reset is asserted and is not analyzed by the default static timing analysis. It is suggested to eliminate the use of a set/reset to registers driving this RAMB pin or else use a synchronous reset in which the assertion of the reset is timed by default.
Related violations: <none>

REQP-1839#16 Warning
RAMB36 async control check  
The RAMB36E1 block_design_i/accelerator_0/U0/accelerator_v1_0_S00_AXI_inst/U_WRAPPER/U_DRAM0/U_BRAM/memory_reg_0_0 has an input control pin block_design_i/accelerator_0/U0/accelerator_v1_0_S00_AXI_inst/U_WRAPPER/U_DRAM0/U_BRAM/memory_reg_0_0/ADDRARDADDR[7] (net: block_design_i/accelerator_0/U0/accelerator_v1_0_S00_AXI_inst/U_WRAPPER/U_DRAM0/U_BRAM/dram_wr_addr[7]) which is driven by a register (block_design_i/accelerator_0/U0/accelerator_v1_0_S00_AXI_inst/U_WRAPPER/U_DRAM0_WR/U_DRAM0_WR/U_AG_SO/state_reg) that has an active asychronous set or reset. This may cause corruption of the memory contents and/or read values when the set/reset is asserted and is not analyzed by the default static timing analysis. It is suggested to eliminate the use of a set/reset to registers driving this RAMB pin or else use a synchronous reset in which the assertion of the reset is timed by default.
Related violations: <none>

REQP-1839#17 Warning
RAMB36 async control check  
The RAMB36E1 block_design_i/accelerator_0/U0/accelerator_v1_0_S00_AXI_inst/U_WRAPPER/U_DRAM0/U_BRAM/memory_reg_0_0 has an input control pin block_design_i/accelerator_0/U0/accelerator_v1_0_S00_AXI_inst/U_WRAPPER/U_DRAM0/U_BRAM/memory_reg_0_0/ADDRARDADDR[8] (net: block_design_i/accelerator_0/U0/accelerator_v1_0_S00_AXI_inst/U_WRAPPER/U_DRAM0/U_BRAM/dram_wr_addr[8]) which is driven by a register (block_design_i/accelerator_0/U0/accelerator_v1_0_S00_AXI_inst/U_WRAPPER/U_DRAM0_WR/U_DRAM0_WR/U_AG_SO/addr_current_reg[8]) that has an active asychronous set or reset. This may cause corruption of the memory contents and/or read values when the set/reset is asserted and is not analyzed by the default static timing analysis. It is suggested to eliminate the use of a set/reset to registers driving this RAMB pin or else use a synchronous reset in which the assertion of the reset is timed by default.
Related violations: <none>

REQP-1839#18 Warning
RAMB36 async control check  
The RAMB36E1 block_design_i/accelerator_0/U0/accelerator_v1_0_S00_AXI_inst/U_WRAPPER/U_DRAM0/U_BRAM/memory_reg_0_0 has an input control pin block_design_i/accelerator_0/U0/accelerator_v1_0_S00_AXI_inst/U_WRAPPER/U_DRAM0/U_BRAM/memory_reg_0_0/ADDRARDADDR[8] (net: block_design_i/accelerator_0/U0/accelerator_v1_0_S00_AXI_inst/U_WRAPPER/U_DRAM0/U_BRAM/dram_wr_addr[8]) which is driven by a register (block_design_i/accelerator_0/U0/accelerator_v1_0_S00_AXI_inst/U_WRAPPER/U_DRAM0_WR/U_DRAM0_WR/U_AG_SO/state_reg) that has an active asychronous set or reset. This may cause corruption of the memory contents and/or read values when the set/reset is asserted and is not analyzed by the default static timing analysis. It is suggested to eliminate the use of a set/reset to registers driving this RAMB pin or else use a synchronous reset in which the assertion of the reset is timed by default.
Related violations: <none>

REQP-1839#19 Warning
RAMB36 async control check  
The RAMB36E1 block_design_i/accelerator_0/U0/accelerator_v1_0_S00_AXI_inst/U_WRAPPER/U_DRAM0/U_BRAM/memory_reg_0_0 has an input control pin block_design_i/accelerator_0/U0/accelerator_v1_0_S00_AXI_inst/U_WRAPPER/U_DRAM0/U_BRAM/memory_reg_0_0/ADDRARDADDR[9] (net: block_design_i/accelerator_0/U0/accelerator_v1_0_S00_AXI_inst/U_WRAPPER/U_DRAM0/U_BRAM/dram_wr_addr[9]) which is driven by a register (block_design_i/accelerator_0/U0/accelerator_v1_0_S00_AXI_inst/U_WRAPPER/U_DRAM0_WR/U_DRAM0_WR/U_AG_SO/addr_current_reg[9]) that has an active asychronous set or reset. This may cause corruption of the memory contents and/or read values when the set/reset is asserted and is not analyzed by the default static timing analysis. It is suggested to eliminate the use of a set/reset to registers driving this RAMB pin or else use a synchronous reset in which the assertion of the reset is timed by default.
Related violations: <none>

REQP-1839#20 Warning
RAMB36 async control check  
The RAMB36E1 block_design_i/accelerator_0/U0/accelerator_v1_0_S00_AXI_inst/U_WRAPPER/U_DRAM0/U_BRAM/memory_reg_0_0 has an input control pin block_design_i/accelerator_0/U0/accelerator_v1_0_S00_AXI_inst/U_WRAPPER/U_DRAM0/U_BRAM/memory_reg_0_0/ADDRARDADDR[9] (net: block_design_i/accelerator_0/U0/accelerator_v1_0_S00_AXI_inst/U_WRAPPER/U_DRAM0/U_BRAM/dram_wr_addr[9]) which is driven by a register (block_design_i/accelerator_0/U0/accelerator_v1_0_S00_AXI_inst/U_WRAPPER/U_DRAM0_WR/U_DRAM0_WR/U_AG_SO/state_reg) that has an active asychronous set or reset. This may cause corruption of the memory contents and/or read values when the set/reset is asserted and is not analyzed by the default static timing analysis. It is suggested to eliminate the use of a set/reset to registers driving this RAMB pin or else use a synchronous reset in which the assertion of the reset is timed by default.
Related violations: <none>

REQP-1840#1 Warning
RAMB18 async control check  
The RAMB18E1 block_design_i/accelerator_0/U0/accelerator_v1_0_S00_AXI_inst/U_WRAPPER/U_DRAM0_RD_CUST/U_FIFO/U_FIFO_CUSTOM/U0/inst_fifo_gen/gconvfifo.rf/grf.rf/gntv_or_sync_fifo.mem/gbm.gbmg.gbmga.ngecc.bmg/inst_blk_mem_gen/gnbram.gnativebmg.native_blk_mem_gen/valid.cstr/ramloop[0].ram.r/prim_noinit.ram/DEVICE_7SERIES.NO_BMM_INFO.SDP.WIDE_PRIM18.ram has an input control pin block_design_i/accelerator_0/U0/accelerator_v1_0_S00_AXI_inst/U_WRAPPER/U_DRAM0_RD_CUST/U_FIFO/U_FIFO_CUSTOM/U0/inst_fifo_gen/gconvfifo.rf/grf.rf/gntv_or_sync_fifo.mem/gbm.gbmg.gbmga.ngecc.bmg/inst_blk_mem_gen/gnbram.gnativebmg.native_blk_mem_gen/valid.cstr/ramloop[0].ram.r/prim_noinit.ram/DEVICE_7SERIES.NO_BMM_INFO.SDP.WIDE_PRIM18.ram/ENARDEN (net: block_design_i/accelerator_0/U0/accelerator_v1_0_S00_AXI_inst/U_WRAPPER/U_DRAM0_RD_CUST/U_FIFO/U_FIFO_CUSTOM/U0/inst_fifo_gen/gconvfifo.rf/grf.rf/gntv_or_sync_fifo.mem/gbm.gbmg.gbmga.ngecc.bmg/inst_blk_mem_gen/gnbram.gnativebmg.native_blk_mem_gen/valid.cstr/ramloop[0].ram.r/prim_noinit.ram/ENB_I) which is driven by a register (block_design_i/accelerator_0/U0/accelerator_v1_0_S00_AXI_inst/U_WRAPPER/U_DRAM1_WR/U_DRAM1_WR/U_FIFO/U0/inst_fifo_gen/gconvfifo.rf/grf.rf/gntv_or_sync_fifo.gl0.wr/gwas.wsts/ram_full_i_reg) that has an active asychronous set or reset. This may cause corruption of the memory contents and/or read values when the set/reset is asserted and is not analyzed by the default static timing analysis. It is suggested to eliminate the use of a set/reset to registers driving this RAMB pin or else use a synchronous reset in which the assertion of the reset is timed by default.
Related violations: <none>

REQP-1840#2 Warning
RAMB18 async control check  
The RAMB18E1 block_design_i/accelerator_0/U0/accelerator_v1_0_S00_AXI_inst/U_WRAPPER/U_DRAM0_RD_CUST/U_FIFO/U_FIFO_CUSTOM/U0/inst_fifo_gen/gconvfifo.rf/grf.rf/gntv_or_sync_fifo.mem/gbm.gbmg.gbmga.ngecc.bmg/inst_blk_mem_gen/gnbram.gnativebmg.native_blk_mem_gen/valid.cstr/ramloop[0].ram.r/prim_noinit.ram/DEVICE_7SERIES.NO_BMM_INFO.SDP.WIDE_PRIM18.ram has an input control pin block_design_i/accelerator_0/U0/accelerator_v1_0_S00_AXI_inst/U_WRAPPER/U_DRAM0_RD_CUST/U_FIFO/U_FIFO_CUSTOM/U0/inst_fifo_gen/gconvfifo.rf/grf.rf/gntv_or_sync_fifo.mem/gbm.gbmg.gbmga.ngecc.bmg/inst_blk_mem_gen/gnbram.gnativebmg.native_blk_mem_gen/valid.cstr/ramloop[0].ram.r/prim_noinit.ram/DEVICE_7SERIES.NO_BMM_INFO.SDP.WIDE_PRIM18.ram/ENARDEN (net: block_design_i/accelerator_0/U0/accelerator_v1_0_S00_AXI_inst/U_WRAPPER/U_DRAM0_RD_CUST/U_FIFO/U_FIFO_CUSTOM/U0/inst_fifo_gen/gconvfifo.rf/grf.rf/gntv_or_sync_fifo.mem/gbm.gbmg.gbmga.ngecc.bmg/inst_blk_mem_gen/gnbram.gnativebmg.native_blk_mem_gen/valid.cstr/ramloop[0].ram.r/prim_noinit.ram/ENB_I) which is driven by a register (block_design_i/accelerator_0/U0/accelerator_v1_0_S00_AXI_inst/U_WRAPPER/U_DRAM1_WR/U_DRAM1_WR/U_WIDTH_FIFO/U_EXPAND.U_EXPAND_FIFO/count_reg[0]) that has an active asychronous set or reset. This may cause corruption of the memory contents and/or read values when the set/reset is asserted and is not analyzed by the default static timing analysis. It is suggested to eliminate the use of a set/reset to registers driving this RAMB pin or else use a synchronous reset in which the assertion of the reset is timed by default.
Related violations: <none>

REQP-1840#3 Warning
RAMB18 async control check  
The RAMB18E1 block_design_i/accelerator_0/U0/accelerator_v1_0_S00_AXI_inst/U_WRAPPER/U_DRAM0_RD_CUST/U_FIFO/U_FIFO_CUSTOM/U0/inst_fifo_gen/gconvfifo.rf/grf.rf/gntv_or_sync_fifo.mem/gbm.gbmg.gbmga.ngecc.bmg/inst_blk_mem_gen/gnbram.gnativebmg.native_blk_mem_gen/valid.cstr/ramloop[0].ram.r/prim_noinit.ram/DEVICE_7SERIES.NO_BMM_INFO.SDP.WIDE_PRIM18.ram has an input control pin block_design_i/accelerator_0/U0/accelerator_v1_0_S00_AXI_inst/U_WRAPPER/U_DRAM0_RD_CUST/U_FIFO/U_FIFO_CUSTOM/U0/inst_fifo_gen/gconvfifo.rf/grf.rf/gntv_or_sync_fifo.mem/gbm.gbmg.gbmga.ngecc.bmg/inst_blk_mem_gen/gnbram.gnativebmg.native_blk_mem_gen/valid.cstr/ramloop[0].ram.r/prim_noinit.ram/DEVICE_7SERIES.NO_BMM_INFO.SDP.WIDE_PRIM18.ram/ENARDEN (net: block_design_i/accelerator_0/U0/accelerator_v1_0_S00_AXI_inst/U_WRAPPER/U_DRAM0_RD_CUST/U_FIFO/U_FIFO_CUSTOM/U0/inst_fifo_gen/gconvfifo.rf/grf.rf/gntv_or_sync_fifo.mem/gbm.gbmg.gbmga.ngecc.bmg/inst_blk_mem_gen/gnbram.gnativebmg.native_blk_mem_gen/valid.cstr/ramloop[0].ram.r/prim_noinit.ram/ENB_I) which is driven by a register (block_design_i/accelerator_0/U0/accelerator_v1_0_S00_AXI_inst/U_WRAPPER/U_DRAM1_WR/U_DRAM1_WR/U_WIDTH_FIFO/U_EXPAND.U_EXPAND_FIFO/count_reg[1]) that has an active asychronous set or reset. This may cause corruption of the memory contents and/or read values when the set/reset is asserted and is not analyzed by the default static timing analysis. It is suggested to eliminate the use of a set/reset to registers driving this RAMB pin or else use a synchronous reset in which the assertion of the reset is timed by default.
Related violations: <none>

REQP-1840#4 Warning
RAMB18 async control check  
The RAMB18E1 block_design_i/accelerator_0/U0/accelerator_v1_0_S00_AXI_inst/U_WRAPPER/U_DRAM0_RD_CUST/U_FIFO/U_FIFO_CUSTOM/U0/inst_fifo_gen/gconvfifo.rf/grf.rf/gntv_or_sync_fifo.mem/gbm.gbmg.gbmga.ngecc.bmg/inst_blk_mem_gen/gnbram.gnativebmg.native_blk_mem_gen/valid.cstr/ramloop[0].ram.r/prim_noinit.ram/DEVICE_7SERIES.NO_BMM_INFO.SDP.WIDE_PRIM18.ram has an input control pin block_design_i/accelerator_0/U0/accelerator_v1_0_S00_AXI_inst/U_WRAPPER/U_DRAM0_RD_CUST/U_FIFO/U_FIFO_CUSTOM/U0/inst_fifo_gen/gconvfifo.rf/grf.rf/gntv_or_sync_fifo.mem/gbm.gbmg.gbmga.ngecc.bmg/inst_blk_mem_gen/gnbram.gnativebmg.native_blk_mem_gen/valid.cstr/ramloop[0].ram.r/prim_noinit.ram/DEVICE_7SERIES.NO_BMM_INFO.SDP.WIDE_PRIM18.ram/ENBWREN (net: block_design_i/accelerator_0/U0/accelerator_v1_0_S00_AXI_inst/U_WRAPPER/U_DRAM0_RD_CUST/U_FIFO/U_FIFO_CUSTOM/U0/inst_fifo_gen/gconvfifo.rf/grf.rf/gntv_or_sync_fifo.mem/gbm.gbmg.gbmga.ngecc.bmg/inst_blk_mem_gen/gnbram.gnativebmg.native_blk_mem_gen/valid.cstr/ramloop[0].ram.r/prim_noinit.ram/E[0]) which is driven by a register (block_design_i/accelerator_0/U0/accelerator_v1_0_S00_AXI_inst/U_WRAPPER/U_DRAM0/U_VALID_DELAY/U_CYCLES_GT_0.regs_reg[8][0]) that has an active asychronous set or reset. This may cause corruption of the memory contents and/or read values when the set/reset is asserted and is not analyzed by the default static timing analysis. It is suggested to eliminate the use of a set/reset to registers driving this RAMB pin or else use a synchronous reset in which the assertion of the reset is timed by default.
Related violations: <none>

REQP-1840#5 Warning
RAMB18 async control check  
The RAMB18E1 block_design_i/accelerator_0/U0/accelerator_v1_0_S00_AXI_inst/U_WRAPPER/U_DRAM0_RD_CUST/U_FIFO/U_FIFO_CUSTOM/U0/inst_fifo_gen/gconvfifo.rf/grf.rf/gntv_or_sync_fifo.mem/gbm.gbmg.gbmga.ngecc.bmg/inst_blk_mem_gen/gnbram.gnativebmg.native_blk_mem_gen/valid.cstr/ramloop[0].ram.r/prim_noinit.ram/DEVICE_7SERIES.NO_BMM_INFO.SDP.WIDE_PRIM18.ram has an input control pin block_design_i/accelerator_0/U0/accelerator_v1_0_S00_AXI_inst/U_WRAPPER/U_DRAM0_RD_CUST/U_FIFO/U_FIFO_CUSTOM/U0/inst_fifo_gen/gconvfifo.rf/grf.rf/gntv_or_sync_fifo.mem/gbm.gbmg.gbmga.ngecc.bmg/inst_blk_mem_gen/gnbram.gnativebmg.native_blk_mem_gen/valid.cstr/ramloop[0].ram.r/prim_noinit.ram/DEVICE_7SERIES.NO_BMM_INFO.SDP.WIDE_PRIM18.ram/WEBWE[0] (net: block_design_i/accelerator_0/U0/accelerator_v1_0_S00_AXI_inst/U_WRAPPER/U_DRAM0_RD_CUST/U_FIFO/U_FIFO_CUSTOM/U0/inst_fifo_gen/gconvfifo.rf/grf.rf/gntv_or_sync_fifo.mem/gbm.gbmg.gbmga.ngecc.bmg/inst_blk_mem_gen/gnbram.gnativebmg.native_blk_mem_gen/valid.cstr/ramloop[0].ram.r/prim_noinit.ram/E[0]) which is driven by a register (block_design_i/accelerator_0/U0/accelerator_v1_0_S00_AXI_inst/U_WRAPPER/U_DRAM0/U_VALID_DELAY/U_CYCLES_GT_0.regs_reg[8][0]) that has an active asychronous set or reset. This may cause corruption of the memory contents and/or read values when the set/reset is asserted and is not analyzed by the default static timing analysis. It is suggested to eliminate the use of a set/reset to registers driving this RAMB pin or else use a synchronous reset in which the assertion of the reset is timed by default.
Related violations: <none>

REQP-1840#6 Warning
RAMB18 async control check  
The RAMB18E1 block_design_i/accelerator_0/U0/accelerator_v1_0_S00_AXI_inst/U_WRAPPER/U_DRAM0_RD_CUST/U_FIFO/U_FIFO_CUSTOM/U0/inst_fifo_gen/gconvfifo.rf/grf.rf/gntv_or_sync_fifo.mem/gbm.gbmg.gbmga.ngecc.bmg/inst_blk_mem_gen/gnbram.gnativebmg.native_blk_mem_gen/valid.cstr/ramloop[0].ram.r/prim_noinit.ram/DEVICE_7SERIES.NO_BMM_INFO.SDP.WIDE_PRIM18.ram has an input control pin block_design_i/accelerator_0/U0/accelerator_v1_0_S00_AXI_inst/U_WRAPPER/U_DRAM0_RD_CUST/U_FIFO/U_FIFO_CUSTOM/U0/inst_fifo_gen/gconvfifo.rf/grf.rf/gntv_or_sync_fifo.mem/gbm.gbmg.gbmga.ngecc.bmg/inst_blk_mem_gen/gnbram.gnativebmg.native_blk_mem_gen/valid.cstr/ramloop[0].ram.r/prim_noinit.ram/DEVICE_7SERIES.NO_BMM_INFO.SDP.WIDE_PRIM18.ram/WEBWE[1] (net: block_design_i/accelerator_0/U0/accelerator_v1_0_S00_AXI_inst/U_WRAPPER/U_DRAM0_RD_CUST/U_FIFO/U_FIFO_CUSTOM/U0/inst_fifo_gen/gconvfifo.rf/grf.rf/gntv_or_sync_fifo.mem/gbm.gbmg.gbmga.ngecc.bmg/inst_blk_mem_gen/gnbram.gnativebmg.native_blk_mem_gen/valid.cstr/ramloop[0].ram.r/prim_noinit.ram/E[0]) which is driven by a register (block_design_i/accelerator_0/U0/accelerator_v1_0_S00_AXI_inst/U_WRAPPER/U_DRAM0/U_VALID_DELAY/U_CYCLES_GT_0.regs_reg[8][0]) that has an active asychronous set or reset. This may cause corruption of the memory contents and/or read values when the set/reset is asserted and is not analyzed by the default static timing analysis. It is suggested to eliminate the use of a set/reset to registers driving this RAMB pin or else use a synchronous reset in which the assertion of the reset is timed by default.
Related violations: <none>

REQP-1840#7 Warning
RAMB18 async control check  
The RAMB18E1 block_design_i/accelerator_0/U0/accelerator_v1_0_S00_AXI_inst/U_WRAPPER/U_DRAM0_RD_CUST/U_FIFO/U_FIFO_CUSTOM/U0/inst_fifo_gen/gconvfifo.rf/grf.rf/gntv_or_sync_fifo.mem/gbm.gbmg.gbmga.ngecc.bmg/inst_blk_mem_gen/gnbram.gnativebmg.native_blk_mem_gen/valid.cstr/ramloop[0].ram.r/prim_noinit.ram/DEVICE_7SERIES.NO_BMM_INFO.SDP.WIDE_PRIM18.ram has an input control pin block_design_i/accelerator_0/U0/accelerator_v1_0_S00_AXI_inst/U_WRAPPER/U_DRAM0_RD_CUST/U_FIFO/U_FIFO_CUSTOM/U0/inst_fifo_gen/gconvfifo.rf/grf.rf/gntv_or_sync_fifo.mem/gbm.gbmg.gbmga.ngecc.bmg/inst_blk_mem_gen/gnbram.gnativebmg.native_blk_mem_gen/valid.cstr/ramloop[0].ram.r/prim_noinit.ram/DEVICE_7SERIES.NO_BMM_INFO.SDP.WIDE_PRIM18.ram/WEBWE[2] (net: block_design_i/accelerator_0/U0/accelerator_v1_0_S00_AXI_inst/U_WRAPPER/U_DRAM0_RD_CUST/U_FIFO/U_FIFO_CUSTOM/U0/inst_fifo_gen/gconvfifo.rf/grf.rf/gntv_or_sync_fifo.mem/gbm.gbmg.gbmga.ngecc.bmg/inst_blk_mem_gen/gnbram.gnativebmg.native_blk_mem_gen/valid.cstr/ramloop[0].ram.r/prim_noinit.ram/E[0]) which is driven by a register (block_design_i/accelerator_0/U0/accelerator_v1_0_S00_AXI_inst/U_WRAPPER/U_DRAM0/U_VALID_DELAY/U_CYCLES_GT_0.regs_reg[8][0]) that has an active asychronous set or reset. This may cause corruption of the memory contents and/or read values when the set/reset is asserted and is not analyzed by the default static timing analysis. It is suggested to eliminate the use of a set/reset to registers driving this RAMB pin or else use a synchronous reset in which the assertion of the reset is timed by default.
Related violations: <none>

REQP-1840#8 Warning
RAMB18 async control check  
The RAMB18E1 block_design_i/accelerator_0/U0/accelerator_v1_0_S00_AXI_inst/U_WRAPPER/U_DRAM0_WR/U_DRAM0_WR/U_FIFO/U0/inst_fifo_gen/gconvfifo.rf/grf.rf/gntv_or_sync_fifo.mem/gbm.gbmg.gbmga.ngecc.bmg/inst_blk_mem_gen/gnativebmg.native_blk_mem_gen/valid.cstr/ramloop[0].ram.r/prim_noinit.ram/DEVICE_7SERIES.NO_BMM_INFO.SDP.WIDE_PRIM18.ram has an input control pin block_design_i/accelerator_0/U0/accelerator_v1_0_S00_AXI_inst/U_WRAPPER/U_DRAM0_WR/U_DRAM0_WR/U_FIFO/U0/inst_fifo_gen/gconvfifo.rf/grf.rf/gntv_or_sync_fifo.mem/gbm.gbmg.gbmga.ngecc.bmg/inst_blk_mem_gen/gnativebmg.native_blk_mem_gen/valid.cstr/ramloop[0].ram.r/prim_noinit.ram/DEVICE_7SERIES.NO_BMM_INFO.SDP.WIDE_PRIM18.ram/ADDRARDADDR[5] (net: block_design_i/accelerator_0/U0/accelerator_v1_0_S00_AXI_inst/U_WRAPPER/U_DRAM0_WR/U_DRAM0_WR/U_FIFO/U0/inst_fifo_gen/gconvfifo.rf/grf.rf/gntv_or_sync_fifo.mem/gbm.gbmg.gbmga.ngecc.bmg/inst_blk_mem_gen/gnativebmg.native_blk_mem_gen/valid.cstr/ramloop[0].ram.r/prim_noinit.ram/gc0.count_d1_reg[4][0]) which is driven by a register (block_design_i/accelerator_0/U0/accelerator_v1_0_S00_AXI_inst/U_WRAPPER/U_DRAM0_WR/U_DRAM0_WR/U_FIFO/U0/inst_fifo_gen/gconvfifo.rf/grf.rf/gntv_or_sync_fifo.gl0.rd/rpntr/gc0.count_d1_reg[0]) that has an active asychronous set or reset. This may cause corruption of the memory contents and/or read values when the set/reset is asserted and is not analyzed by the default static timing analysis. It is suggested to eliminate the use of a set/reset to registers driving this RAMB pin or else use a synchronous reset in which the assertion of the reset is timed by default.
Related violations: <none>

REQP-1840#9 Warning
RAMB18 async control check  
The RAMB18E1 block_design_i/accelerator_0/U0/accelerator_v1_0_S00_AXI_inst/U_WRAPPER/U_DRAM0_WR/U_DRAM0_WR/U_FIFO/U0/inst_fifo_gen/gconvfifo.rf/grf.rf/gntv_or_sync_fifo.mem/gbm.gbmg.gbmga.ngecc.bmg/inst_blk_mem_gen/gnativebmg.native_blk_mem_gen/valid.cstr/ramloop[0].ram.r/prim_noinit.ram/DEVICE_7SERIES.NO_BMM_INFO.SDP.WIDE_PRIM18.ram has an input control pin block_design_i/accelerator_0/U0/accelerator_v1_0_S00_AXI_inst/U_WRAPPER/U_DRAM0_WR/U_DRAM0_WR/U_FIFO/U0/inst_fifo_gen/gconvfifo.rf/grf.rf/gntv_or_sync_fifo.mem/gbm.gbmg.gbmga.ngecc.bmg/inst_blk_mem_gen/gnativebmg.native_blk_mem_gen/valid.cstr/ramloop[0].ram.r/prim_noinit.ram/DEVICE_7SERIES.NO_BMM_INFO.SDP.WIDE_PRIM18.ram/ADDRARDADDR[6] (net: block_design_i/accelerator_0/U0/accelerator_v1_0_S00_AXI_inst/U_WRAPPER/U_DRAM0_WR/U_DRAM0_WR/U_FIFO/U0/inst_fifo_gen/gconvfifo.rf/grf.rf/gntv_or_sync_fifo.mem/gbm.gbmg.gbmga.ngecc.bmg/inst_blk_mem_gen/gnativebmg.native_blk_mem_gen/valid.cstr/ramloop[0].ram.r/prim_noinit.ram/gc0.count_d1_reg[4][1]) which is driven by a register (block_design_i/accelerator_0/U0/accelerator_v1_0_S00_AXI_inst/U_WRAPPER/U_DRAM0_WR/U_DRAM0_WR/U_FIFO/U0/inst_fifo_gen/gconvfifo.rf/grf.rf/gntv_or_sync_fifo.gl0.rd/rpntr/gc0.count_d1_reg[1]) that has an active asychronous set or reset. This may cause corruption of the memory contents and/or read values when the set/reset is asserted and is not analyzed by the default static timing analysis. It is suggested to eliminate the use of a set/reset to registers driving this RAMB pin or else use a synchronous reset in which the assertion of the reset is timed by default.
Related violations: <none>

REQP-1840#10 Warning
RAMB18 async control check  
The RAMB18E1 block_design_i/accelerator_0/U0/accelerator_v1_0_S00_AXI_inst/U_WRAPPER/U_DRAM0_WR/U_DRAM0_WR/U_FIFO/U0/inst_fifo_gen/gconvfifo.rf/grf.rf/gntv_or_sync_fifo.mem/gbm.gbmg.gbmga.ngecc.bmg/inst_blk_mem_gen/gnativebmg.native_blk_mem_gen/valid.cstr/ramloop[0].ram.r/prim_noinit.ram/DEVICE_7SERIES.NO_BMM_INFO.SDP.WIDE_PRIM18.ram has an input control pin block_design_i/accelerator_0/U0/accelerator_v1_0_S00_AXI_inst/U_WRAPPER/U_DRAM0_WR/U_DRAM0_WR/U_FIFO/U0/inst_fifo_gen/gconvfifo.rf/grf.rf/gntv_or_sync_fifo.mem/gbm.gbmg.gbmga.ngecc.bmg/inst_blk_mem_gen/gnativebmg.native_blk_mem_gen/valid.cstr/ramloop[0].ram.r/prim_noinit.ram/DEVICE_7SERIES.NO_BMM_INFO.SDP.WIDE_PRIM18.ram/ADDRARDADDR[7] (net: block_design_i/accelerator_0/U0/accelerator_v1_0_S00_AXI_inst/U_WRAPPER/U_DRAM0_WR/U_DRAM0_WR/U_FIFO/U0/inst_fifo_gen/gconvfifo.rf/grf.rf/gntv_or_sync_fifo.mem/gbm.gbmg.gbmga.ngecc.bmg/inst_blk_mem_gen/gnativebmg.native_blk_mem_gen/valid.cstr/ramloop[0].ram.r/prim_noinit.ram/gc0.count_d1_reg[4][2]) which is driven by a register (block_design_i/accelerator_0/U0/accelerator_v1_0_S00_AXI_inst/U_WRAPPER/U_DRAM0_WR/U_DRAM0_WR/U_FIFO/U0/inst_fifo_gen/gconvfifo.rf/grf.rf/gntv_or_sync_fifo.gl0.rd/rpntr/gc0.count_d1_reg[2]) that has an active asychronous set or reset. This may cause corruption of the memory contents and/or read values when the set/reset is asserted and is not analyzed by the default static timing analysis. It is suggested to eliminate the use of a set/reset to registers driving this RAMB pin or else use a synchronous reset in which the assertion of the reset is timed by default.
Related violations: <none>

REQP-1840#11 Warning
RAMB18 async control check  
The RAMB18E1 block_design_i/accelerator_0/U0/accelerator_v1_0_S00_AXI_inst/U_WRAPPER/U_DRAM0_WR/U_DRAM0_WR/U_FIFO/U0/inst_fifo_gen/gconvfifo.rf/grf.rf/gntv_or_sync_fifo.mem/gbm.gbmg.gbmga.ngecc.bmg/inst_blk_mem_gen/gnativebmg.native_blk_mem_gen/valid.cstr/ramloop[0].ram.r/prim_noinit.ram/DEVICE_7SERIES.NO_BMM_INFO.SDP.WIDE_PRIM18.ram has an input control pin block_design_i/accelerator_0/U0/accelerator_v1_0_S00_AXI_inst/U_WRAPPER/U_DRAM0_WR/U_DRAM0_WR/U_FIFO/U0/inst_fifo_gen/gconvfifo.rf/grf.rf/gntv_or_sync_fifo.mem/gbm.gbmg.gbmga.ngecc.bmg/inst_blk_mem_gen/gnativebmg.native_blk_mem_gen/valid.cstr/ramloop[0].ram.r/prim_noinit.ram/DEVICE_7SERIES.NO_BMM_INFO.SDP.WIDE_PRIM18.ram/ADDRARDADDR[8] (net: block_design_i/accelerator_0/U0/accelerator_v1_0_S00_AXI_inst/U_WRAPPER/U_DRAM0_WR/U_DRAM0_WR/U_FIFO/U0/inst_fifo_gen/gconvfifo.rf/grf.rf/gntv_or_sync_fifo.mem/gbm.gbmg.gbmga.ngecc.bmg/inst_blk_mem_gen/gnativebmg.native_blk_mem_gen/valid.cstr/ramloop[0].ram.r/prim_noinit.ram/gc0.count_d1_reg[4][3]) which is driven by a register (block_design_i/accelerator_0/U0/accelerator_v1_0_S00_AXI_inst/U_WRAPPER/U_DRAM0_WR/U_DRAM0_WR/U_FIFO/U0/inst_fifo_gen/gconvfifo.rf/grf.rf/gntv_or_sync_fifo.gl0.rd/rpntr/gc0.count_d1_reg[3]) that has an active asychronous set or reset. This may cause corruption of the memory contents and/or read values when the set/reset is asserted and is not analyzed by the default static timing analysis. It is suggested to eliminate the use of a set/reset to registers driving this RAMB pin or else use a synchronous reset in which the assertion of the reset is timed by default.
Related violations: <none>

REQP-1840#12 Warning
RAMB18 async control check  
The RAMB18E1 block_design_i/accelerator_0/U0/accelerator_v1_0_S00_AXI_inst/U_WRAPPER/U_DRAM0_WR/U_DRAM0_WR/U_FIFO/U0/inst_fifo_gen/gconvfifo.rf/grf.rf/gntv_or_sync_fifo.mem/gbm.gbmg.gbmga.ngecc.bmg/inst_blk_mem_gen/gnativebmg.native_blk_mem_gen/valid.cstr/ramloop[0].ram.r/prim_noinit.ram/DEVICE_7SERIES.NO_BMM_INFO.SDP.WIDE_PRIM18.ram has an input control pin block_design_i/accelerator_0/U0/accelerator_v1_0_S00_AXI_inst/U_WRAPPER/U_DRAM0_WR/U_DRAM0_WR/U_FIFO/U0/inst_fifo_gen/gconvfifo.rf/grf.rf/gntv_or_sync_fifo.mem/gbm.gbmg.gbmga.ngecc.bmg/inst_blk_mem_gen/gnativebmg.native_blk_mem_gen/valid.cstr/ramloop[0].ram.r/prim_noinit.ram/DEVICE_7SERIES.NO_BMM_INFO.SDP.WIDE_PRIM18.ram/ADDRARDADDR[9] (net: block_design_i/accelerator_0/U0/accelerator_v1_0_S00_AXI_inst/U_WRAPPER/U_DRAM0_WR/U_DRAM0_WR/U_FIFO/U0/inst_fifo_gen/gconvfifo.rf/grf.rf/gntv_or_sync_fifo.mem/gbm.gbmg.gbmga.ngecc.bmg/inst_blk_mem_gen/gnativebmg.native_blk_mem_gen/valid.cstr/ramloop[0].ram.r/prim_noinit.ram/gc0.count_d1_reg[4][4]) which is driven by a register (block_design_i/accelerator_0/U0/accelerator_v1_0_S00_AXI_inst/U_WRAPPER/U_DRAM0_WR/U_DRAM0_WR/U_FIFO/U0/inst_fifo_gen/gconvfifo.rf/grf.rf/gntv_or_sync_fifo.gl0.rd/rpntr/gc0.count_d1_reg[4]) that has an active asychronous set or reset. This may cause corruption of the memory contents and/or read values when the set/reset is asserted and is not analyzed by the default static timing analysis. It is suggested to eliminate the use of a set/reset to registers driving this RAMB pin or else use a synchronous reset in which the assertion of the reset is timed by default.
Related violations: <none>

REQP-1840#13 Warning
RAMB18 async control check  
The RAMB18E1 block_design_i/accelerator_0/U0/accelerator_v1_0_S00_AXI_inst/U_WRAPPER/U_DRAM0_WR/U_DRAM0_WR/U_FIFO/U0/inst_fifo_gen/gconvfifo.rf/grf.rf/gntv_or_sync_fifo.mem/gbm.gbmg.gbmga.ngecc.bmg/inst_blk_mem_gen/gnativebmg.native_blk_mem_gen/valid.cstr/ramloop[0].ram.r/prim_noinit.ram/DEVICE_7SERIES.NO_BMM_INFO.SDP.WIDE_PRIM18.ram has an input control pin block_design_i/accelerator_0/U0/accelerator_v1_0_S00_AXI_inst/U_WRAPPER/U_DRAM0_WR/U_DRAM0_WR/U_FIFO/U0/inst_fifo_gen/gconvfifo.rf/grf.rf/gntv_or_sync_fifo.mem/gbm.gbmg.gbmga.ngecc.bmg/inst_blk_mem_gen/gnativebmg.native_blk_mem_gen/valid.cstr/ramloop[0].ram.r/prim_noinit.ram/DEVICE_7SERIES.NO_BMM_INFO.SDP.WIDE_PRIM18.ram/ADDRBWRADDR[5] (net: block_design_i/accelerator_0/U0/accelerator_v1_0_S00_AXI_inst/U_WRAPPER/U_DRAM0_WR/U_DRAM0_WR/U_FIFO/U0/inst_fifo_gen/gconvfifo.rf/grf.rf/gntv_or_sync_fifo.mem/gbm.gbmg.gbmga.ngecc.bmg/inst_blk_mem_gen/gnativebmg.native_blk_mem_gen/valid.cstr/ramloop[0].ram.r/prim_noinit.ram/gic0.gc0.count_d2_reg[4][0]) which is driven by a register (block_design_i/accelerator_0/U0/accelerator_v1_0_S00_AXI_inst/U_WRAPPER/U_DRAM0_WR/U_DRAM0_WR/U_FIFO/U0/inst_fifo_gen/gconvfifo.rf/grf.rf/gntv_or_sync_fifo.gl0.wr/wpntr/gic0.gc0.count_d2_reg[0]) that has an active asychronous set or reset. This may cause corruption of the memory contents and/or read values when the set/reset is asserted and is not analyzed by the default static timing analysis. It is suggested to eliminate the use of a set/reset to registers driving this RAMB pin or else use a synchronous reset in which the assertion of the reset is timed by default.
Related violations: <none>

REQP-1840#14 Warning
RAMB18 async control check  
The RAMB18E1 block_design_i/accelerator_0/U0/accelerator_v1_0_S00_AXI_inst/U_WRAPPER/U_DRAM0_WR/U_DRAM0_WR/U_FIFO/U0/inst_fifo_gen/gconvfifo.rf/grf.rf/gntv_or_sync_fifo.mem/gbm.gbmg.gbmga.ngecc.bmg/inst_blk_mem_gen/gnativebmg.native_blk_mem_gen/valid.cstr/ramloop[0].ram.r/prim_noinit.ram/DEVICE_7SERIES.NO_BMM_INFO.SDP.WIDE_PRIM18.ram has an input control pin block_design_i/accelerator_0/U0/accelerator_v1_0_S00_AXI_inst/U_WRAPPER/U_DRAM0_WR/U_DRAM0_WR/U_FIFO/U0/inst_fifo_gen/gconvfifo.rf/grf.rf/gntv_or_sync_fifo.mem/gbm.gbmg.gbmga.ngecc.bmg/inst_blk_mem_gen/gnativebmg.native_blk_mem_gen/valid.cstr/ramloop[0].ram.r/prim_noinit.ram/DEVICE_7SERIES.NO_BMM_INFO.SDP.WIDE_PRIM18.ram/ADDRBWRADDR[6] (net: block_design_i/accelerator_0/U0/accelerator_v1_0_S00_AXI_inst/U_WRAPPER/U_DRAM0_WR/U_DRAM0_WR/U_FIFO/U0/inst_fifo_gen/gconvfifo.rf/grf.rf/gntv_or_sync_fifo.mem/gbm.gbmg.gbmga.ngecc.bmg/inst_blk_mem_gen/gnativebmg.native_blk_mem_gen/valid.cstr/ramloop[0].ram.r/prim_noinit.ram/gic0.gc0.count_d2_reg[4][1]) which is driven by a register (block_design_i/accelerator_0/U0/accelerator_v1_0_S00_AXI_inst/U_WRAPPER/U_DRAM0_WR/U_DRAM0_WR/U_FIFO/U0/inst_fifo_gen/gconvfifo.rf/grf.rf/gntv_or_sync_fifo.gl0.wr/wpntr/gic0.gc0.count_d2_reg[1]) that has an active asychronous set or reset. This may cause corruption of the memory contents and/or read values when the set/reset is asserted and is not analyzed by the default static timing analysis. It is suggested to eliminate the use of a set/reset to registers driving this RAMB pin or else use a synchronous reset in which the assertion of the reset is timed by default.
Related violations: <none>

REQP-1840#15 Warning
RAMB18 async control check  
The RAMB18E1 block_design_i/accelerator_0/U0/accelerator_v1_0_S00_AXI_inst/U_WRAPPER/U_DRAM0_WR/U_DRAM0_WR/U_FIFO/U0/inst_fifo_gen/gconvfifo.rf/grf.rf/gntv_or_sync_fifo.mem/gbm.gbmg.gbmga.ngecc.bmg/inst_blk_mem_gen/gnativebmg.native_blk_mem_gen/valid.cstr/ramloop[0].ram.r/prim_noinit.ram/DEVICE_7SERIES.NO_BMM_INFO.SDP.WIDE_PRIM18.ram has an input control pin block_design_i/accelerator_0/U0/accelerator_v1_0_S00_AXI_inst/U_WRAPPER/U_DRAM0_WR/U_DRAM0_WR/U_FIFO/U0/inst_fifo_gen/gconvfifo.rf/grf.rf/gntv_or_sync_fifo.mem/gbm.gbmg.gbmga.ngecc.bmg/inst_blk_mem_gen/gnativebmg.native_blk_mem_gen/valid.cstr/ramloop[0].ram.r/prim_noinit.ram/DEVICE_7SERIES.NO_BMM_INFO.SDP.WIDE_PRIM18.ram/ADDRBWRADDR[7] (net: block_design_i/accelerator_0/U0/accelerator_v1_0_S00_AXI_inst/U_WRAPPER/U_DRAM0_WR/U_DRAM0_WR/U_FIFO/U0/inst_fifo_gen/gconvfifo.rf/grf.rf/gntv_or_sync_fifo.mem/gbm.gbmg.gbmga.ngecc.bmg/inst_blk_mem_gen/gnativebmg.native_blk_mem_gen/valid.cstr/ramloop[0].ram.r/prim_noinit.ram/gic0.gc0.count_d2_reg[4][2]) which is driven by a register (block_design_i/accelerator_0/U0/accelerator_v1_0_S00_AXI_inst/U_WRAPPER/U_DRAM0_WR/U_DRAM0_WR/U_FIFO/U0/inst_fifo_gen/gconvfifo.rf/grf.rf/gntv_or_sync_fifo.gl0.wr/wpntr/gic0.gc0.count_d2_reg[2]) that has an active asychronous set or reset. This may cause corruption of the memory contents and/or read values when the set/reset is asserted and is not analyzed by the default static timing analysis. It is suggested to eliminate the use of a set/reset to registers driving this RAMB pin or else use a synchronous reset in which the assertion of the reset is timed by default.
Related violations: <none>

REQP-1840#16 Warning
RAMB18 async control check  
The RAMB18E1 block_design_i/accelerator_0/U0/accelerator_v1_0_S00_AXI_inst/U_WRAPPER/U_DRAM0_WR/U_DRAM0_WR/U_FIFO/U0/inst_fifo_gen/gconvfifo.rf/grf.rf/gntv_or_sync_fifo.mem/gbm.gbmg.gbmga.ngecc.bmg/inst_blk_mem_gen/gnativebmg.native_blk_mem_gen/valid.cstr/ramloop[0].ram.r/prim_noinit.ram/DEVICE_7SERIES.NO_BMM_INFO.SDP.WIDE_PRIM18.ram has an input control pin block_design_i/accelerator_0/U0/accelerator_v1_0_S00_AXI_inst/U_WRAPPER/U_DRAM0_WR/U_DRAM0_WR/U_FIFO/U0/inst_fifo_gen/gconvfifo.rf/grf.rf/gntv_or_sync_fifo.mem/gbm.gbmg.gbmga.ngecc.bmg/inst_blk_mem_gen/gnativebmg.native_blk_mem_gen/valid.cstr/ramloop[0].ram.r/prim_noinit.ram/DEVICE_7SERIES.NO_BMM_INFO.SDP.WIDE_PRIM18.ram/ADDRBWRADDR[8] (net: block_design_i/accelerator_0/U0/accelerator_v1_0_S00_AXI_inst/U_WRAPPER/U_DRAM0_WR/U_DRAM0_WR/U_FIFO/U0/inst_fifo_gen/gconvfifo.rf/grf.rf/gntv_or_sync_fifo.mem/gbm.gbmg.gbmga.ngecc.bmg/inst_blk_mem_gen/gnativebmg.native_blk_mem_gen/valid.cstr/ramloop[0].ram.r/prim_noinit.ram/gic0.gc0.count_d2_reg[4][3]) which is driven by a register (block_design_i/accelerator_0/U0/accelerator_v1_0_S00_AXI_inst/U_WRAPPER/U_DRAM0_WR/U_DRAM0_WR/U_FIFO/U0/inst_fifo_gen/gconvfifo.rf/grf.rf/gntv_or_sync_fifo.gl0.wr/wpntr/gic0.gc0.count_d2_reg[3]) that has an active asychronous set or reset. This may cause corruption of the memory contents and/or read values when the set/reset is asserted and is not analyzed by the default static timing analysis. It is suggested to eliminate the use of a set/reset to registers driving this RAMB pin or else use a synchronous reset in which the assertion of the reset is timed by default.
Related violations: <none>

REQP-1840#17 Warning
RAMB18 async control check  
The RAMB18E1 block_design_i/accelerator_0/U0/accelerator_v1_0_S00_AXI_inst/U_WRAPPER/U_DRAM0_WR/U_DRAM0_WR/U_FIFO/U0/inst_fifo_gen/gconvfifo.rf/grf.rf/gntv_or_sync_fifo.mem/gbm.gbmg.gbmga.ngecc.bmg/inst_blk_mem_gen/gnativebmg.native_blk_mem_gen/valid.cstr/ramloop[0].ram.r/prim_noinit.ram/DEVICE_7SERIES.NO_BMM_INFO.SDP.WIDE_PRIM18.ram has an input control pin block_design_i/accelerator_0/U0/accelerator_v1_0_S00_AXI_inst/U_WRAPPER/U_DRAM0_WR/U_DRAM0_WR/U_FIFO/U0/inst_fifo_gen/gconvfifo.rf/grf.rf/gntv_or_sync_fifo.mem/gbm.gbmg.gbmga.ngecc.bmg/inst_blk_mem_gen/gnativebmg.native_blk_mem_gen/valid.cstr/ramloop[0].ram.r/prim_noinit.ram/DEVICE_7SERIES.NO_BMM_INFO.SDP.WIDE_PRIM18.ram/ADDRBWRADDR[9] (net: block_design_i/accelerator_0/U0/accelerator_v1_0_S00_AXI_inst/U_WRAPPER/U_DRAM0_WR/U_DRAM0_WR/U_FIFO/U0/inst_fifo_gen/gconvfifo.rf/grf.rf/gntv_or_sync_fifo.mem/gbm.gbmg.gbmga.ngecc.bmg/inst_blk_mem_gen/gnativebmg.native_blk_mem_gen/valid.cstr/ramloop[0].ram.r/prim_noinit.ram/gic0.gc0.count_d2_reg[4][4]) which is driven by a register (block_design_i/accelerator_0/U0/accelerator_v1_0_S00_AXI_inst/U_WRAPPER/U_DRAM0_WR/U_DRAM0_WR/U_FIFO/U0/inst_fifo_gen/gconvfifo.rf/grf.rf/gntv_or_sync_fifo.gl0.wr/wpntr/gic0.gc0.count_d2_reg[4]) that has an active asychronous set or reset. This may cause corruption of the memory contents and/or read values when the set/reset is asserted and is not analyzed by the default static timing analysis. It is suggested to eliminate the use of a set/reset to registers driving this RAMB pin or else use a synchronous reset in which the assertion of the reset is timed by default.
Related violations: <none>

REQP-1840#18 Warning
RAMB18 async control check  
The RAMB18E1 block_design_i/accelerator_0/U0/accelerator_v1_0_S00_AXI_inst/U_WRAPPER/U_DRAM0_WR/U_DRAM0_WR/U_FIFO/U0/inst_fifo_gen/gconvfifo.rf/grf.rf/gntv_or_sync_fifo.mem/gbm.gbmg.gbmga.ngecc.bmg/inst_blk_mem_gen/gnativebmg.native_blk_mem_gen/valid.cstr/ramloop[0].ram.r/prim_noinit.ram/DEVICE_7SERIES.NO_BMM_INFO.SDP.WIDE_PRIM18.ram has an input control pin block_design_i/accelerator_0/U0/accelerator_v1_0_S00_AXI_inst/U_WRAPPER/U_DRAM0_WR/U_DRAM0_WR/U_FIFO/U0/inst_fifo_gen/gconvfifo.rf/grf.rf/gntv_or_sync_fifo.mem/gbm.gbmg.gbmga.ngecc.bmg/inst_blk_mem_gen/gnativebmg.native_blk_mem_gen/valid.cstr/ramloop[0].ram.r/prim_noinit.ram/DEVICE_7SERIES.NO_BMM_INFO.SDP.WIDE_PRIM18.ram/ENARDEN (net: block_design_i/accelerator_0/U0/accelerator_v1_0_S00_AXI_inst/U_WRAPPER/U_DRAM0_WR/U_DRAM0_WR/U_FIFO/U0/inst_fifo_gen/gconvfifo.rf/grf.rf/gntv_or_sync_fifo.mem/gbm.gbmg.gbmga.ngecc.bmg/inst_blk_mem_gen/gnativebmg.native_blk_mem_gen/valid.cstr/ramloop[0].ram.r/prim_noinit.ram/tmp_ram_rd_en) which is driven by a register (block_design_i/accelerator_0/U0/accelerator_v1_0_S00_AXI_inst/U_WRAPPER/U_DRAM0_WR/U_DRAM0_WR/U_FIFO/U0/inst_fifo_gen/gconvfifo.rf/grf.rf/gntv_or_sync_fifo.gl0.rd/gr1.rfwft/gpregsm1.curr_fwft_state_reg[0]) that has an active asychronous set or reset. This may cause corruption of the memory contents and/or read values when the set/reset is asserted and is not analyzed by the default static timing analysis. It is suggested to eliminate the use of a set/reset to registers driving this RAMB pin or else use a synchronous reset in which the assertion of the reset is timed by default.
Related violations: <none>

REQP-1840#19 Warning
RAMB18 async control check  
The RAMB18E1 block_design_i/accelerator_0/U0/accelerator_v1_0_S00_AXI_inst/U_WRAPPER/U_DRAM0_WR/U_DRAM0_WR/U_FIFO/U0/inst_fifo_gen/gconvfifo.rf/grf.rf/gntv_or_sync_fifo.mem/gbm.gbmg.gbmga.ngecc.bmg/inst_blk_mem_gen/gnativebmg.native_blk_mem_gen/valid.cstr/ramloop[0].ram.r/prim_noinit.ram/DEVICE_7SERIES.NO_BMM_INFO.SDP.WIDE_PRIM18.ram has an input control pin block_design_i/accelerator_0/U0/accelerator_v1_0_S00_AXI_inst/U_WRAPPER/U_DRAM0_WR/U_DRAM0_WR/U_FIFO/U0/inst_fifo_gen/gconvfifo.rf/grf.rf/gntv_or_sync_fifo.mem/gbm.gbmg.gbmga.ngecc.bmg/inst_blk_mem_gen/gnativebmg.native_blk_mem_gen/valid.cstr/ramloop[0].ram.r/prim_noinit.ram/DEVICE_7SERIES.NO_BMM_INFO.SDP.WIDE_PRIM18.ram/ENARDEN (net: block_design_i/accelerator_0/U0/accelerator_v1_0_S00_AXI_inst/U_WRAPPER/U_DRAM0_WR/U_DRAM0_WR/U_FIFO/U0/inst_fifo_gen/gconvfifo.rf/grf.rf/gntv_or_sync_fifo.mem/gbm.gbmg.gbmga.ngecc.bmg/inst_blk_mem_gen/gnativebmg.native_blk_mem_gen/valid.cstr/ramloop[0].ram.r/prim_noinit.ram/tmp_ram_rd_en) which is driven by a register (block_design_i/accelerator_0/U0/accelerator_v1_0_S00_AXI_inst/U_WRAPPER/U_DRAM0_WR/U_DRAM0_WR/U_FIFO/U0/inst_fifo_gen/gconvfifo.rf/grf.rf/gntv_or_sync_fifo.gl0.rd/gras.rsts/ram_empty_fb_i_reg) that has an active asychronous set or reset. This may cause corruption of the memory contents and/or read values when the set/reset is asserted and is not analyzed by the default static timing analysis. It is suggested to eliminate the use of a set/reset to registers driving this RAMB pin or else use a synchronous reset in which the assertion of the reset is timed by default.
Related violations: <none>

REQP-1840#20 Warning
RAMB18 async control check  
The RAMB18E1 block_design_i/accelerator_0/U0/accelerator_v1_0_S00_AXI_inst/U_WRAPPER/U_DRAM0_WR/U_DRAM0_WR/U_FIFO/U0/inst_fifo_gen/gconvfifo.rf/grf.rf/gntv_or_sync_fifo.mem/gbm.gbmg.gbmga.ngecc.bmg/inst_blk_mem_gen/gnativebmg.native_blk_mem_gen/valid.cstr/ramloop[0].ram.r/prim_noinit.ram/DEVICE_7SERIES.NO_BMM_INFO.SDP.WIDE_PRIM18.ram has an input control pin block_design_i/accelerator_0/U0/accelerator_v1_0_S00_AXI_inst/U_WRAPPER/U_DRAM0_WR/U_DRAM0_WR/U_FIFO/U0/inst_fifo_gen/gconvfifo.rf/grf.rf/gntv_or_sync_fifo.mem/gbm.gbmg.gbmga.ngecc.bmg/inst_blk_mem_gen/gnativebmg.native_blk_mem_gen/valid.cstr/ramloop[0].ram.r/prim_noinit.ram/DEVICE_7SERIES.NO_BMM_INFO.SDP.WIDE_PRIM18.ram/ENARDEN (net: block_design_i/accelerator_0/U0/accelerator_v1_0_S00_AXI_inst/U_WRAPPER/U_DRAM0_WR/U_DRAM0_WR/U_FIFO/U0/inst_fifo_gen/gconvfifo.rf/grf.rf/gntv_or_sync_fifo.mem/gbm.gbmg.gbmga.ngecc.bmg/inst_blk_mem_gen/gnativebmg.native_blk_mem_gen/valid.cstr/ramloop[0].ram.r/prim_noinit.ram/tmp_ram_rd_en) which is driven by a register (block_design_i/accelerator_0/U0/accelerator_v1_0_S00_AXI_inst/U_WRAPPER/U_DRAM0_WR/U_DRAM0_WR/U_FIFO/U0/inst_fifo_gen/gconvfifo.rf/grf.rf/rstblk/ngwrdrst.grst.g7serrst.rd_rst_reg_reg[0]) that has an active asychronous set or reset. This may cause corruption of the memory contents and/or read values when the set/reset is asserted and is not analyzed by the default static timing analysis. It is suggested to eliminate the use of a set/reset to registers driving this RAMB pin or else use a synchronous reset in which the assertion of the reset is timed by default.
Related violations: <none>

RTSTAT-10#1 Warning
No routable loads  
11 net(s) have no routable loads. The problem bus(es) and/or net(s) are block_design_i/accelerator_0/U0/accelerator_v1_0_S00_AXI_inst/U_WRAPPER/U_DRAM0_RD_CUST/U_FIFO/U_FIFO_CUSTOM/U0/inst_fifo_gen/gconvfifo.rf/grf.rf/gntv_or_sync_fifo.gl0.rd/gr1.gr1_int.rfwft/aempty_fwft_i,
block_design_i/accelerator_0/U0/accelerator_v1_0_S00_AXI_inst/U_WRAPPER/U_DRAM0_RD_CUST/U_FIFO/U_FIFO_CUSTOM/U0/inst_fifo_gen/gconvfifo.rf/grf.rf/gntv_or_sync_fifo.gl0.rd/gr1.gr1_int.rfwft/user_valid,
block_design_i/accelerator_0/U0/accelerator_v1_0_S00_AXI_inst/U_WRAPPER/U_DRAM0_RD_CUST/U_FIFO/U_FIFO_CUSTOM/U0/inst_fifo_gen/gconvfifo.rf/grf.rf/gntv_or_sync_fifo.gl0.rd/gras.rsts/ram_empty_i,
block_design_i/accelerator_0/U0/accelerator_v1_0_S00_AXI_inst/U_WRAPPER/U_DRAM0_RD_CUST/U_FIFO/U_FIFO_CUSTOM/U0/inst_fifo_gen/gconvfifo.rf/grf.rf/gntv_or_sync_fifo.gl0.wr/gwas.wsts/ram_full_i,
block_design_i/accelerator_0/U0/accelerator_v1_0_S00_AXI_inst/U_WRAPPER/U_DRAM0_RD_CUST/U_FIFO/U_FIFO_CUSTOM/U0/inst_fifo_gen/gconvfifo.rf/grf.rf/gntv_or_sync_fifo.mem/gbm.gbmg.gbmga.ngecc.bmg/inst_blk_mem_gen/gnbram.gnativebmg.native_blk_mem_gen/valid.cstr/ramloop[0].ram.r/ENA_dly_D,
block_design_i/accelerator_0/U0/accelerator_v1_0_S00_AXI_inst/U_WRAPPER/U_DRAM0_RD_CUST/U_FIFO/U_FIFO_CUSTOM/U0/inst_fifo_gen/gconvfifo.rf/grf.rf/rstblk/rd_rst_reg[2:0]
block_design_i/accelerator_0/U0/accelerator_v1_0_S00_AXI_inst/U_WRAPPER/U_DRAM0_RD_CUST/U_FIFO/U_FIFO_CUSTOM/U0/inst_fifo_gen/gconvfifo.rf/grf.rf/rstblk/wr_rst_reg[2:0].
Related violations: <none>


