Copyright 1986-2021 Xilinx, Inc. All Rights Reserved.
---------------------------------------------------------------------------------------------------------------------------------------------------------------------------------------------
| Tool Version : Vivado v.2021.1 (win64) Build 3247384 Thu Jun 10 19:36:33 MDT 2021
| Date         : Mon Dec  6 11:33:40 2021
| Host         : DESKTOP-UNKKMEU running 64-bit major release  (build 9200)
| Command      : report_bus_skew -warn_on_violation -file block_design_wrapper_bus_skew_routed.rpt -pb block_design_wrapper_bus_skew_routed.pb -rpx block_design_wrapper_bus_skew_routed.rpx
| Design       : block_design_wrapper
| Device       : 7z020-clg484
| Speed File   : -1  PRODUCTION 1.12 2019-11-22
---------------------------------------------------------------------------------------------------------------------------------------------------------------------------------------------

Bus Skew Report

Table of Contents
-----------------
1. Bus Skew Report Summary
2. Bus Skew Report Per Constraint

1. Bus Skew Report Summary
--------------------------

Id  Position  From                            To                              Corner  Requirement(ns)  Actual(ns)  Slack(ns)
--  --------  ------------------------------  ------------------------------  ------  ---------------  ----------  ---------
1   11        [get_cells [list {block_design_i/accelerator_0/U0/accelerator_v1_0_S00_AXI_inst/U_WRAPPER/U_DRAM0_RD_CUST/U_FIFO/U_FIFO_CUSTOM/U0/inst_fifo_gen/gconvfifo.rf/grf.rf/gntv_or_sync_fifo.gcx.clkx/wr_pntr_cdc_inst/src_gray_ff_reg[0]} {block_design_i/accelerator_0/U0/accelerator_v1_0_S00_AXI_inst/U_WRAPPER/U_DRAM0_RD_CUST/U_FIFO/U_FIFO_CUSTOM/U0/inst_fifo_gen/gconvfifo.rf/grf.rf/gntv_or_sync_fifo.gcx.clkx/wr_pntr_cdc_inst/src_gray_ff_reg[1]} {block_design_i/accelerator_0/U0/accelerator_v1_0_S00_AXI_inst/U_WRAPPER/U_DRAM0_RD_CUST/U_FIFO/U_FIFO_CUSTOM/U0/inst_fifo_gen/gconvfifo.rf/grf.rf/gntv_or_sync_fifo.gcx.clkx/wr_pntr_cdc_inst/src_gray_ff_reg[2]} {block_design_i/accelerator_0/U0/accelerator_v1_0_S00_AXI_inst/U_WRAPPER/U_DRAM0_RD_CUST/U_FIFO/U_FIFO_CUSTOM/U0/inst_fifo_gen/gconvfifo.rf/grf.rf/gntv_or_sync_fifo.gcx.clkx/wr_pntr_cdc_inst/src_gray_ff_reg[3]} {block_design_i/accelerator_0/U0/accelerator_v1_0_S00_AXI_inst/U_WRAPPER/U_DRAM0_RD_CUST/U_FIFO/U_FIFO_CUSTOM/U0/inst_fifo_gen/gconvfifo.rf/grf.rf/gntv_or_sync_fifo.gcx.clkx/wr_pntr_cdc_inst/src_gray_ff_reg[4]} {block_design_i/accelerator_0/U0/accelerator_v1_0_S00_AXI_inst/U_WRAPPER/U_DRAM0_RD_CUST/U_FIFO/U_FIFO_CUSTOM/U0/inst_fifo_gen/gconvfifo.rf/grf.rf/gntv_or_sync_fifo.gcx.clkx/wr_pntr_cdc_inst/src_gray_ff_reg[5]}]]
                                              [get_cells [list {block_design_i/accelerator_0/U0/accelerator_v1_0_S00_AXI_inst/U_WRAPPER/U_DRAM0_RD_CUST/U_FIFO/U_FIFO_CUSTOM/U0/inst_fifo_gen/gconvfifo.rf/grf.rf/gntv_or_sync_fifo.gcx.clkx/wr_pntr_cdc_inst/dest_graysync_ff_reg[0][0]} {block_design_i/accelerator_0/U0/accelerator_v1_0_S00_AXI_inst/U_WRAPPER/U_DRAM0_RD_CUST/U_FIFO/U_FIFO_CUSTOM/U0/inst_fifo_gen/gconvfifo.rf/grf.rf/gntv_or_sync_fifo.gcx.clkx/wr_pntr_cdc_inst/dest_graysync_ff_reg[0][1]} {block_design_i/accelerator_0/U0/accelerator_v1_0_S00_AXI_inst/U_WRAPPER/U_DRAM0_RD_CUST/U_FIFO/U_FIFO_CUSTOM/U0/inst_fifo_gen/gconvfifo.rf/grf.rf/gntv_or_sync_fifo.gcx.clkx/wr_pntr_cdc_inst/dest_graysync_ff_reg[0][2]} {block_design_i/accelerator_0/U0/accelerator_v1_0_S00_AXI_inst/U_WRAPPER/U_DRAM0_RD_CUST/U_FIFO/U_FIFO_CUSTOM/U0/inst_fifo_gen/gconvfifo.rf/grf.rf/gntv_or_sync_fifo.gcx.clkx/wr_pntr_cdc_inst/dest_graysync_ff_reg[0][3]} {block_design_i/accelerator_0/U0/accelerator_v1_0_S00_AXI_inst/U_WRAPPER/U_DRAM0_RD_CUST/U_FIFO/U_FIFO_CUSTOM/U0/inst_fifo_gen/gconvfifo.rf/grf.rf/gntv_or_sync_fifo.gcx.clkx/wr_pntr_cdc_inst/dest_graysync_ff_reg[0][4]} {block_design_i/accelerator_0/U0/accelerator_v1_0_S00_AXI_inst/U_WRAPPER/U_DRAM0_RD_CUST/U_FIFO/U_FIFO_CUSTOM/U0/inst_fifo_gen/gconvfifo.rf/grf.rf/gntv_or_sync_fifo.gcx.clkx/wr_pntr_cdc_inst/dest_graysync_ff_reg[0][5]}]]
                                                                              Slow              8.000       0.874      7.126
2   13        [get_cells [list {block_design_i/accelerator_0/U0/accelerator_v1_0_S00_AXI_inst/U_WRAPPER/U_DRAM0_RD_CUST/U_FIFO/U_FIFO_CUSTOM/U0/inst_fifo_gen/gconvfifo.rf/grf.rf/gntv_or_sync_fifo.gcx.clkx/rd_pntr_cdc_inst/src_gray_ff_reg[6]} {block_design_i/accelerator_0/U0/accelerator_v1_0_S00_AXI_inst/U_WRAPPER/U_DRAM0_RD_CUST/U_FIFO/U_FIFO_CUSTOM/U0/inst_fifo_gen/gconvfifo.rf/grf.rf/gntv_or_sync_fifo.gcx.clkx/rd_pntr_cdc_inst/src_gray_ff_reg[1]} {block_design_i/accelerator_0/U0/accelerator_v1_0_S00_AXI_inst/U_WRAPPER/U_DRAM0_RD_CUST/U_FIFO/U_FIFO_CUSTOM/U0/inst_fifo_gen/gconvfifo.rf/grf.rf/gntv_or_sync_fifo.gcx.clkx/rd_pntr_cdc_inst/src_gray_ff_reg[2]} {block_design_i/accelerator_0/U0/accelerator_v1_0_S00_AXI_inst/U_WRAPPER/U_DRAM0_RD_CUST/U_FIFO/U_FIFO_CUSTOM/U0/inst_fifo_gen/gconvfifo.rf/grf.rf/gntv_or_sync_fifo.gcx.clkx/rd_pntr_cdc_inst/src_gray_ff_reg[3]} {block_design_i/accelerator_0/U0/accelerator_v1_0_S00_AXI_inst/U_WRAPPER/U_DRAM0_RD_CUST/U_FIFO/U_FIFO_CUSTOM/U0/inst_fifo_gen/gconvfifo.rf/grf.rf/gntv_or_sync_fifo.gcx.clkx/rd_pntr_cdc_inst/src_gray_ff_reg[4]} {block_design_i/accelerator_0/U0/accelerator_v1_0_S00_AXI_inst/U_WRAPPER/U_DRAM0_RD_CUST/U_FIFO/U_FIFO_CUSTOM/U0/inst_fifo_gen/gconvfifo.rf/grf.rf/gntv_or_sync_fifo.gcx.clkx/rd_pntr_cdc_inst/src_gray_ff_reg[5]}]]
                                              [get_cells [list {block_design_i/accelerator_0/U0/accelerator_v1_0_S00_AXI_inst/U_WRAPPER/U_DRAM0_RD_CUST/U_FIFO/U_FIFO_CUSTOM/U0/inst_fifo_gen/gconvfifo.rf/grf.rf/gntv_or_sync_fifo.gcx.clkx/rd_pntr_cdc_inst/dest_graysync_ff_reg[0][6]} {block_design_i/accelerator_0/U0/accelerator_v1_0_S00_AXI_inst/U_WRAPPER/U_DRAM0_RD_CUST/U_FIFO/U_FIFO_CUSTOM/U0/inst_fifo_gen/gconvfifo.rf/grf.rf/gntv_or_sync_fifo.gcx.clkx/rd_pntr_cdc_inst/dest_graysync_ff_reg[0][1]} {block_design_i/accelerator_0/U0/accelerator_v1_0_S00_AXI_inst/U_WRAPPER/U_DRAM0_RD_CUST/U_FIFO/U_FIFO_CUSTOM/U0/inst_fifo_gen/gconvfifo.rf/grf.rf/gntv_or_sync_fifo.gcx.clkx/rd_pntr_cdc_inst/dest_graysync_ff_reg[0][2]} {block_design_i/accelerator_0/U0/accelerator_v1_0_S00_AXI_inst/U_WRAPPER/U_DRAM0_RD_CUST/U_FIFO/U_FIFO_CUSTOM/U0/inst_fifo_gen/gconvfifo.rf/grf.rf/gntv_or_sync_fifo.gcx.clkx/rd_pntr_cdc_inst/dest_graysync_ff_reg[0][3]} {block_design_i/accelerator_0/U0/accelerator_v1_0_S00_AXI_inst/U_WRAPPER/U_DRAM0_RD_CUST/U_FIFO/U_FIFO_CUSTOM/U0/inst_fifo_gen/gconvfifo.rf/grf.rf/gntv_or_sync_fifo.gcx.clkx/rd_pntr_cdc_inst/dest_graysync_ff_reg[0][4]} {block_design_i/accelerator_0/U0/accelerator_v1_0_S00_AXI_inst/U_WRAPPER/U_DRAM0_RD_CUST/U_FIFO/U_FIFO_CUSTOM/U0/inst_fifo_gen/gconvfifo.rf/grf.rf/gntv_or_sync_fifo.gcx.clkx/rd_pntr_cdc_inst/dest_graysync_ff_reg[0][5]}]]
                                                                              Slow              8.000       0.851      7.149


2. Bus Skew Report Per Constraint
---------------------------------

Id: 1
set_bus_skew -from [get_cells [list {block_design_i/accelerator_0/U0/accelerator_v1_0_S00_AXI_inst/U_WRAPPER/U_DRAM0_RD_CUST/U_FIFO/U_FIFO_CUSTOM/U0/inst_fifo_gen/gconvfifo.rf/grf.rf/gntv_or_sync_fifo.gcx.clkx/wr_pntr_cdc_inst/src_gray_ff_reg[0]} {block_design_i/accelerator_0/U0/accelerator_v1_0_S00_AXI_inst/U_WRAPPER/U_DRAM0_RD_CUST/U_FIFO/U_FIFO_CUSTOM/U0/inst_fifo_gen/gconvfifo.rf/grf.rf/gntv_or_sync_fifo.gcx.clkx/wr_pntr_cdc_inst/src_gray_ff_reg[1]} {block_design_i/accelerator_0/U0/accelerator_v1_0_S00_AXI_inst/U_WRAPPER/U_DRAM0_RD_CUST/U_FIFO/U_FIFO_CUSTOM/U0/inst_fifo_gen/gconvfifo.rf/grf.rf/gntv_or_sync_fifo.gcx.clkx/wr_pntr_cdc_inst/src_gray_ff_reg[2]} {block_design_i/accelerator_0/U0/accelerator_v1_0_S00_AXI_inst/U_WRAPPER/U_DRAM0_RD_CUST/U_FIFO/U_FIFO_CUSTOM/U0/inst_fifo_gen/gconvfifo.rf/grf.rf/gntv_or_sync_fifo.gcx.clkx/wr_pntr_cdc_inst/src_gray_ff_reg[3]} {block_design_i/accelerator_0/U0/accelerator_v1_0_S00_AXI_inst/U_WRAPPER/U_DRAM0_RD_CUST/U_FIFO/U_FIFO_CUSTOM/U0/inst_fifo_gen/gconvfifo.rf/grf.rf/gntv_or_sync_fifo.gcx.clkx/wr_pntr_cdc_inst/src_gray_ff_reg[4]} {block_design_i/accelerator_0/U0/accelerator_v1_0_S00_AXI_inst/U_WRAPPER/U_DRAM0_RD_CUST/U_FIFO/U_FIFO_CUSTOM/U0/inst_fifo_gen/gconvfifo.rf/grf.rf/gntv_or_sync_fifo.gcx.clkx/wr_pntr_cdc_inst/src_gray_ff_reg[5]}]] -to [get_cells [list {block_design_i/accelerator_0/U0/accelerator_v1_0_S00_AXI_inst/U_WRAPPER/U_DRAM0_RD_CUST/U_FIFO/U_FIFO_CUSTOM/U0/inst_fifo_gen/gconvfifo.rf/grf.rf/gntv_or_sync_fifo.gcx.clkx/wr_pntr_cdc_inst/dest_graysync_ff_reg[0][0]} {block_design_i/accelerator_0/U0/accelerator_v1_0_S00_AXI_inst/U_WRAPPER/U_DRAM0_RD_CUST/U_FIFO/U_FIFO_CUSTOM/U0/inst_fifo_gen/gconvfifo.rf/grf.rf/gntv_or_sync_fifo.gcx.clkx/wr_pntr_cdc_inst/dest_graysync_ff_reg[0][1]} {block_design_i/accelerator_0/U0/accelerator_v1_0_S00_AXI_inst/U_WRAPPER/U_DRAM0_RD_CUST/U_FIFO/U_FIFO_CUSTOM/U0/inst_fifo_gen/gconvfifo.rf/grf.rf/gntv_or_sync_fifo.gcx.clkx/wr_pntr_cdc_inst/dest_graysync_ff_reg[0][2]} {block_design_i/accelerator_0/U0/accelerator_v1_0_S00_AXI_inst/U_WRAPPER/U_DRAM0_RD_CUST/U_FIFO/U_FIFO_CUSTOM/U0/inst_fifo_gen/gconvfifo.rf/grf.rf/gntv_or_sync_fifo.gcx.clkx/wr_pntr_cdc_inst/dest_graysync_ff_reg[0][3]} {block_design_i/accelerator_0/U0/accelerator_v1_0_S00_AXI_inst/U_WRAPPER/U_DRAM0_RD_CUST/U_FIFO/U_FIFO_CUSTOM/U0/inst_fifo_gen/gconvfifo.rf/grf.rf/gntv_or_sync_fifo.gcx.clkx/wr_pntr_cdc_inst/dest_graysync_ff_reg[0][4]} {block_design_i/accelerator_0/U0/accelerator_v1_0_S00_AXI_inst/U_WRAPPER/U_DRAM0_RD_CUST/U_FIFO/U_FIFO_CUSTOM/U0/inst_fifo_gen/gconvfifo.rf/grf.rf/gntv_or_sync_fifo.gcx.clkx/wr_pntr_cdc_inst/dest_graysync_ff_reg[0][5]}]] 8.000
Requirement: 8.000ns
Endpoints: 6

From Clock            To Clock              Endpoint Pin                    Reference Pin                   Corner  Actual(ns)  Slack(ns)
--------------------  --------------------  ------------------------------  ------------------------------  ------  ----------  ---------
clk_fpga_1            clk_fpga_0            block_design_i/accelerator_0/U0/accelerator_v1_0_S00_AXI_inst/U_WRAPPER/U_DRAM0_RD_CUST/U_FIFO/U_FIFO_CUSTOM/U0/inst_fifo_gen/gconvfifo.rf/grf.rf/gntv_or_sync_fifo.gcx.clkx/wr_pntr_cdc_inst/dest_graysync_ff_reg[0][0]/D
                                                                            block_design_i/accelerator_0/U0/accelerator_v1_0_S00_AXI_inst/U_WRAPPER/U_DRAM0_RD_CUST/U_FIFO/U_FIFO_CUSTOM/U0/inst_fifo_gen/gconvfifo.rf/grf.rf/gntv_or_sync_fifo.gcx.clkx/wr_pntr_cdc_inst/dest_graysync_ff_reg[0][4]/D
                                                                                                            Slow         0.874      7.126


Slack (MET) :             7.126ns  (requirement - actual skew)
  Endpoint Source:        block_design_i/accelerator_0/U0/accelerator_v1_0_S00_AXI_inst/U_WRAPPER/U_DRAM0_RD_CUST/U_FIFO/U_FIFO_CUSTOM/U0/inst_fifo_gen/gconvfifo.rf/grf.rf/gntv_or_sync_fifo.gcx.clkx/wr_pntr_cdc_inst/src_gray_ff_reg[0]/C
                            (rising edge-triggered cell FDRE clocked by clk_fpga_1)
  Endpoint Destination:   block_design_i/accelerator_0/U0/accelerator_v1_0_S00_AXI_inst/U_WRAPPER/U_DRAM0_RD_CUST/U_FIFO/U_FIFO_CUSTOM/U0/inst_fifo_gen/gconvfifo.rf/grf.rf/gntv_or_sync_fifo.gcx.clkx/wr_pntr_cdc_inst/dest_graysync_ff_reg[0][0]/D
                            (rising edge-triggered cell FDRE clocked by clk_fpga_0)
  Reference Source:       block_design_i/accelerator_0/U0/accelerator_v1_0_S00_AXI_inst/U_WRAPPER/U_DRAM0_RD_CUST/U_FIFO/U_FIFO_CUSTOM/U0/inst_fifo_gen/gconvfifo.rf/grf.rf/gntv_or_sync_fifo.gcx.clkx/wr_pntr_cdc_inst/src_gray_ff_reg[4]/C
                            (rising edge-triggered cell FDRE clocked by clk_fpga_1)
  Reference Destination:  block_design_i/accelerator_0/U0/accelerator_v1_0_S00_AXI_inst/U_WRAPPER/U_DRAM0_RD_CUST/U_FIFO/U_FIFO_CUSTOM/U0/inst_fifo_gen/gconvfifo.rf/grf.rf/gntv_or_sync_fifo.gcx.clkx/wr_pntr_cdc_inst/dest_graysync_ff_reg[0][4]/D
                            (rising edge-triggered cell FDRE clocked by clk_fpga_0)
  Path Type:              Bus Skew (Max at Slow Process Corner)
  Requirement:            8.000ns
  Endpoint Relative Delay:    1.554ns
  Reference Relative Delay:   0.326ns
  Relative CRPR:              0.526ns
  Uncertainty:                0.173ns
  Actual Bus Skew:            0.874ns  (Endpoint Relative Delay - Reference Relative Delay - Relative CRPR + Uncertainty)

Endpoint path:
    Location             Delay type                Incr(ns)  Path(ns)    Netlist Resource(s)
  -------------------------------------------------------------------    -------------------
                         (clock clk_fpga_1 rise edge)
                                                      0.000     0.000 r  
    PS7_X0Y0             PS7                          0.000     0.000 r  block_design_i/processing_system7_0/inst/PS7_i/FCLKCLK[1]
                         net (fo=1, routed)           1.193     1.193    block_design_i/processing_system7_0/inst/FCLK_CLK_unbuffered[1]
    BUFGCTRL_X0Y17       BUFG (Prop_bufg_I_O)         0.101     1.294 r  block_design_i/processing_system7_0/inst/buffer_fclk_clk_1.FCLK_CLK_1_BUFG/O
                         net (fo=671, routed)         1.640     2.934    block_design_i/accelerator_0/U0/accelerator_v1_0_S00_AXI_inst/U_WRAPPER/U_DRAM0_RD_CUST/U_FIFO/U_FIFO_CUSTOM/U0/inst_fifo_gen/gconvfifo.rf/grf.rf/gntv_or_sync_fifo.gcx.clkx/wr_pntr_cdc_inst/src_clk
    SLICE_X52Y52         FDRE                                         r  block_design_i/accelerator_0/U0/accelerator_v1_0_S00_AXI_inst/U_WRAPPER/U_DRAM0_RD_CUST/U_FIFO/U_FIFO_CUSTOM/U0/inst_fifo_gen/gconvfifo.rf/grf.rf/gntv_or_sync_fifo.gcx.clkx/wr_pntr_cdc_inst/src_gray_ff_reg[0]/C
  -------------------------------------------------------------------    -------------------
    SLICE_X52Y52         FDRE (Prop_fdre_C_Q)         0.456     3.390 r  block_design_i/accelerator_0/U0/accelerator_v1_0_S00_AXI_inst/U_WRAPPER/U_DRAM0_RD_CUST/U_FIFO/U_FIFO_CUSTOM/U0/inst_fifo_gen/gconvfifo.rf/grf.rf/gntv_or_sync_fifo.gcx.clkx/wr_pntr_cdc_inst/src_gray_ff_reg[0]/Q
                         net (fo=1, routed)           0.748     4.138    block_design_i/accelerator_0/U0/accelerator_v1_0_S00_AXI_inst/U_WRAPPER/U_DRAM0_RD_CUST/U_FIFO/U_FIFO_CUSTOM/U0/inst_fifo_gen/gconvfifo.rf/grf.rf/gntv_or_sync_fifo.gcx.clkx/wr_pntr_cdc_inst/async_path[0]
    SLICE_X51Y51         FDRE                                         r  block_design_i/accelerator_0/U0/accelerator_v1_0_S00_AXI_inst/U_WRAPPER/U_DRAM0_RD_CUST/U_FIFO/U_FIFO_CUSTOM/U0/inst_fifo_gen/gconvfifo.rf/grf.rf/gntv_or_sync_fifo.gcx.clkx/wr_pntr_cdc_inst/dest_graysync_ff_reg[0][0]/D
  -------------------------------------------------------------------    -------------------

                         (clock clk_fpga_0 rise edge)
                                                      0.000     0.000 r  
    PS7_X0Y0             PS7                          0.000     0.000 r  block_design_i/processing_system7_0/inst/PS7_i/FCLKCLK[0]
                         net (fo=1, routed)           1.088     1.088    block_design_i/processing_system7_0/inst/FCLK_CLK_unbuffered[0]
    BUFGCTRL_X0Y16       BUFG (Prop_bufg_I_O)         0.091     1.179 r  block_design_i/processing_system7_0/inst/buffer_fclk_clk_0.FCLK_CLK_0_BUFG/O
                         net (fo=10112, routed)       1.467     2.646    block_design_i/accelerator_0/U0/accelerator_v1_0_S00_AXI_inst/U_WRAPPER/U_DRAM0_RD_CUST/U_FIFO/U_FIFO_CUSTOM/U0/inst_fifo_gen/gconvfifo.rf/grf.rf/gntv_or_sync_fifo.gcx.clkx/wr_pntr_cdc_inst/dest_clk
    SLICE_X51Y51         FDRE                                         r  block_design_i/accelerator_0/U0/accelerator_v1_0_S00_AXI_inst/U_WRAPPER/U_DRAM0_RD_CUST/U_FIFO/U_FIFO_CUSTOM/U0/inst_fifo_gen/gconvfifo.rf/grf.rf/gntv_or_sync_fifo.gcx.clkx/wr_pntr_cdc_inst/dest_graysync_ff_reg[0][0]/C
                         clock pessimism              0.000     2.646    
    SLICE_X51Y51         FDRE (Setup_fdre_C_D)       -0.061     2.585    block_design_i/accelerator_0/U0/accelerator_v1_0_S00_AXI_inst/U_WRAPPER/U_DRAM0_RD_CUST/U_FIFO/U_FIFO_CUSTOM/U0/inst_fifo_gen/gconvfifo.rf/grf.rf/gntv_or_sync_fifo.gcx.clkx/wr_pntr_cdc_inst/dest_graysync_ff_reg[0][0]
  -------------------------------------------------------------------
                         data arrival                           4.138    
                         clock arrival                          2.585    
  -------------------------------------------------------------------
                         relative delay                         1.554    

Reference path:
    Location             Delay type                Incr(ns)  Path(ns)    Netlist Resource(s)
  -------------------------------------------------------------------    -------------------
                         (clock clk_fpga_1 rise edge)
                                                      0.000     0.000 r  
    PS7_X0Y0             PS7                          0.000     0.000 r  block_design_i/processing_system7_0/inst/PS7_i/FCLKCLK[1]
                         net (fo=1, routed)           1.088     1.088    block_design_i/processing_system7_0/inst/FCLK_CLK_unbuffered[1]
    BUFGCTRL_X0Y17       BUFG (Prop_bufg_I_O)         0.091     1.179 r  block_design_i/processing_system7_0/inst/buffer_fclk_clk_1.FCLK_CLK_1_BUFG/O
                         net (fo=671, routed)         1.466     2.645    block_design_i/accelerator_0/U0/accelerator_v1_0_S00_AXI_inst/U_WRAPPER/U_DRAM0_RD_CUST/U_FIFO/U_FIFO_CUSTOM/U0/inst_fifo_gen/gconvfifo.rf/grf.rf/gntv_or_sync_fifo.gcx.clkx/wr_pntr_cdc_inst/src_clk
    SLICE_X52Y54         FDRE                                         r  block_design_i/accelerator_0/U0/accelerator_v1_0_S00_AXI_inst/U_WRAPPER/U_DRAM0_RD_CUST/U_FIFO/U_FIFO_CUSTOM/U0/inst_fifo_gen/gconvfifo.rf/grf.rf/gntv_or_sync_fifo.gcx.clkx/wr_pntr_cdc_inst/src_gray_ff_reg[4]/C
  -------------------------------------------------------------------    -------------------
    SLICE_X52Y54         FDRE (Prop_fdre_C_Q)         0.367     3.012 r  block_design_i/accelerator_0/U0/accelerator_v1_0_S00_AXI_inst/U_WRAPPER/U_DRAM0_RD_CUST/U_FIFO/U_FIFO_CUSTOM/U0/inst_fifo_gen/gconvfifo.rf/grf.rf/gntv_or_sync_fifo.gcx.clkx/wr_pntr_cdc_inst/src_gray_ff_reg[4]/Q
                         net (fo=1, routed)           0.416     3.428    block_design_i/accelerator_0/U0/accelerator_v1_0_S00_AXI_inst/U_WRAPPER/U_DRAM0_RD_CUST/U_FIFO/U_FIFO_CUSTOM/U0/inst_fifo_gen/gconvfifo.rf/grf.rf/gntv_or_sync_fifo.gcx.clkx/wr_pntr_cdc_inst/async_path[4]
    SLICE_X52Y53         FDRE                                         r  block_design_i/accelerator_0/U0/accelerator_v1_0_S00_AXI_inst/U_WRAPPER/U_DRAM0_RD_CUST/U_FIFO/U_FIFO_CUSTOM/U0/inst_fifo_gen/gconvfifo.rf/grf.rf/gntv_or_sync_fifo.gcx.clkx/wr_pntr_cdc_inst/dest_graysync_ff_reg[0][4]/D
  -------------------------------------------------------------------    -------------------

                         (clock clk_fpga_0 rise edge)
                                                      0.000     0.000 r  
    PS7_X0Y0             PS7                          0.000     0.000 r  block_design_i/processing_system7_0/inst/PS7_i/FCLKCLK[0]
                         net (fo=1, routed)           1.193     1.193    block_design_i/processing_system7_0/inst/FCLK_CLK_unbuffered[0]
    BUFGCTRL_X0Y16       BUFG (Prop_bufg_I_O)         0.101     1.294 r  block_design_i/processing_system7_0/inst/buffer_fclk_clk_0.FCLK_CLK_0_BUFG/O
                         net (fo=10112, routed)       1.639     2.933    block_design_i/accelerator_0/U0/accelerator_v1_0_S00_AXI_inst/U_WRAPPER/U_DRAM0_RD_CUST/U_FIFO/U_FIFO_CUSTOM/U0/inst_fifo_gen/gconvfifo.rf/grf.rf/gntv_or_sync_fifo.gcx.clkx/wr_pntr_cdc_inst/dest_clk
    SLICE_X52Y53         FDRE                                         r  block_design_i/accelerator_0/U0/accelerator_v1_0_S00_AXI_inst/U_WRAPPER/U_DRAM0_RD_CUST/U_FIFO/U_FIFO_CUSTOM/U0/inst_fifo_gen/gconvfifo.rf/grf.rf/gntv_or_sync_fifo.gcx.clkx/wr_pntr_cdc_inst/dest_graysync_ff_reg[0][4]/C
                         clock pessimism              0.000     2.933    
    SLICE_X52Y53         FDRE (Hold_fdre_C_D)         0.169     3.102    block_design_i/accelerator_0/U0/accelerator_v1_0_S00_AXI_inst/U_WRAPPER/U_DRAM0_RD_CUST/U_FIFO/U_FIFO_CUSTOM/U0/inst_fifo_gen/gconvfifo.rf/grf.rf/gntv_or_sync_fifo.gcx.clkx/wr_pntr_cdc_inst/dest_graysync_ff_reg[0][4]
  -------------------------------------------------------------------
                         data arrival                           3.428    
                         clock arrival                          3.102    
  -------------------------------------------------------------------
                         relative delay                         0.326    



Id: 2
set_bus_skew -from [get_cells [list {block_design_i/accelerator_0/U0/accelerator_v1_0_S00_AXI_inst/U_WRAPPER/U_DRAM0_RD_CUST/U_FIFO/U_FIFO_CUSTOM/U0/inst_fifo_gen/gconvfifo.rf/grf.rf/gntv_or_sync_fifo.gcx.clkx/rd_pntr_cdc_inst/src_gray_ff_reg[6]} {block_design_i/accelerator_0/U0/accelerator_v1_0_S00_AXI_inst/U_WRAPPER/U_DRAM0_RD_CUST/U_FIFO/U_FIFO_CUSTOM/U0/inst_fifo_gen/gconvfifo.rf/grf.rf/gntv_or_sync_fifo.gcx.clkx/rd_pntr_cdc_inst/src_gray_ff_reg[1]} {block_design_i/accelerator_0/U0/accelerator_v1_0_S00_AXI_inst/U_WRAPPER/U_DRAM0_RD_CUST/U_FIFO/U_FIFO_CUSTOM/U0/inst_fifo_gen/gconvfifo.rf/grf.rf/gntv_or_sync_fifo.gcx.clkx/rd_pntr_cdc_inst/src_gray_ff_reg[2]} {block_design_i/accelerator_0/U0/accelerator_v1_0_S00_AXI_inst/U_WRAPPER/U_DRAM0_RD_CUST/U_FIFO/U_FIFO_CUSTOM/U0/inst_fifo_gen/gconvfifo.rf/grf.rf/gntv_or_sync_fifo.gcx.clkx/rd_pntr_cdc_inst/src_gray_ff_reg[3]} {block_design_i/accelerator_0/U0/accelerator_v1_0_S00_AXI_inst/U_WRAPPER/U_DRAM0_RD_CUST/U_FIFO/U_FIFO_CUSTOM/U0/inst_fifo_gen/gconvfifo.rf/grf.rf/gntv_or_sync_fifo.gcx.clkx/rd_pntr_cdc_inst/src_gray_ff_reg[4]} {block_design_i/accelerator_0/U0/accelerator_v1_0_S00_AXI_inst/U_WRAPPER/U_DRAM0_RD_CUST/U_FIFO/U_FIFO_CUSTOM/U0/inst_fifo_gen/gconvfifo.rf/grf.rf/gntv_or_sync_fifo.gcx.clkx/rd_pntr_cdc_inst/src_gray_ff_reg[5]}]] -to [get_cells [list {block_design_i/accelerator_0/U0/accelerator_v1_0_S00_AXI_inst/U_WRAPPER/U_DRAM0_RD_CUST/U_FIFO/U_FIFO_CUSTOM/U0/inst_fifo_gen/gconvfifo.rf/grf.rf/gntv_or_sync_fifo.gcx.clkx/rd_pntr_cdc_inst/dest_graysync_ff_reg[0][6]} {block_design_i/accelerator_0/U0/accelerator_v1_0_S00_AXI_inst/U_WRAPPER/U_DRAM0_RD_CUST/U_FIFO/U_FIFO_CUSTOM/U0/inst_fifo_gen/gconvfifo.rf/grf.rf/gntv_or_sync_fifo.gcx.clkx/rd_pntr_cdc_inst/dest_graysync_ff_reg[0][1]} {block_design_i/accelerator_0/U0/accelerator_v1_0_S00_AXI_inst/U_WRAPPER/U_DRAM0_RD_CUST/U_FIFO/U_FIFO_CUSTOM/U0/inst_fifo_gen/gconvfifo.rf/grf.rf/gntv_or_sync_fifo.gcx.clkx/rd_pntr_cdc_inst/dest_graysync_ff_reg[0][2]} {block_design_i/accelerator_0/U0/accelerator_v1_0_S00_AXI_inst/U_WRAPPER/U_DRAM0_RD_CUST/U_FIFO/U_FIFO_CUSTOM/U0/inst_fifo_gen/gconvfifo.rf/grf.rf/gntv_or_sync_fifo.gcx.clkx/rd_pntr_cdc_inst/dest_graysync_ff_reg[0][3]} {block_design_i/accelerator_0/U0/accelerator_v1_0_S00_AXI_inst/U_WRAPPER/U_DRAM0_RD_CUST/U_FIFO/U_FIFO_CUSTOM/U0/inst_fifo_gen/gconvfifo.rf/grf.rf/gntv_or_sync_fifo.gcx.clkx/rd_pntr_cdc_inst/dest_graysync_ff_reg[0][4]} {block_design_i/accelerator_0/U0/accelerator_v1_0_S00_AXI_inst/U_WRAPPER/U_DRAM0_RD_CUST/U_FIFO/U_FIFO_CUSTOM/U0/inst_fifo_gen/gconvfifo.rf/grf.rf/gntv_or_sync_fifo.gcx.clkx/rd_pntr_cdc_inst/dest_graysync_ff_reg[0][5]}]] 8.000
Requirement: 8.000ns
Endpoints: 6

From Clock            To Clock              Endpoint Pin                    Reference Pin                   Corner  Actual(ns)  Slack(ns)
--------------------  --------------------  ------------------------------  ------------------------------  ------  ----------  ---------
clk_fpga_0            clk_fpga_1            block_design_i/accelerator_0/U0/accelerator_v1_0_S00_AXI_inst/U_WRAPPER/U_DRAM0_RD_CUST/U_FIFO/U_FIFO_CUSTOM/U0/inst_fifo_gen/gconvfifo.rf/grf.rf/gntv_or_sync_fifo.gcx.clkx/rd_pntr_cdc_inst/dest_graysync_ff_reg[0][5]/D
                                                                            block_design_i/accelerator_0/U0/accelerator_v1_0_S00_AXI_inst/U_WRAPPER/U_DRAM0_RD_CUST/U_FIFO/U_FIFO_CUSTOM/U0/inst_fifo_gen/gconvfifo.rf/grf.rf/gntv_or_sync_fifo.gcx.clkx/rd_pntr_cdc_inst/dest_graysync_ff_reg[0][1]/D
                                                                                                            Slow         0.851      7.149


Slack (MET) :             7.149ns  (requirement - actual skew)
  Endpoint Source:        block_design_i/accelerator_0/U0/accelerator_v1_0_S00_AXI_inst/U_WRAPPER/U_DRAM0_RD_CUST/U_FIFO/U_FIFO_CUSTOM/U0/inst_fifo_gen/gconvfifo.rf/grf.rf/gntv_or_sync_fifo.gcx.clkx/rd_pntr_cdc_inst/src_gray_ff_reg[5]/C
                            (rising edge-triggered cell FDRE clocked by clk_fpga_0)
  Endpoint Destination:   block_design_i/accelerator_0/U0/accelerator_v1_0_S00_AXI_inst/U_WRAPPER/U_DRAM0_RD_CUST/U_FIFO/U_FIFO_CUSTOM/U0/inst_fifo_gen/gconvfifo.rf/grf.rf/gntv_or_sync_fifo.gcx.clkx/rd_pntr_cdc_inst/dest_graysync_ff_reg[0][5]/D
                            (rising edge-triggered cell FDRE clocked by clk_fpga_1)
  Reference Source:       block_design_i/accelerator_0/U0/accelerator_v1_0_S00_AXI_inst/U_WRAPPER/U_DRAM0_RD_CUST/U_FIFO/U_FIFO_CUSTOM/U0/inst_fifo_gen/gconvfifo.rf/grf.rf/gntv_or_sync_fifo.gcx.clkx/rd_pntr_cdc_inst/src_gray_ff_reg[1]/C
                            (rising edge-triggered cell FDRE clocked by clk_fpga_0)
  Reference Destination:  block_design_i/accelerator_0/U0/accelerator_v1_0_S00_AXI_inst/U_WRAPPER/U_DRAM0_RD_CUST/U_FIFO/U_FIFO_CUSTOM/U0/inst_fifo_gen/gconvfifo.rf/grf.rf/gntv_or_sync_fifo.gcx.clkx/rd_pntr_cdc_inst/dest_graysync_ff_reg[0][1]/D
                            (rising edge-triggered cell FDRE clocked by clk_fpga_1)
  Path Type:              Bus Skew (Max at Slow Process Corner)
  Requirement:            8.000ns
  Endpoint Relative Delay:    1.439ns
  Reference Relative Delay:   0.269ns
  Relative CRPR:              0.492ns
  Uncertainty:                0.173ns
  Actual Bus Skew:            0.851ns  (Endpoint Relative Delay - Reference Relative Delay - Relative CRPR + Uncertainty)

Endpoint path:
    Location             Delay type                Incr(ns)  Path(ns)    Netlist Resource(s)
  -------------------------------------------------------------------    -------------------
                         (clock clk_fpga_0 rise edge)
                                                      0.000     0.000 r  
    PS7_X0Y0             PS7                          0.000     0.000 r  block_design_i/processing_system7_0/inst/PS7_i/FCLKCLK[0]
                         net (fo=1, routed)           1.193     1.193    block_design_i/processing_system7_0/inst/FCLK_CLK_unbuffered[0]
    BUFGCTRL_X0Y16       BUFG (Prop_bufg_I_O)         0.101     1.294 r  block_design_i/processing_system7_0/inst/buffer_fclk_clk_0.FCLK_CLK_0_BUFG/O
                         net (fo=10112, routed)       1.639     2.933    block_design_i/accelerator_0/U0/accelerator_v1_0_S00_AXI_inst/U_WRAPPER/U_DRAM0_RD_CUST/U_FIFO/U_FIFO_CUSTOM/U0/inst_fifo_gen/gconvfifo.rf/grf.rf/gntv_or_sync_fifo.gcx.clkx/rd_pntr_cdc_inst/src_clk
    SLICE_X50Y53         FDRE                                         r  block_design_i/accelerator_0/U0/accelerator_v1_0_S00_AXI_inst/U_WRAPPER/U_DRAM0_RD_CUST/U_FIFO/U_FIFO_CUSTOM/U0/inst_fifo_gen/gconvfifo.rf/grf.rf/gntv_or_sync_fifo.gcx.clkx/rd_pntr_cdc_inst/src_gray_ff_reg[5]/C
  -------------------------------------------------------------------    -------------------
    SLICE_X50Y53         FDRE (Prop_fdre_C_Q)         0.478     3.411 r  block_design_i/accelerator_0/U0/accelerator_v1_0_S00_AXI_inst/U_WRAPPER/U_DRAM0_RD_CUST/U_FIFO/U_FIFO_CUSTOM/U0/inst_fifo_gen/gconvfifo.rf/grf.rf/gntv_or_sync_fifo.gcx.clkx/rd_pntr_cdc_inst/src_gray_ff_reg[5]/Q
                         net (fo=1, routed)           0.466     3.877    block_design_i/accelerator_0/U0/accelerator_v1_0_S00_AXI_inst/U_WRAPPER/U_DRAM0_RD_CUST/U_FIFO/U_FIFO_CUSTOM/U0/inst_fifo_gen/gconvfifo.rf/grf.rf/gntv_or_sync_fifo.gcx.clkx/rd_pntr_cdc_inst/async_path[5]
    SLICE_X46Y53         FDRE                                         r  block_design_i/accelerator_0/U0/accelerator_v1_0_S00_AXI_inst/U_WRAPPER/U_DRAM0_RD_CUST/U_FIFO/U_FIFO_CUSTOM/U0/inst_fifo_gen/gconvfifo.rf/grf.rf/gntv_or_sync_fifo.gcx.clkx/rd_pntr_cdc_inst/dest_graysync_ff_reg[0][5]/D
  -------------------------------------------------------------------    -------------------

                         (clock clk_fpga_1 rise edge)
                                                      0.000     0.000 r  
    PS7_X0Y0             PS7                          0.000     0.000 r  block_design_i/processing_system7_0/inst/PS7_i/FCLKCLK[1]
                         net (fo=1, routed)           1.088     1.088    block_design_i/processing_system7_0/inst/FCLK_CLK_unbuffered[1]
    BUFGCTRL_X0Y17       BUFG (Prop_bufg_I_O)         0.091     1.179 r  block_design_i/processing_system7_0/inst/buffer_fclk_clk_1.FCLK_CLK_1_BUFG/O
                         net (fo=671, routed)         1.478     2.657    block_design_i/accelerator_0/U0/accelerator_v1_0_S00_AXI_inst/U_WRAPPER/U_DRAM0_RD_CUST/U_FIFO/U_FIFO_CUSTOM/U0/inst_fifo_gen/gconvfifo.rf/grf.rf/gntv_or_sync_fifo.gcx.clkx/rd_pntr_cdc_inst/dest_clk
    SLICE_X46Y53         FDRE                                         r  block_design_i/accelerator_0/U0/accelerator_v1_0_S00_AXI_inst/U_WRAPPER/U_DRAM0_RD_CUST/U_FIFO/U_FIFO_CUSTOM/U0/inst_fifo_gen/gconvfifo.rf/grf.rf/gntv_or_sync_fifo.gcx.clkx/rd_pntr_cdc_inst/dest_graysync_ff_reg[0][5]/C
                         clock pessimism              0.000     2.657    
    SLICE_X46Y53         FDRE (Setup_fdre_C_D)       -0.218     2.439    block_design_i/accelerator_0/U0/accelerator_v1_0_S00_AXI_inst/U_WRAPPER/U_DRAM0_RD_CUST/U_FIFO/U_FIFO_CUSTOM/U0/inst_fifo_gen/gconvfifo.rf/grf.rf/gntv_or_sync_fifo.gcx.clkx/rd_pntr_cdc_inst/dest_graysync_ff_reg[0][5]
  -------------------------------------------------------------------
                         data arrival                           3.877    
                         clock arrival                          2.439    
  -------------------------------------------------------------------
                         relative delay                         1.439    

Reference path:
    Location             Delay type                Incr(ns)  Path(ns)    Netlist Resource(s)
  -------------------------------------------------------------------    -------------------
                         (clock clk_fpga_0 rise edge)
                                                      0.000     0.000 r  
    PS7_X0Y0             PS7                          0.000     0.000 r  block_design_i/processing_system7_0/inst/PS7_i/FCLKCLK[0]
                         net (fo=1, routed)           1.088     1.088    block_design_i/processing_system7_0/inst/FCLK_CLK_unbuffered[0]
    BUFGCTRL_X0Y16       BUFG (Prop_bufg_I_O)         0.091     1.179 r  block_design_i/processing_system7_0/inst/buffer_fclk_clk_0.FCLK_CLK_0_BUFG/O
                         net (fo=10112, routed)       1.467     2.646    block_design_i/accelerator_0/U0/accelerator_v1_0_S00_AXI_inst/U_WRAPPER/U_DRAM0_RD_CUST/U_FIFO/U_FIFO_CUSTOM/U0/inst_fifo_gen/gconvfifo.rf/grf.rf/gntv_or_sync_fifo.gcx.clkx/rd_pntr_cdc_inst/src_clk
    SLICE_X51Y51         FDRE                                         r  block_design_i/accelerator_0/U0/accelerator_v1_0_S00_AXI_inst/U_WRAPPER/U_DRAM0_RD_CUST/U_FIFO/U_FIFO_CUSTOM/U0/inst_fifo_gen/gconvfifo.rf/grf.rf/gntv_or_sync_fifo.gcx.clkx/rd_pntr_cdc_inst/src_gray_ff_reg[1]/C
  -------------------------------------------------------------------    -------------------
    SLICE_X51Y51         FDRE (Prop_fdre_C_Q)         0.367     3.013 r  block_design_i/accelerator_0/U0/accelerator_v1_0_S00_AXI_inst/U_WRAPPER/U_DRAM0_RD_CUST/U_FIFO/U_FIFO_CUSTOM/U0/inst_fifo_gen/gconvfifo.rf/grf.rf/gntv_or_sync_fifo.gcx.clkx/rd_pntr_cdc_inst/src_gray_ff_reg[1]/Q
                         net (fo=1, routed)           0.370     3.383    block_design_i/accelerator_0/U0/accelerator_v1_0_S00_AXI_inst/U_WRAPPER/U_DRAM0_RD_CUST/U_FIFO/U_FIFO_CUSTOM/U0/inst_fifo_gen/gconvfifo.rf/grf.rf/gntv_or_sync_fifo.gcx.clkx/rd_pntr_cdc_inst/async_path[1]
    SLICE_X48Y51         FDRE                                         r  block_design_i/accelerator_0/U0/accelerator_v1_0_S00_AXI_inst/U_WRAPPER/U_DRAM0_RD_CUST/U_FIFO/U_FIFO_CUSTOM/U0/inst_fifo_gen/gconvfifo.rf/grf.rf/gntv_or_sync_fifo.gcx.clkx/rd_pntr_cdc_inst/dest_graysync_ff_reg[0][1]/D
  -------------------------------------------------------------------    -------------------

                         (clock clk_fpga_1 rise edge)
                                                      0.000     0.000 r  
    PS7_X0Y0             PS7                          0.000     0.000 r  block_design_i/processing_system7_0/inst/PS7_i/FCLKCLK[1]
                         net (fo=1, routed)           1.193     1.193    block_design_i/processing_system7_0/inst/FCLK_CLK_unbuffered[1]
    BUFGCTRL_X0Y17       BUFG (Prop_bufg_I_O)         0.101     1.294 r  block_design_i/processing_system7_0/inst/buffer_fclk_clk_1.FCLK_CLK_1_BUFG/O
                         net (fo=671, routed)         1.651     2.945    block_design_i/accelerator_0/U0/accelerator_v1_0_S00_AXI_inst/U_WRAPPER/U_DRAM0_RD_CUST/U_FIFO/U_FIFO_CUSTOM/U0/inst_fifo_gen/gconvfifo.rf/grf.rf/gntv_or_sync_fifo.gcx.clkx/rd_pntr_cdc_inst/dest_clk
    SLICE_X48Y51         FDRE                                         r  block_design_i/accelerator_0/U0/accelerator_v1_0_S00_AXI_inst/U_WRAPPER/U_DRAM0_RD_CUST/U_FIFO/U_FIFO_CUSTOM/U0/inst_fifo_gen/gconvfifo.rf/grf.rf/gntv_or_sync_fifo.gcx.clkx/rd_pntr_cdc_inst/dest_graysync_ff_reg[0][1]/C
                         clock pessimism              0.000     2.945    
    SLICE_X48Y51         FDRE (Hold_fdre_C_D)         0.169     3.114    block_design_i/accelerator_0/U0/accelerator_v1_0_S00_AXI_inst/U_WRAPPER/U_DRAM0_RD_CUST/U_FIFO/U_FIFO_CUSTOM/U0/inst_fifo_gen/gconvfifo.rf/grf.rf/gntv_or_sync_fifo.gcx.clkx/rd_pntr_cdc_inst/dest_graysync_ff_reg[0][1]
  -------------------------------------------------------------------
                         data arrival                           3.383    
                         clock arrival                          3.114    
  -------------------------------------------------------------------
                         relative delay                         0.269    



