Copyright 1986-2021 Xilinx, Inc. All Rights Reserved.
------------------------------------------------------------------------------------------------------------------------------------------------
| Tool Version : Vivado v.2021.1 (win64) Build 3247384 Thu Jun 10 19:36:33 MDT 2021
| Date         : Sun Sep 26 18:01:51 2021
| Host         : Benjamin-Desktop running 64-bit major release  (build 9200)
| Command      : report_drc -file lab2_part1_wrapper_drc_routed.rpt -pb lab2_part1_wrapper_drc_routed.pb -rpx lab2_part1_wrapper_drc_routed.rpx
| Design       : lab2_part1_wrapper
| Device       : xc7z020clg484-1
| Speed File   : -1
| Design State : Fully Routed
------------------------------------------------------------------------------------------------------------------------------------------------

Report DRC

Table of Contents
-----------------
1. REPORT SUMMARY
2. REPORT DETAILS

1. REPORT SUMMARY
-----------------
            Netlist: netlist
          Floorplan: design_1
      Design limits: <entire design considered>
           Ruledeck: default
             Max violations: <unlimited>
             Violations found: 3
+--------+----------+------------------------+------------+
| Rule   | Severity | Description            | Violations |
+--------+----------+------------------------+------------+
| DPIP-1 | Warning  | Input pipelining       | 2          |
| DPOP-2 | Warning  | MREG Output pipelining | 1          |
+--------+----------+------------------------+------------+

2. REPORT DETAILS
-----------------
DPIP-1#1 Warning
Input pipelining  
DSP lab2_part1_i/my_multiplier_0/U0/my_multiplier_v1_0_S00_AXI_inst/multiplier_0/output_reg input lab2_part1_i/my_multiplier_0/U0/my_multiplier_v1_0_S00_AXI_inst/multiplier_0/output_reg/A[29:0] is not pipelined. Pipelining DSP48 input will improve performance.
Related violations: <none>

DPIP-1#2 Warning
Input pipelining  
DSP lab2_part1_i/my_multiplier_0/U0/my_multiplier_v1_0_S00_AXI_inst/multiplier_0/output_reg input lab2_part1_i/my_multiplier_0/U0/my_multiplier_v1_0_S00_AXI_inst/multiplier_0/output_reg/B[17:0] is not pipelined. Pipelining DSP48 input will improve performance.
Related violations: <none>

DPOP-2#1 Warning
MREG Output pipelining  
DSP lab2_part1_i/my_multiplier_0/U0/my_multiplier_v1_0_S00_AXI_inst/multiplier_0/output_reg multiplier stage lab2_part1_i/my_multiplier_0/U0/my_multiplier_v1_0_S00_AXI_inst/multiplier_0/output_reg/P[47:0] is not pipelined (MREG=0). Pipelining the multiplier function will improve performance and will save significant power so it is suggested whenever possible to fully pipeline this function.  If this multiplier was inferred, it is suggested to describe an additional register stage after this function.  If there is no registered adder/accumulator following the multiply function, two pipeline stages are suggested to allow both the MREG and PREG registers to be used.  If the DSP48 was instantiated in the design, it is suggested to set both the MREG and PREG attributes to 1 when performing multiply functions.
Related violations: <none>


