Copyright 1986-2021 Xilinx, Inc. All Rights Reserved.
------------------------------------------------------------------------------------------
| Tool Version : Vivado v.2021.1 (win64) Build 3247384 Thu Jun 10 19:36:33 MDT 2021
| Date         : Sat Oct 16 17:09:39 2021
| Host         : Benjamin-Desktop running 64-bit major release  (build 9200)
| Command      : report_control_sets -verbose -file part2_wrapper_control_sets_placed.rpt
| Design       : part2_wrapper
| Device       : xc7z020
------------------------------------------------------------------------------------------

Control Set Information

Table of Contents
-----------------
1. Summary
2. Histogram
3. Flip-Flop Distribution
4. Detailed Control Set Information

1. Summary
----------

+----------------------------------------------------------+-------+
|                          Status                          | Count |
+----------------------------------------------------------+-------+
| Total control sets                                       |    37 |
|    Minimum number of control sets                        |    37 |
|    Addition due to synthesis replication                 |     0 |
|    Addition due to physical synthesis replication        |     0 |
| Unused register locations in slices containing registers |    81 |
+----------------------------------------------------------+-------+
* Control sets can be merged at opt_design using control_set_merge or merge_equivalent_drivers
** Run report_qor_suggestions for automated merging and remapping suggestions


2. Histogram
------------

+--------------------+-------+
|       Fanout       | Count |
+--------------------+-------+
| Total control sets |    37 |
| >= 0 to < 4        |     2 |
| >= 4 to < 6        |     6 |
| >= 6 to < 8        |     1 |
| >= 8 to < 10       |     1 |
| >= 10 to < 12      |     2 |
| >= 12 to < 14      |     5 |
| >= 14 to < 16      |     2 |
| >= 16              |    18 |
+--------------------+-------+
* Control sets can be remapped at either synth_design or opt_design


3. Flip-Flop Distribution
-------------------------

+--------------+-----------------------+------------------------+-----------------+--------------+
| Clock Enable | Synchronous Set/Reset | Asynchronous Set/Reset | Total Registers | Total Slices |
+--------------+-----------------------+------------------------+-----------------+--------------+
| No           | No                    | No                     |             109 |           41 |
| No           | No                    | Yes                    |               5 |            2 |
| No           | Yes                   | No                     |              27 |           17 |
| Yes          | No                    | No                     |             371 |           93 |
| Yes          | No                    | Yes                    |             224 |           49 |
| Yes          | Yes                   | No                     |              79 |           23 |
+--------------+-----------------------+------------------------+-----------------+--------------+


4. Detailed Control Set Information
-----------------------------------

+----------------------------------------------+-------------------------------------------------------------------------------------------------------------------------------------------------------------+----------------------------------------------------------------------------------------------------------------------------------------------------+------------------+----------------+--------------+
|                 Clock Signal                 |                                                                        Enable Signal                                                                        |                                                                  Set/Reset Signal                                                                  | Slice Load Count | Bel Load Count | Bels / Slice |
+----------------------------------------------+-------------------------------------------------------------------------------------------------------------------------------------------------------------+----------------------------------------------------------------------------------------------------------------------------------------------------+------------------+----------------+--------------+
|  part2_i/processing_system7_0/inst/FCLK_CLK0 | part2_i/ps7_0_axi_periph/s00_couplers/auto_pc/inst/gen_axilite.gen_b2s_conv.axilite_b2s/WR.aw_channel_0/aw_cmd_fsm_0/FSM_sequential_state_reg[0]_1          | part2_i/ps7_0_axi_periph/s00_couplers/auto_pc/inst/gen_axilite.gen_b2s_conv.axilite_b2s/WR.aw_channel_0/aw_cmd_fsm_0/FSM_sequential_state_reg[0]_0 |                1 |              1 |         1.00 |
|  part2_i/processing_system7_0/inst/FCLK_CLK0 | part2_i/ps7_0_axi_periph/s00_couplers/auto_pc/inst/gen_axilite.gen_b2s_conv.axilite_b2s/WR.b_channel_0/bid_fifo_0/sel                                       |                                                                                                                                                    |                1 |              2 |         2.00 |
|  part2_i/processing_system7_0/inst/FCLK_CLK0 |                                                                                                                                                             | part2_i/ps7_0_axi_periph/s00_couplers/auto_pc/inst/gen_axilite.gen_b2s_conv.axilite_b2s/SI_REG/aw.aw_pipe/aresetn_d_reg[0]_0                       |                3 |              4 |         1.33 |
|  part2_i/processing_system7_0/inst/FCLK_CLK0 |                                                                                                                                                             | part2_i/ps7_0_axi_periph/s00_couplers/auto_pc/inst/gen_axilite.gen_b2s_conv.axilite_b2s/SI_REG/ar.ar_pipe/aresetn_d_reg[1]_inv_0                   |                3 |              4 |         1.33 |
|  part2_i/processing_system7_0/inst/FCLK_CLK0 |                                                                                                                                                             | part2_i/rst_ps7_0_100M/U0/EXT_LPF/lpf_int                                                                                                          |                3 |              4 |         1.33 |
|  part2_i/processing_system7_0/inst/FCLK_CLK0 | part2_i/ps7_0_axi_periph/s00_couplers/auto_pc/inst/gen_axilite.gen_b2s_conv.axilite_b2s/RD.ar_channel_0/ar_cmd_fsm_0/m_axi_arready_2                        | part2_i/ps7_0_axi_periph/s00_couplers/auto_pc/inst/gen_axilite.gen_b2s_conv.axilite_b2s/RD.ar_channel_0/ar_cmd_fsm_0/FSM_sequential_state_reg[1]_0 |                1 |              4 |         4.00 |
|  part2_i/processing_system7_0/inst/FCLK_CLK0 | part2_i/ps7_0_axi_periph/s00_couplers/auto_pc/inst/gen_axilite.gen_b2s_conv.axilite_b2s/RD.r_channel_0/transaction_fifo_0/cnt_read[4]_i_1_n_0               | part2_i/ps7_0_axi_periph/s00_couplers/auto_pc/inst/gen_axilite.gen_b2s_conv.axilite_b2s/areset_d1                                                  |                1 |              5 |         5.00 |
|  part2_i/processing_system7_0/inst/FCLK_CLK0 | part2_i/ps7_0_axi_periph/s00_couplers/auto_pc/inst/gen_axilite.gen_b2s_conv.axilite_b2s/RD.r_channel_0/rd_data_fifo_0/cnt_read[4]_i_1__0_n_0                | part2_i/ps7_0_axi_periph/s00_couplers/auto_pc/inst/gen_axilite.gen_b2s_conv.axilite_b2s/areset_d1                                                  |                2 |              5 |         2.50 |
|  part2_i/processing_system7_0/inst/FCLK_CLK0 | part2_i/rst_ps7_0_100M/U0/SEQ/seq_cnt_en                                                                                                                    | part2_i/rst_ps7_0_100M/U0/SEQ/SEQ_COUNTER/clear                                                                                                    |                1 |              6 |         6.00 |
|  part2_i/processing_system7_0/inst/FCLK_CLK0 | part2_i/ps7_0_axi_periph/s00_couplers/auto_pc/inst/gen_axilite.gen_b2s_conv.axilite_b2s/WR.b_channel_0/mhandshake_r                                         | part2_i/ps7_0_axi_periph/s00_couplers/auto_pc/inst/gen_axilite.gen_b2s_conv.axilite_b2s/WR.b_channel_0/bid_fifo_0/SR[0]                            |                3 |              8 |         2.67 |
|  part2_i/processing_system7_0/inst/FCLK_CLK0 |                                                                                                                                                             | part2_i/accelerator_0/U0/accelerator_v1_0_S00_AXI_inst/U_WRAPPER/U_USER_APP/U_FIB/AR[0]                                                            |                6 |             10 |         1.67 |
|  part2_i/processing_system7_0/inst/FCLK_CLK0 |                                                                                                                                                             | part2_i/ps7_0_axi_periph/s00_couplers/auto_pc/inst/gen_axilite.gen_b2s_conv.axilite_b2s/areset_d1                                                  |                4 |             10 |         2.50 |
|  part2_i/processing_system7_0/inst/FCLK_CLK0 | part2_i/ps7_0_axi_periph/s00_couplers/auto_pc/inst/gen_axilite.gen_b2s_conv.axilite_b2s/RD.ar_channel_0/ar_cmd_fsm_0/E[0]                                   |                                                                                                                                                    |                4 |             12 |         3.00 |
|  part2_i/processing_system7_0/inst/FCLK_CLK0 | part2_i/ps7_0_axi_periph/s00_couplers/auto_pc/inst/gen_axilite.gen_b2s_conv.axilite_b2s/RD.ar_channel_0/ar_cmd_fsm_0/sel_first_reg[0]                       |                                                                                                                                                    |                3 |             12 |         4.00 |
|  part2_i/processing_system7_0/inst/FCLK_CLK0 | part2_i/ps7_0_axi_periph/s00_couplers/auto_pc/inst/gen_axilite.gen_b2s_conv.axilite_b2s/WR.aw_channel_0/aw_cmd_fsm_0/m_valid_i_reg[0]                       |                                                                                                                                                    |                4 |             12 |         3.00 |
|  part2_i/processing_system7_0/inst/FCLK_CLK0 | part2_i/ps7_0_axi_periph/s00_couplers/auto_pc/inst/gen_axilite.gen_b2s_conv.axilite_b2s/WR.aw_channel_0/cmd_translator_0/incr_cmd_0/axaddr_incr[11]_i_1_n_0 |                                                                                                                                                    |                2 |             12 |         6.00 |
|  part2_i/processing_system7_0/inst/FCLK_CLK0 | part2_i/ps7_0_axi_periph/s00_couplers/auto_pc/inst/gen_axilite.gen_b2s_conv.axilite_b2s/RD.r_channel_0/r_push_r                                             |                                                                                                                                                    |                4 |             13 |         3.25 |
|  part2_i/processing_system7_0/inst/FCLK_CLK0 | part2_i/ps7_0_axi_periph/s00_couplers/auto_pc/inst/gen_axilite.gen_b2s_conv.axilite_b2s/SI_REG/b.b_pipe/p_1_in                                              |                                                                                                                                                    |                3 |             14 |         4.67 |
|  part2_i/processing_system7_0/inst/FCLK_CLK0 | part2_i/ps7_0_axi_periph/s00_couplers/auto_pc/inst/gen_axilite.gen_b2s_conv.axilite_b2s/SI_REG/b.b_pipe/s_ready_i_reg_0                                     |                                                                                                                                                    |                4 |             14 |         3.50 |
|  part2_i/processing_system7_0/inst/FCLK_CLK0 | part2_i/ps7_0_axi_periph/s00_couplers/auto_pc/inst/gen_axilite.gen_b2s_conv.axilite_b2s/WR.aw_channel_0/aw_cmd_fsm_0/m_axi_awready_0                        |                                                                                                                                                    |                3 |             16 |         5.33 |
|  part2_i/processing_system7_0/inst/FCLK_CLK0 | part2_i/accelerator_0/U0/accelerator_v1_0_S00_AXI_inst/axi_awready0                                                                                         | part2_i/accelerator_0/U0/accelerator_v1_0_S00_AXI_inst/U_WRAPPER/U_USER_APP/U_FIB/AR[0]                                                            |                5 |             18 |         3.60 |
|  part2_i/processing_system7_0/inst/FCLK_CLK0 | part2_i/ps7_0_axi_periph/s00_couplers/auto_pc/inst/gen_axilite.gen_b2s_conv.axilite_b2s/RD.ar_channel_0/ar_cmd_fsm_0/m_axi_arready_2                        |                                                                                                                                                    |                8 |             21 |         2.62 |
|  part2_i/processing_system7_0/inst/FCLK_CLK0 | part2_i/ps7_0_axi_periph/s00_couplers/auto_pc/inst/gen_axilite.gen_b2s_conv.axilite_b2s/WR.aw_channel_0/aw_cmd_fsm_0/FSM_sequential_state_reg[0]_1          |                                                                                                                                                    |               10 |             24 |         2.40 |
|  part2_i/processing_system7_0/inst/FCLK_CLK0 | part2_i/accelerator_0/U0/accelerator_v1_0_S00_AXI_inst/slv_reg_rden                                                                                         | part2_i/accelerator_0/U0/accelerator_v1_0_S00_AXI_inst/U_WRAPPER/U_USER_APP/U_FIB/AR[0]                                                            |                9 |             32 |         3.56 |
|  part2_i/processing_system7_0/inst/FCLK_CLK0 | part2_i/accelerator_0/U0/accelerator_v1_0_S00_AXI_inst/U_WRAPPER/U_USER_APP/U_FIB/next_result_s                                                             | part2_i/accelerator_0/U0/accelerator_v1_0_S00_AXI_inst/U_WRAPPER/U_USER_APP/U_FIB/AR[0]                                                            |               10 |             32 |         3.20 |
|  part2_i/processing_system7_0/inst/FCLK_CLK0 | part2_i/accelerator_0/U0/accelerator_v1_0_S00_AXI_inst/U_WRAPPER/U_USER_APP/U_FIB/next_n_s                                                                  | part2_i/accelerator_0/U0/accelerator_v1_0_S00_AXI_inst/U_WRAPPER/U_USER_APP/U_FIB/AR[0]                                                            |                8 |             32 |         4.00 |
|  part2_i/processing_system7_0/inst/FCLK_CLK0 | part2_i/accelerator_0/U0/accelerator_v1_0_S00_AXI_inst/U_WRAPPER/U_USER_APP/U_MEM_MAP/rd_data[31]_i_1_n_0                                                   | part2_i/accelerator_0/U0/accelerator_v1_0_S00_AXI_inst/U_WRAPPER/U_USER_APP/U_FIB/AR[0]                                                            |                7 |             32 |         4.57 |
|  part2_i/processing_system7_0/inst/FCLK_CLK0 | part2_i/ps7_0_axi_periph/s00_couplers/auto_pc/inst/gen_axilite.gen_b2s_conv.axilite_b2s/RD.r_channel_0/rd_data_fifo_0/wr_en0                                |                                                                                                                                                    |                8 |             32 |         4.00 |
|  part2_i/processing_system7_0/inst/FCLK_CLK0 | part2_i/accelerator_0/U0/accelerator_v1_0_S00_AXI_inst/U_WRAPPER/U_USER_APP/U_MEM_MAP/n[31]_i_1_n_0                                                         | part2_i/accelerator_0/U0/accelerator_v1_0_S00_AXI_inst/U_WRAPPER/U_USER_APP/U_FIB/AR[0]                                                            |                9 |             32 |         3.56 |
|  part2_i/processing_system7_0/inst/FCLK_CLK0 | part2_i/ps7_0_axi_periph/s00_couplers/auto_pc/inst/gen_axilite.gen_b2s_conv.axilite_b2s/SI_REG/aw.aw_pipe/s_ready_i_reg_0                                   |                                                                                                                                                    |               10 |             40 |         4.00 |
|  part2_i/processing_system7_0/inst/FCLK_CLK0 | part2_i/ps7_0_axi_periph/s00_couplers/auto_pc/inst/gen_axilite.gen_b2s_conv.axilite_b2s/WR.aw_channel_0/aw_cmd_fsm_0/E[0]                                   |                                                                                                                                                    |               10 |             40 |         4.00 |
|  part2_i/processing_system7_0/inst/FCLK_CLK0 | part2_i/ps7_0_axi_periph/s00_couplers/auto_pc/inst/gen_axilite.gen_b2s_conv.axilite_b2s/SI_REG/ar.ar_pipe/s_ready_i_reg_0                                   |                                                                                                                                                    |               10 |             40 |         4.00 |
|  part2_i/processing_system7_0/inst/FCLK_CLK0 | part2_i/ps7_0_axi_periph/s00_couplers/auto_pc/inst/gen_axilite.gen_b2s_conv.axilite_b2s/RD.ar_channel_0/ar_cmd_fsm_0/m_valid_i_reg[0]                       |                                                                                                                                                    |                8 |             40 |         5.00 |
|  part2_i/processing_system7_0/inst/FCLK_CLK0 | part2_i/ps7_0_axi_periph/s00_couplers/auto_pc/inst/gen_axilite.gen_b2s_conv.axilite_b2s/SI_REG/r.r_pipe/s_ready_i_reg_0                                     |                                                                                                                                                    |                8 |             45 |         5.62 |
|  part2_i/processing_system7_0/inst/FCLK_CLK0 | part2_i/ps7_0_axi_periph/s00_couplers/auto_pc/inst/gen_axilite.gen_b2s_conv.axilite_b2s/SI_REG/r.r_pipe/p_1_in                                              |                                                                                                                                                    |                9 |             45 |         5.00 |
|  part2_i/processing_system7_0/inst/FCLK_CLK0 | part2_i/accelerator_0/U0/accelerator_v1_0_S00_AXI_inst/U_WRAPPER/U_USER_APP/U_FIB/i[31]_i_1_n_0                                                             | part2_i/accelerator_0/U0/accelerator_v1_0_S00_AXI_inst/U_WRAPPER/U_USER_APP/U_FIB/AR[0]                                                            |               15 |             96 |         6.40 |
|  part2_i/processing_system7_0/inst/FCLK_CLK0 |                                                                                                                                                             |                                                                                                                                                    |               42 |            110 |         2.62 |
+----------------------------------------------+-------------------------------------------------------------------------------------------------------------------------------------------------------------+----------------------------------------------------------------------------------------------------------------------------------------------------+------------------+----------------+--------------+


