Time resolution is 1 ps
WARNING: Behavioral models for independent clock FIFO configurations do not model synchronization delays. The behavioral models are functionally correct, and will represent the behavior of the configured FIFO. See the FIFO Generator User Guide for more information.
Note: Result for 0 is incorrect. The output is 16777216 but should be 1
Time: 6625 ns  Iteration: 0  Process: /wrapper_tb/line__66  File: c:/users/john/desktop/reconfig/reconfig/final_lab/final_lab_vivado/accelerator_1.0/src/wrapper_tb.vhd
Note: Result for 1 is incorrect. The output is 33554432 but should be 2
Time: 6655 ns  Iteration: 0  Process: /wrapper_tb/line__66  File: c:/users/john/desktop/reconfig/reconfig/final_lab/final_lab_vivado/accelerator_1.0/src/wrapper_tb.vhd
Note: Result for 2 is incorrect. The output is 50331648 but should be 3
Time: 6685 ns  Iteration: 0  Process: /wrapper_tb/line__66  File: c:/users/john/desktop/reconfig/reconfig/final_lab/final_lab_vivado/accelerator_1.0/src/wrapper_tb.vhd
Note: Result for 3 is incorrect. The output is 67108864 but should be 4
Time: 6715 ns  Iteration: 0  Process: /wrapper_tb/line__66  File: c:/users/john/desktop/reconfig/reconfig/final_lab/final_lab_vivado/accelerator_1.0/src/wrapper_tb.vhd
Note: Result for 4 is incorrect. The output is 83886080 but should be 5
Time: 6745 ns  Iteration: 0  Process: /wrapper_tb/line__66  File: c:/users/john/desktop/reconfig/reconfig/final_lab/final_lab_vivado/accelerator_1.0/src/wrapper_tb.vhd
Note: Result for 5 is incorrect. The output is 100663296 but should be 6
Time: 6775 ns  Iteration: 0  Process: /wrapper_tb/line__66  File: c:/users/john/desktop/reconfig/reconfig/final_lab/final_lab_vivado/accelerator_1.0/src/wrapper_tb.vhd
Note: Result for 6 is incorrect. The output is 117440512 but should be 7
Time: 6805 ns  Iteration: 0  Process: /wrapper_tb/line__66  File: c:/users/john/desktop/reconfig/reconfig/final_lab/final_lab_vivado/accelerator_1.0/src/wrapper_tb.vhd
Note: Result for 7 is incorrect. The output is 134217728 but should be 8
Time: 6835 ns  Iteration: 0  Process: /wrapper_tb/line__66  File: c:/users/john/desktop/reconfig/reconfig/final_lab/final_lab_vivado/accelerator_1.0/src/wrapper_tb.vhd
Note: Result for 8 is incorrect. The output is 150994944 but should be 9
Time: 6865 ns  Iteration: 0  Process: /wrapper_tb/line__66  File: c:/users/john/desktop/reconfig/reconfig/final_lab/final_lab_vivado/accelerator_1.0/src/wrapper_tb.vhd
Note: Result for 9 is incorrect. The output is 167772160 but should be 10
Time: 6895 ns  Iteration: 0  Process: /wrapper_tb/line__66  File: c:/users/john/desktop/reconfig/reconfig/final_lab/final_lab_vivado/accelerator_1.0/src/wrapper_tb.vhd
Note: Result for 10 is incorrect. The output is 184549376 but should be 11
Time: 6925 ns  Iteration: 0  Process: /wrapper_tb/line__66  File: c:/users/john/desktop/reconfig/reconfig/final_lab/final_lab_vivado/accelerator_1.0/src/wrapper_tb.vhd
Note: Result for 11 is incorrect. The output is 201326592 but should be 12
Time: 6955 ns  Iteration: 0  Process: /wrapper_tb/line__66  File: c:/users/john/desktop/reconfig/reconfig/final_lab/final_lab_vivado/accelerator_1.0/src/wrapper_tb.vhd
Note: Result for 12 is incorrect. The output is 218103808 but should be 13
Time: 6985 ns  Iteration: 0  Process: /wrapper_tb/line__66  File: c:/users/john/desktop/reconfig/reconfig/final_lab/final_lab_vivado/accelerator_1.0/src/wrapper_tb.vhd
Note: Result for 13 is incorrect. The output is 234881024 but should be 14
Time: 7015 ns  Iteration: 0  Process: /wrapper_tb/line__66  File: c:/users/john/desktop/reconfig/reconfig/final_lab/final_lab_vivado/accelerator_1.0/src/wrapper_tb.vhd
Note: Result for 14 is incorrect. The output is 251658240 but should be 15
Time: 7045 ns  Iteration: 0  Process: /wrapper_tb/line__66  File: c:/users/john/desktop/reconfig/reconfig/final_lab/final_lab_vivado/accelerator_1.0/src/wrapper_tb.vhd
Note: Result for 15 is incorrect. The output is 268435456 but should be 16
Time: 7075 ns  Iteration: 0  Process: /wrapper_tb/line__66  File: c:/users/john/desktop/reconfig/reconfig/final_lab/final_lab_vivado/accelerator_1.0/src/wrapper_tb.vhd
Note: Result for 16 is incorrect. The output is 285212672 but should be 17
Time: 7105 ns  Iteration: 0  Process: /wrapper_tb/line__66  File: c:/users/john/desktop/reconfig/reconfig/final_lab/final_lab_vivado/accelerator_1.0/src/wrapper_tb.vhd
Note: Result for 17 is incorrect. The output is 301989888 but should be 18
Time: 7135 ns  Iteration: 0  Process: /wrapper_tb/line__66  File: c:/users/john/desktop/reconfig/reconfig/final_lab/final_lab_vivado/accelerator_1.0/src/wrapper_tb.vhd
Note: Result for 18 is incorrect. The output is 318767104 but should be 19
Time: 7165 ns  Iteration: 0  Process: /wrapper_tb/line__66  File: c:/users/john/desktop/reconfig/reconfig/final_lab/final_lab_vivado/accelerator_1.0/src/wrapper_tb.vhd
Note: Result for 19 is incorrect. The output is 335544320 but should be 20
Time: 7195 ns  Iteration: 0  Process: /wrapper_tb/line__66  File: c:/users/john/desktop/reconfig/reconfig/final_lab/final_lab_vivado/accelerator_1.0/src/wrapper_tb.vhd
Note: Result for 20 is incorrect. The output is 352321536 but should be 21
Time: 7225 ns  Iteration: 0  Process: /wrapper_tb/line__66  File: c:/users/john/desktop/reconfig/reconfig/final_lab/final_lab_vivado/accelerator_1.0/src/wrapper_tb.vhd
Note: Result for 21 is incorrect. The output is 369098752 but should be 22
Time: 7255 ns  Iteration: 0  Process: /wrapper_tb/line__66  File: c:/users/john/desktop/reconfig/reconfig/final_lab/final_lab_vivado/accelerator_1.0/src/wrapper_tb.vhd
Note: Result for 22 is incorrect. The output is 385875968 but should be 23
Time: 7285 ns  Iteration: 0  Process: /wrapper_tb/line__66  File: c:/users/john/desktop/reconfig/reconfig/final_lab/final_lab_vivado/accelerator_1.0/src/wrapper_tb.vhd
Note: Result for 23 is incorrect. The output is 402653184 but should be 24
Time: 7315 ns  Iteration: 0  Process: /wrapper_tb/line__66  File: c:/users/john/desktop/reconfig/reconfig/final_lab/final_lab_vivado/accelerator_1.0/src/wrapper_tb.vhd
Note: Result for 24 is incorrect. The output is 419430400 but should be 25
Time: 7345 ns  Iteration: 0  Process: /wrapper_tb/line__66  File: c:/users/john/desktop/reconfig/reconfig/final_lab/final_lab_vivado/accelerator_1.0/src/wrapper_tb.vhd
Note: Result for 25 is incorrect. The output is 436207616 but should be 26
Time: 7375 ns  Iteration: 0  Process: /wrapper_tb/line__66  File: c:/users/john/desktop/reconfig/reconfig/final_lab/final_lab_vivado/accelerator_1.0/src/wrapper_tb.vhd
Note: Result for 26 is incorrect. The output is 452984832 but should be 27
Time: 7405 ns  Iteration: 0  Process: /wrapper_tb/line__66  File: c:/users/john/desktop/reconfig/reconfig/final_lab/final_lab_vivado/accelerator_1.0/src/wrapper_tb.vhd
Note: Result for 27 is incorrect. The output is 469762048 but should be 28
Time: 7435 ns  Iteration: 0  Process: /wrapper_tb/line__66  File: c:/users/john/desktop/reconfig/reconfig/final_lab/final_lab_vivado/accelerator_1.0/src/wrapper_tb.vhd
Note: Result for 28 is incorrect. The output is 486539264 but should be 29
Time: 7465 ns  Iteration: 0  Process: /wrapper_tb/line__66  File: c:/users/john/desktop/reconfig/reconfig/final_lab/final_lab_vivado/accelerator_1.0/src/wrapper_tb.vhd
Note: Result for 29 is incorrect. The output is 503316480 but should be 30
Time: 7495 ns  Iteration: 0  Process: /wrapper_tb/line__66  File: c:/users/john/desktop/reconfig/reconfig/final_lab/final_lab_vivado/accelerator_1.0/src/wrapper_tb.vhd
Note: Result for 30 is incorrect. The output is 520093696 but should be 31
Time: 7525 ns  Iteration: 0  Process: /wrapper_tb/line__66  File: c:/users/john/desktop/reconfig/reconfig/final_lab/final_lab_vivado/accelerator_1.0/src/wrapper_tb.vhd
Note: Result for 31 is incorrect. The output is 536870912 but should be 32
Time: 7555 ns  Iteration: 0  Process: /wrapper_tb/line__66  File: c:/users/john/desktop/reconfig/reconfig/final_lab/final_lab_vivado/accelerator_1.0/src/wrapper_tb.vhd
Note: Result for 32 is incorrect. The output is 553648128 but should be 33
Time: 7585 ns  Iteration: 0  Process: /wrapper_tb/line__66  File: c:/users/john/desktop/reconfig/reconfig/final_lab/final_lab_vivado/accelerator_1.0/src/wrapper_tb.vhd
Note: Result for 33 is incorrect. The output is 570425344 but should be 34
Time: 7615 ns  Iteration: 0  Process: /wrapper_tb/line__66  File: c:/users/john/desktop/reconfig/reconfig/final_lab/final_lab_vivado/accelerator_1.0/src/wrapper_tb.vhd
Note: Result for 34 is incorrect. The output is 587202560 but should be 35
Time: 7645 ns  Iteration: 0  Process: /wrapper_tb/line__66  File: c:/users/john/desktop/reconfig/reconfig/final_lab/final_lab_vivado/accelerator_1.0/src/wrapper_tb.vhd
Note: Result for 35 is incorrect. The output is 603979776 but should be 36
Time: 7675 ns  Iteration: 0  Process: /wrapper_tb/line__66  File: c:/users/john/desktop/reconfig/reconfig/final_lab/final_lab_vivado/accelerator_1.0/src/wrapper_tb.vhd
Note: Result for 36 is incorrect. The output is 620756992 but should be 37
Time: 7705 ns  Iteration: 0  Process: /wrapper_tb/line__66  File: c:/users/john/desktop/reconfig/reconfig/final_lab/final_lab_vivado/accelerator_1.0/src/wrapper_tb.vhd
Note: Result for 37 is incorrect. The output is 637534208 but should be 38
Time: 7735 ns  Iteration: 0  Process: /wrapper_tb/line__66  File: c:/users/john/desktop/reconfig/reconfig/final_lab/final_lab_vivado/accelerator_1.0/src/wrapper_tb.vhd
Note: Result for 38 is incorrect. The output is 654311424 but should be 39
Time: 7765 ns  Iteration: 0  Process: /wrapper_tb/line__66  File: c:/users/john/desktop/reconfig/reconfig/final_lab/final_lab_vivado/accelerator_1.0/src/wrapper_tb.vhd
Note: Result for 39 is incorrect. The output is 671088640 but should be 40
Time: 7795 ns  Iteration: 0  Process: /wrapper_tb/line__66  File: c:/users/john/desktop/reconfig/reconfig/final_lab/final_lab_vivado/accelerator_1.0/src/wrapper_tb.vhd
Note: Result for 40 is incorrect. The output is 687865856 but should be 41
Time: 7825 ns  Iteration: 0  Process: /wrapper_tb/line__66  File: c:/users/john/desktop/reconfig/reconfig/final_lab/final_lab_vivado/accelerator_1.0/src/wrapper_tb.vhd
Note: Result for 41 is incorrect. The output is 704643072 but should be 42
Time: 7855 ns  Iteration: 0  Process: /wrapper_tb/line__66  File: c:/users/john/desktop/reconfig/reconfig/final_lab/final_lab_vivado/accelerator_1.0/src/wrapper_tb.vhd
Note: Result for 42 is incorrect. The output is 721420288 but should be 43
Time: 7885 ns  Iteration: 0  Process: /wrapper_tb/line__66  File: c:/users/john/desktop/reconfig/reconfig/final_lab/final_lab_vivado/accelerator_1.0/src/wrapper_tb.vhd
Note: Result for 43 is incorrect. The output is 738197504 but should be 44
Time: 7915 ns  Iteration: 0  Process: /wrapper_tb/line__66  File: c:/users/john/desktop/reconfig/reconfig/final_lab/final_lab_vivado/accelerator_1.0/src/wrapper_tb.vhd
Note: Result for 44 is incorrect. The output is 754974720 but should be 45
Time: 7945 ns  Iteration: 0  Process: /wrapper_tb/line__66  File: c:/users/john/desktop/reconfig/reconfig/final_lab/final_lab_vivado/accelerator_1.0/src/wrapper_tb.vhd
Note: Result for 45 is incorrect. The output is 771751936 but should be 46
Time: 7975 ns  Iteration: 0  Process: /wrapper_tb/line__66  File: c:/users/john/desktop/reconfig/reconfig/final_lab/final_lab_vivado/accelerator_1.0/src/wrapper_tb.vhd
Note: Result for 46 is incorrect. The output is 788529152 but should be 47
Time: 8005 ns  Iteration: 0  Process: /wrapper_tb/line__66  File: c:/users/john/desktop/reconfig/reconfig/final_lab/final_lab_vivado/accelerator_1.0/src/wrapper_tb.vhd
Note: Result for 47 is incorrect. The output is 805306368 but should be 48
Time: 8035 ns  Iteration: 0  Process: /wrapper_tb/line__66  File: c:/users/john/desktop/reconfig/reconfig/final_lab/final_lab_vivado/accelerator_1.0/src/wrapper_tb.vhd
Note: Result for 48 is incorrect. The output is 822083584 but should be 49
Time: 8065 ns  Iteration: 0  Process: /wrapper_tb/line__66  File: c:/users/john/desktop/reconfig/reconfig/final_lab/final_lab_vivado/accelerator_1.0/src/wrapper_tb.vhd
Note: Result for 49 is incorrect. The output is 838860800 but should be 50
Time: 8095 ns  Iteration: 0  Process: /wrapper_tb/line__66  File: c:/users/john/desktop/reconfig/reconfig/final_lab/final_lab_vivado/accelerator_1.0/src/wrapper_tb.vhd
Note: Result for 50 is incorrect. The output is 855638016 but should be 51
Time: 8125 ns  Iteration: 0  Process: /wrapper_tb/line__66  File: c:/users/john/desktop/reconfig/reconfig/final_lab/final_lab_vivado/accelerator_1.0/src/wrapper_tb.vhd
Note: Result for 51 is incorrect. The output is 872415232 but should be 52
Time: 8155 ns  Iteration: 0  Process: /wrapper_tb/line__66  File: c:/users/john/desktop/reconfig/reconfig/final_lab/final_lab_vivado/accelerator_1.0/src/wrapper_tb.vhd
Note: Result for 52 is incorrect. The output is 889192448 but should be 53
Time: 8185 ns  Iteration: 0  Process: /wrapper_tb/line__66  File: c:/users/john/desktop/reconfig/reconfig/final_lab/final_lab_vivado/accelerator_1.0/src/wrapper_tb.vhd
Note: Result for 53 is incorrect. The output is 905969664 but should be 54
Time: 8215 ns  Iteration: 0  Process: /wrapper_tb/line__66  File: c:/users/john/desktop/reconfig/reconfig/final_lab/final_lab_vivado/accelerator_1.0/src/wrapper_tb.vhd
Note: Result for 54 is incorrect. The output is 922746880 but should be 55
Time: 8245 ns  Iteration: 0  Process: /wrapper_tb/line__66  File: c:/users/john/desktop/reconfig/reconfig/final_lab/final_lab_vivado/accelerator_1.0/src/wrapper_tb.vhd
Note: Result for 55 is incorrect. The output is 939524096 but should be 56
Time: 8275 ns  Iteration: 0  Process: /wrapper_tb/line__66  File: c:/users/john/desktop/reconfig/reconfig/final_lab/final_lab_vivado/accelerator_1.0/src/wrapper_tb.vhd
Note: Result for 56 is incorrect. The output is 956301312 but should be 57
Time: 8305 ns  Iteration: 0  Process: /wrapper_tb/line__66  File: c:/users/john/desktop/reconfig/reconfig/final_lab/final_lab_vivado/accelerator_1.0/src/wrapper_tb.vhd
Note: Result for 57 is incorrect. The output is 973078528 but should be 58
Time: 8335 ns  Iteration: 0  Process: /wrapper_tb/line__66  File: c:/users/john/desktop/reconfig/reconfig/final_lab/final_lab_vivado/accelerator_1.0/src/wrapper_tb.vhd
Note: Result for 58 is incorrect. The output is 989855744 but should be 59
Time: 8365 ns  Iteration: 0  Process: /wrapper_tb/line__66  File: c:/users/john/desktop/reconfig/reconfig/final_lab/final_lab_vivado/accelerator_1.0/src/wrapper_tb.vhd
Note: Result for 59 is incorrect. The output is 1006632960 but should be 60
Time: 8395 ns  Iteration: 0  Process: /wrapper_tb/line__66  File: c:/users/john/desktop/reconfig/reconfig/final_lab/final_lab_vivado/accelerator_1.0/src/wrapper_tb.vhd
Note: Result for 60 is incorrect. The output is 1023410176 but should be 61
Time: 8425 ns  Iteration: 0  Process: /wrapper_tb/line__66  File: c:/users/john/desktop/reconfig/reconfig/final_lab/final_lab_vivado/accelerator_1.0/src/wrapper_tb.vhd
Note: Result for 61 is incorrect. The output is 1040187392 but should be 62
Time: 8455 ns  Iteration: 0  Process: /wrapper_tb/line__66  File: c:/users/john/desktop/reconfig/reconfig/final_lab/final_lab_vivado/accelerator_1.0/src/wrapper_tb.vhd
Note: Result for 62 is incorrect. The output is 1056964608 but should be 63
Time: 8485 ns  Iteration: 0  Process: /wrapper_tb/line__66  File: c:/users/john/desktop/reconfig/reconfig/final_lab/final_lab_vivado/accelerator_1.0/src/wrapper_tb.vhd
Note: Result for 63 is incorrect. The output is 1073741824 but should be 64
Time: 8515 ns  Iteration: 0  Process: /wrapper_tb/line__66  File: c:/users/john/desktop/reconfig/reconfig/final_lab/final_lab_vivado/accelerator_1.0/src/wrapper_tb.vhd
Note: Result for 64 is incorrect. The output is 1090519040 but should be 65
Time: 8545 ns  Iteration: 0  Process: /wrapper_tb/line__66  File: c:/users/john/desktop/reconfig/reconfig/final_lab/final_lab_vivado/accelerator_1.0/src/wrapper_tb.vhd
Note: Result for 65 is incorrect. The output is 1107296256 but should be 66
Time: 8575 ns  Iteration: 0  Process: /wrapper_tb/line__66  File: c:/users/john/desktop/reconfig/reconfig/final_lab/final_lab_vivado/accelerator_1.0/src/wrapper_tb.vhd
Note: Result for 66 is incorrect. The output is 1124073472 but should be 67
Time: 8605 ns  Iteration: 0  Process: /wrapper_tb/line__66  File: c:/users/john/desktop/reconfig/reconfig/final_lab/final_lab_vivado/accelerator_1.0/src/wrapper_tb.vhd
Note: Result for 67 is incorrect. The output is 1140850688 but should be 68
Time: 8635 ns  Iteration: 0  Process: /wrapper_tb/line__66  File: c:/users/john/desktop/reconfig/reconfig/final_lab/final_lab_vivado/accelerator_1.0/src/wrapper_tb.vhd
Note: Result for 68 is incorrect. The output is 1157627904 but should be 69
Time: 8665 ns  Iteration: 0  Process: /wrapper_tb/line__66  File: c:/users/john/desktop/reconfig/reconfig/final_lab/final_lab_vivado/accelerator_1.0/src/wrapper_tb.vhd
Note: Result for 69 is incorrect. The output is 1174405120 but should be 70
Time: 8695 ns  Iteration: 0  Process: /wrapper_tb/line__66  File: c:/users/john/desktop/reconfig/reconfig/final_lab/final_lab_vivado/accelerator_1.0/src/wrapper_tb.vhd
Note: Result for 70 is incorrect. The output is 1191182336 but should be 71
Time: 8725 ns  Iteration: 0  Process: /wrapper_tb/line__66  File: c:/users/john/desktop/reconfig/reconfig/final_lab/final_lab_vivado/accelerator_1.0/src/wrapper_tb.vhd
Note: Result for 71 is incorrect. The output is 1207959552 but should be 72
Time: 8755 ns  Iteration: 0  Process: /wrapper_tb/line__66  File: c:/users/john/desktop/reconfig/reconfig/final_lab/final_lab_vivado/accelerator_1.0/src/wrapper_tb.vhd
Note: Result for 72 is incorrect. The output is 1224736768 but should be 73
Time: 8785 ns  Iteration: 0  Process: /wrapper_tb/line__66  File: c:/users/john/desktop/reconfig/reconfig/final_lab/final_lab_vivado/accelerator_1.0/src/wrapper_tb.vhd
Note: Result for 73 is incorrect. The output is 1241513984 but should be 74
Time: 8815 ns  Iteration: 0  Process: /wrapper_tb/line__66  File: c:/users/john/desktop/reconfig/reconfig/final_lab/final_lab_vivado/accelerator_1.0/src/wrapper_tb.vhd
Note: Result for 74 is incorrect. The output is 1258291200 but should be 75
Time: 8845 ns  Iteration: 0  Process: /wrapper_tb/line__66  File: c:/users/john/desktop/reconfig/reconfig/final_lab/final_lab_vivado/accelerator_1.0/src/wrapper_tb.vhd
Note: Result for 75 is incorrect. The output is 1275068416 but should be 76
Time: 8875 ns  Iteration: 0  Process: /wrapper_tb/line__66  File: c:/users/john/desktop/reconfig/reconfig/final_lab/final_lab_vivado/accelerator_1.0/src/wrapper_tb.vhd
Note: Result for 76 is incorrect. The output is 1291845632 but should be 77
Time: 8905 ns  Iteration: 0  Process: /wrapper_tb/line__66  File: c:/users/john/desktop/reconfig/reconfig/final_lab/final_lab_vivado/accelerator_1.0/src/wrapper_tb.vhd
Note: Result for 77 is incorrect. The output is 1308622848 but should be 78
Time: 8935 ns  Iteration: 0  Process: /wrapper_tb/line__66  File: c:/users/john/desktop/reconfig/reconfig/final_lab/final_lab_vivado/accelerator_1.0/src/wrapper_tb.vhd
Note: Result for 78 is incorrect. The output is 1325400064 but should be 79
Time: 8965 ns  Iteration: 0  Process: /wrapper_tb/line__66  File: c:/users/john/desktop/reconfig/reconfig/final_lab/final_lab_vivado/accelerator_1.0/src/wrapper_tb.vhd
Note: Result for 79 is incorrect. The output is 1342177280 but should be 80
Time: 8995 ns  Iteration: 0  Process: /wrapper_tb/line__66  File: c:/users/john/desktop/reconfig/reconfig/final_lab/final_lab_vivado/accelerator_1.0/src/wrapper_tb.vhd
Note: Result for 80 is incorrect. The output is 1358954496 but should be 81
Time: 9025 ns  Iteration: 0  Process: /wrapper_tb/line__66  File: c:/users/john/desktop/reconfig/reconfig/final_lab/final_lab_vivado/accelerator_1.0/src/wrapper_tb.vhd
Note: Result for 81 is incorrect. The output is 1375731712 but should be 82
Time: 9055 ns  Iteration: 0  Process: /wrapper_tb/line__66  File: c:/users/john/desktop/reconfig/reconfig/final_lab/final_lab_vivado/accelerator_1.0/src/wrapper_tb.vhd
Note: Result for 82 is incorrect. The output is 1392508928 but should be 83
Time: 9085 ns  Iteration: 0  Process: /wrapper_tb/line__66  File: c:/users/john/desktop/reconfig/reconfig/final_lab/final_lab_vivado/accelerator_1.0/src/wrapper_tb.vhd
Note: Result for 83 is incorrect. The output is 1409286144 but should be 84
Time: 9115 ns  Iteration: 0  Process: /wrapper_tb/line__66  File: c:/users/john/desktop/reconfig/reconfig/final_lab/final_lab_vivado/accelerator_1.0/src/wrapper_tb.vhd
Note: Result for 84 is incorrect. The output is 1426063360 but should be 85
Time: 9145 ns  Iteration: 0  Process: /wrapper_tb/line__66  File: c:/users/john/desktop/reconfig/reconfig/final_lab/final_lab_vivado/accelerator_1.0/src/wrapper_tb.vhd
Note: Result for 85 is incorrect. The output is 1442840576 but should be 86
Time: 9175 ns  Iteration: 0  Process: /wrapper_tb/line__66  File: c:/users/john/desktop/reconfig/reconfig/final_lab/final_lab_vivado/accelerator_1.0/src/wrapper_tb.vhd
Note: Result for 86 is incorrect. The output is 1459617792 but should be 87
Time: 9205 ns  Iteration: 0  Process: /wrapper_tb/line__66  File: c:/users/john/desktop/reconfig/reconfig/final_lab/final_lab_vivado/accelerator_1.0/src/wrapper_tb.vhd
Note: Result for 87 is incorrect. The output is 1476395008 but should be 88
Time: 9235 ns  Iteration: 0  Process: /wrapper_tb/line__66  File: c:/users/john/desktop/reconfig/reconfig/final_lab/final_lab_vivado/accelerator_1.0/src/wrapper_tb.vhd
Note: Result for 88 is incorrect. The output is 1493172224 but should be 89
Time: 9265 ns  Iteration: 0  Process: /wrapper_tb/line__66  File: c:/users/john/desktop/reconfig/reconfig/final_lab/final_lab_vivado/accelerator_1.0/src/wrapper_tb.vhd
Note: Result for 89 is incorrect. The output is 1509949440 but should be 90
Time: 9295 ns  Iteration: 0  Process: /wrapper_tb/line__66  File: c:/users/john/desktop/reconfig/reconfig/final_lab/final_lab_vivado/accelerator_1.0/src/wrapper_tb.vhd
Note: Result for 90 is incorrect. The output is 1526726656 but should be 91
Time: 9325 ns  Iteration: 0  Process: /wrapper_tb/line__66  File: c:/users/john/desktop/reconfig/reconfig/final_lab/final_lab_vivado/accelerator_1.0/src/wrapper_tb.vhd
Note: Result for 91 is incorrect. The output is 1543503872 but should be 92
Time: 9355 ns  Iteration: 0  Process: /wrapper_tb/line__66  File: c:/users/john/desktop/reconfig/reconfig/final_lab/final_lab_vivado/accelerator_1.0/src/wrapper_tb.vhd
Note: Result for 92 is incorrect. The output is 1560281088 but should be 93
Time: 9385 ns  Iteration: 0  Process: /wrapper_tb/line__66  File: c:/users/john/desktop/reconfig/reconfig/final_lab/final_lab_vivado/accelerator_1.0/src/wrapper_tb.vhd
Note: Result for 93 is incorrect. The output is 1577058304 but should be 94
Time: 9415 ns  Iteration: 0  Process: /wrapper_tb/line__66  File: c:/users/john/desktop/reconfig/reconfig/final_lab/final_lab_vivado/accelerator_1.0/src/wrapper_tb.vhd
Note: Result for 94 is incorrect. The output is 1593835520 but should be 95
Time: 9445 ns  Iteration: 0  Process: /wrapper_tb/line__66  File: c:/users/john/desktop/reconfig/reconfig/final_lab/final_lab_vivado/accelerator_1.0/src/wrapper_tb.vhd
Note: Result for 95 is incorrect. The output is 1610612736 but should be 96
Time: 9475 ns  Iteration: 0  Process: /wrapper_tb/line__66  File: c:/users/john/desktop/reconfig/reconfig/final_lab/final_lab_vivado/accelerator_1.0/src/wrapper_tb.vhd
Note: Result for 96 is incorrect. The output is 1627389952 but should be 97
Time: 9505 ns  Iteration: 0  Process: /wrapper_tb/line__66  File: c:/users/john/desktop/reconfig/reconfig/final_lab/final_lab_vivado/accelerator_1.0/src/wrapper_tb.vhd
Note: Result for 97 is incorrect. The output is 1644167168 but should be 98
Time: 9535 ns  Iteration: 0  Process: /wrapper_tb/line__66  File: c:/users/john/desktop/reconfig/reconfig/final_lab/final_lab_vivado/accelerator_1.0/src/wrapper_tb.vhd
Note: Result for 98 is incorrect. The output is 1660944384 but should be 99
Time: 9565 ns  Iteration: 0  Process: /wrapper_tb/line__66  File: c:/users/john/desktop/reconfig/reconfig/final_lab/final_lab_vivado/accelerator_1.0/src/wrapper_tb.vhd
Note: Result for 99 is incorrect. The output is 1677721600 but should be 100
Time: 9595 ns  Iteration: 0  Process: /wrapper_tb/line__66  File: c:/users/john/desktop/reconfig/reconfig/final_lab/final_lab_vivado/accelerator_1.0/src/wrapper_tb.vhd
Note: Result for 100 is incorrect. The output is 1694498816 but should be 101
Time: 9625 ns  Iteration: 0  Process: /wrapper_tb/line__66  File: c:/users/john/desktop/reconfig/reconfig/final_lab/final_lab_vivado/accelerator_1.0/src/wrapper_tb.vhd
Note: Result for 101 is incorrect. The output is 1711276032 but should be 102
Time: 9655 ns  Iteration: 0  Process: /wrapper_tb/line__66  File: c:/users/john/desktop/reconfig/reconfig/final_lab/final_lab_vivado/accelerator_1.0/src/wrapper_tb.vhd
Note: Result for 102 is incorrect. The output is 1728053248 but should be 103
Time: 9685 ns  Iteration: 0  Process: /wrapper_tb/line__66  File: c:/users/john/desktop/reconfig/reconfig/final_lab/final_lab_vivado/accelerator_1.0/src/wrapper_tb.vhd
Note: Result for 103 is incorrect. The output is 1744830464 but should be 104
Time: 9715 ns  Iteration: 0  Process: /wrapper_tb/line__66  File: c:/users/john/desktop/reconfig/reconfig/final_lab/final_lab_vivado/accelerator_1.0/src/wrapper_tb.vhd
Note: Result for 104 is incorrect. The output is 1761607680 but should be 105
Time: 9745 ns  Iteration: 0  Process: /wrapper_tb/line__66  File: c:/users/john/desktop/reconfig/reconfig/final_lab/final_lab_vivado/accelerator_1.0/src/wrapper_tb.vhd
Note: Result for 105 is incorrect. The output is 1778384896 but should be 106
Time: 9775 ns  Iteration: 0  Process: /wrapper_tb/line__66  File: c:/users/john/desktop/reconfig/reconfig/final_lab/final_lab_vivado/accelerator_1.0/src/wrapper_tb.vhd
Note: Result for 106 is incorrect. The output is 1795162112 but should be 107
Time: 9805 ns  Iteration: 0  Process: /wrapper_tb/line__66  File: c:/users/john/desktop/reconfig/reconfig/final_lab/final_lab_vivado/accelerator_1.0/src/wrapper_tb.vhd
Note: Result for 107 is incorrect. The output is 1811939328 but should be 108
Time: 9835 ns  Iteration: 0  Process: /wrapper_tb/line__66  File: c:/users/john/desktop/reconfig/reconfig/final_lab/final_lab_vivado/accelerator_1.0/src/wrapper_tb.vhd
Note: Result for 108 is incorrect. The output is 1828716544 but should be 109
Time: 9865 ns  Iteration: 0  Process: /wrapper_tb/line__66  File: c:/users/john/desktop/reconfig/reconfig/final_lab/final_lab_vivado/accelerator_1.0/src/wrapper_tb.vhd
Note: Result for 109 is incorrect. The output is 1845493760 but should be 110
Time: 9895 ns  Iteration: 0  Process: /wrapper_tb/line__66  File: c:/users/john/desktop/reconfig/reconfig/final_lab/final_lab_vivado/accelerator_1.0/src/wrapper_tb.vhd
Note: Result for 110 is incorrect. The output is 1862270976 but should be 111
Time: 9925 ns  Iteration: 0  Process: /wrapper_tb/line__66  File: c:/users/john/desktop/reconfig/reconfig/final_lab/final_lab_vivado/accelerator_1.0/src/wrapper_tb.vhd
Note: Result for 111 is incorrect. The output is 1879048192 but should be 112
Time: 9955 ns  Iteration: 0  Process: /wrapper_tb/line__66  File: c:/users/john/desktop/reconfig/reconfig/final_lab/final_lab_vivado/accelerator_1.0/src/wrapper_tb.vhd
Note: Result for 112 is incorrect. The output is 1895825408 but should be 113
Time: 9985 ns  Iteration: 0  Process: /wrapper_tb/line__66  File: c:/users/john/desktop/reconfig/reconfig/final_lab/final_lab_vivado/accelerator_1.0/src/wrapper_tb.vhd
Note: Result for 113 is incorrect. The output is 1912602624 but should be 114
Time: 10015 ns  Iteration: 0  Process: /wrapper_tb/line__66  File: c:/users/john/desktop/reconfig/reconfig/final_lab/final_lab_vivado/accelerator_1.0/src/wrapper_tb.vhd
Note: Result for 114 is incorrect. The output is 1929379840 but should be 115
Time: 10045 ns  Iteration: 0  Process: /wrapper_tb/line__66  File: c:/users/john/desktop/reconfig/reconfig/final_lab/final_lab_vivado/accelerator_1.0/src/wrapper_tb.vhd
Note: Result for 115 is incorrect. The output is 1946157056 but should be 116
Time: 10075 ns  Iteration: 0  Process: /wrapper_tb/line__66  File: c:/users/john/desktop/reconfig/reconfig/final_lab/final_lab_vivado/accelerator_1.0/src/wrapper_tb.vhd
Note: Result for 116 is incorrect. The output is 1962934272 but should be 117
Time: 10105 ns  Iteration: 0  Process: /wrapper_tb/line__66  File: c:/users/john/desktop/reconfig/reconfig/final_lab/final_lab_vivado/accelerator_1.0/src/wrapper_tb.vhd
Note: Result for 117 is incorrect. The output is 1979711488 but should be 118
Time: 10135 ns  Iteration: 0  Process: /wrapper_tb/line__66  File: c:/users/john/desktop/reconfig/reconfig/final_lab/final_lab_vivado/accelerator_1.0/src/wrapper_tb.vhd
Note: Result for 118 is incorrect. The output is 1996488704 but should be 119
Time: 10165 ns  Iteration: 0  Process: /wrapper_tb/line__66  File: c:/users/john/desktop/reconfig/reconfig/final_lab/final_lab_vivado/accelerator_1.0/src/wrapper_tb.vhd
Note: Result for 119 is incorrect. The output is 2013265920 but should be 120
Time: 10195 ns  Iteration: 0  Process: /wrapper_tb/line__66  File: c:/users/john/desktop/reconfig/reconfig/final_lab/final_lab_vivado/accelerator_1.0/src/wrapper_tb.vhd
Note: Result for 120 is incorrect. The output is 2030043136 but should be 121
Time: 10225 ns  Iteration: 0  Process: /wrapper_tb/line__66  File: c:/users/john/desktop/reconfig/reconfig/final_lab/final_lab_vivado/accelerator_1.0/src/wrapper_tb.vhd
Note: Result for 121 is incorrect. The output is 2046820352 but should be 122
Time: 10255 ns  Iteration: 0  Process: /wrapper_tb/line__66  File: c:/users/john/desktop/reconfig/reconfig/final_lab/final_lab_vivado/accelerator_1.0/src/wrapper_tb.vhd
Note: Result for 122 is incorrect. The output is 2063597568 but should be 123
Time: 10285 ns  Iteration: 0  Process: /wrapper_tb/line__66  File: c:/users/john/desktop/reconfig/reconfig/final_lab/final_lab_vivado/accelerator_1.0/src/wrapper_tb.vhd
Note: Result for 123 is incorrect. The output is 2080374784 but should be 124
Time: 10315 ns  Iteration: 0  Process: /wrapper_tb/line__66  File: c:/users/john/desktop/reconfig/reconfig/final_lab/final_lab_vivado/accelerator_1.0/src/wrapper_tb.vhd
Note: Result for 124 is incorrect. The output is 2097152000 but should be 125
Time: 10345 ns  Iteration: 0  Process: /wrapper_tb/line__66  File: c:/users/john/desktop/reconfig/reconfig/final_lab/final_lab_vivado/accelerator_1.0/src/wrapper_tb.vhd
Note: Result for 125 is incorrect. The output is 2113929216 but should be 126
Time: 10375 ns  Iteration: 0  Process: /wrapper_tb/line__66  File: c:/users/john/desktop/reconfig/reconfig/final_lab/final_lab_vivado/accelerator_1.0/src/wrapper_tb.vhd
Note: Result for 126 is incorrect. The output is 2130706432 but should be 127
Time: 10405 ns  Iteration: 0  Process: /wrapper_tb/line__66  File: c:/users/john/desktop/reconfig/reconfig/final_lab/final_lab_vivado/accelerator_1.0/src/wrapper_tb.vhd
Note: Result for 127 is incorrect. The output is -2147483648 but should be 128
Time: 10435 ns  Iteration: 0  Process: /wrapper_tb/line__66  File: c:/users/john/desktop/reconfig/reconfig/final_lab/final_lab_vivado/accelerator_1.0/src/wrapper_tb.vhd
Note: Result for 0 is incorrect. The output is 16777216 but should be 1
Time: 16665 ns  Iteration: 0  Process: /wrapper_tb/line__66  File: c:/users/john/desktop/reconfig/reconfig/final_lab/final_lab_vivado/accelerator_1.0/src/wrapper_tb.vhd
Note: Result for 1 is incorrect. The output is 33554432 but should be 2
Time: 16695 ns  Iteration: 0  Process: /wrapper_tb/line__66  File: c:/users/john/desktop/reconfig/reconfig/final_lab/final_lab_vivado/accelerator_1.0/src/wrapper_tb.vhd
Note: Result for 2 is incorrect. The output is 50331648 but should be 3
Time: 16725 ns  Iteration: 0  Process: /wrapper_tb/line__66  File: c:/users/john/desktop/reconfig/reconfig/final_lab/final_lab_vivado/accelerator_1.0/src/wrapper_tb.vhd
Note: Result for 3 is incorrect. The output is 67108864 but should be 4
Time: 16755 ns  Iteration: 0  Process: /wrapper_tb/line__66  File: c:/users/john/desktop/reconfig/reconfig/final_lab/final_lab_vivado/accelerator_1.0/src/wrapper_tb.vhd
Note: Result for 4 is incorrect. The output is 83886080 but should be 5
Time: 16785 ns  Iteration: 0  Process: /wrapper_tb/line__66  File: c:/users/john/desktop/reconfig/reconfig/final_lab/final_lab_vivado/accelerator_1.0/src/wrapper_tb.vhd
Note: Result for 5 is incorrect. The output is 100663296 but should be 6
Time: 16815 ns  Iteration: 0  Process: /wrapper_tb/line__66  File: c:/users/john/desktop/reconfig/reconfig/final_lab/final_lab_vivado/accelerator_1.0/src/wrapper_tb.vhd
Note: Result for 6 is incorrect. The output is 117440512 but should be 7
Time: 16845 ns  Iteration: 0  Process: /wrapper_tb/line__66  File: c:/users/john/desktop/reconfig/reconfig/final_lab/final_lab_vivado/accelerator_1.0/src/wrapper_tb.vhd
Note: Result for 7 is incorrect. The output is 134217728 but should be 8
Time: 16875 ns  Iteration: 0  Process: /wrapper_tb/line__66  File: c:/users/john/desktop/reconfig/reconfig/final_lab/final_lab_vivado/accelerator_1.0/src/wrapper_tb.vhd
Note: Result for 8 is incorrect. The output is 150994944 but should be 9
Time: 16905 ns  Iteration: 0  Process: /wrapper_tb/line__66  File: c:/users/john/desktop/reconfig/reconfig/final_lab/final_lab_vivado/accelerator_1.0/src/wrapper_tb.vhd
Note: Result for 9 is incorrect. The output is 167772160 but should be 10
Time: 16935 ns  Iteration: 0  Process: /wrapper_tb/line__66  File: c:/users/john/desktop/reconfig/reconfig/final_lab/final_lab_vivado/accelerator_1.0/src/wrapper_tb.vhd
Note: Result for 10 is incorrect. The output is 184549376 but should be 11
Time: 16965 ns  Iteration: 0  Process: /wrapper_tb/line__66  File: c:/users/john/desktop/reconfig/reconfig/final_lab/final_lab_vivado/accelerator_1.0/src/wrapper_tb.vhd
Note: Result for 11 is incorrect. The output is 201326592 but should be 12
Time: 16995 ns  Iteration: 0  Process: /wrapper_tb/line__66  File: c:/users/john/desktop/reconfig/reconfig/final_lab/final_lab_vivado/accelerator_1.0/src/wrapper_tb.vhd
Note: Result for 12 is incorrect. The output is 218103808 but should be 13
Time: 17025 ns  Iteration: 0  Process: /wrapper_tb/line__66  File: c:/users/john/desktop/reconfig/reconfig/final_lab/final_lab_vivado/accelerator_1.0/src/wrapper_tb.vhd
Note: Result for 13 is incorrect. The output is 234881024 but should be 14
Time: 17055 ns  Iteration: 0  Process: /wrapper_tb/line__66  File: c:/users/john/desktop/reconfig/reconfig/final_lab/final_lab_vivado/accelerator_1.0/src/wrapper_tb.vhd
Note: Result for 14 is incorrect. The output is 251658240 but should be 15
Time: 17085 ns  Iteration: 0  Process: /wrapper_tb/line__66  File: c:/users/john/desktop/reconfig/reconfig/final_lab/final_lab_vivado/accelerator_1.0/src/wrapper_tb.vhd
Note: Result for 15 is incorrect. The output is 268435456 but should be 16
Time: 17115 ns  Iteration: 0  Process: /wrapper_tb/line__66  File: c:/users/john/desktop/reconfig/reconfig/final_lab/final_lab_vivado/accelerator_1.0/src/wrapper_tb.vhd
Note: Result for 16 is incorrect. The output is 285212672 but should be 17
Time: 17145 ns  Iteration: 0  Process: /wrapper_tb/line__66  File: c:/users/john/desktop/reconfig/reconfig/final_lab/final_lab_vivado/accelerator_1.0/src/wrapper_tb.vhd
Note: Result for 17 is incorrect. The output is 301989888 but should be 18
Time: 17175 ns  Iteration: 0  Process: /wrapper_tb/line__66  File: c:/users/john/desktop/reconfig/reconfig/final_lab/final_lab_vivado/accelerator_1.0/src/wrapper_tb.vhd
Note: Result for 18 is incorrect. The output is 318767104 but should be 19
Time: 17205 ns  Iteration: 0  Process: /wrapper_tb/line__66  File: c:/users/john/desktop/reconfig/reconfig/final_lab/final_lab_vivado/accelerator_1.0/src/wrapper_tb.vhd
Note: Result for 19 is incorrect. The output is 335544320 but should be 20
Time: 17235 ns  Iteration: 0  Process: /wrapper_tb/line__66  File: c:/users/john/desktop/reconfig/reconfig/final_lab/final_lab_vivado/accelerator_1.0/src/wrapper_tb.vhd
Note: Result for 20 is incorrect. The output is 352321536 but should be 21
Time: 17265 ns  Iteration: 0  Process: /wrapper_tb/line__66  File: c:/users/john/desktop/reconfig/reconfig/final_lab/final_lab_vivado/accelerator_1.0/src/wrapper_tb.vhd
Note: Result for 21 is incorrect. The output is 369098752 but should be 22
Time: 17295 ns  Iteration: 0  Process: /wrapper_tb/line__66  File: c:/users/john/desktop/reconfig/reconfig/final_lab/final_lab_vivado/accelerator_1.0/src/wrapper_tb.vhd
Note: Result for 22 is incorrect. The output is 385875968 but should be 23
Time: 17325 ns  Iteration: 0  Process: /wrapper_tb/line__66  File: c:/users/john/desktop/reconfig/reconfig/final_lab/final_lab_vivado/accelerator_1.0/src/wrapper_tb.vhd
Note: Result for 23 is incorrect. The output is 402653184 but should be 24
Time: 17355 ns  Iteration: 0  Process: /wrapper_tb/line__66  File: c:/users/john/desktop/reconfig/reconfig/final_lab/final_lab_vivado/accelerator_1.0/src/wrapper_tb.vhd
Note: Result for 24 is incorrect. The output is 419430400 but should be 25
Time: 17385 ns  Iteration: 0  Process: /wrapper_tb/line__66  File: c:/users/john/desktop/reconfig/reconfig/final_lab/final_lab_vivado/accelerator_1.0/src/wrapper_tb.vhd
Note: Result for 25 is incorrect. The output is 436207616 but should be 26
Time: 17415 ns  Iteration: 0  Process: /wrapper_tb/line__66  File: c:/users/john/desktop/reconfig/reconfig/final_lab/final_lab_vivado/accelerator_1.0/src/wrapper_tb.vhd
Note: Result for 26 is incorrect. The output is 452984832 but should be 27
Time: 17445 ns  Iteration: 0  Process: /wrapper_tb/line__66  File: c:/users/john/desktop/reconfig/reconfig/final_lab/final_lab_vivado/accelerator_1.0/src/wrapper_tb.vhd
Note: Result for 27 is incorrect. The output is 469762048 but should be 28
Time: 17475 ns  Iteration: 0  Process: /wrapper_tb/line__66  File: c:/users/john/desktop/reconfig/reconfig/final_lab/final_lab_vivado/accelerator_1.0/src/wrapper_tb.vhd
Note: Result for 28 is incorrect. The output is 486539264 but should be 29
Time: 17505 ns  Iteration: 0  Process: /wrapper_tb/line__66  File: c:/users/john/desktop/reconfig/reconfig/final_lab/final_lab_vivado/accelerator_1.0/src/wrapper_tb.vhd
Note: Result for 29 is incorrect. The output is 503316480 but should be 30
Time: 17535 ns  Iteration: 0  Process: /wrapper_tb/line__66  File: c:/users/john/desktop/reconfig/reconfig/final_lab/final_lab_vivado/accelerator_1.0/src/wrapper_tb.vhd
Note: Result for 30 is incorrect. The output is 520093696 but should be 31
Time: 17565 ns  Iteration: 0  Process: /wrapper_tb/line__66  File: c:/users/john/desktop/reconfig/reconfig/final_lab/final_lab_vivado/accelerator_1.0/src/wrapper_tb.vhd
Note: Result for 31 is incorrect. The output is 536870912 but should be 32
Time: 17595 ns  Iteration: 0  Process: /wrapper_tb/line__66  File: c:/users/john/desktop/reconfig/reconfig/final_lab/final_lab_vivado/accelerator_1.0/src/wrapper_tb.vhd
Note: Result for 32 is incorrect. The output is 553648128 but should be 33
Time: 17625 ns  Iteration: 0  Process: /wrapper_tb/line__66  File: c:/users/john/desktop/reconfig/reconfig/final_lab/final_lab_vivado/accelerator_1.0/src/wrapper_tb.vhd
Note: Result for 33 is incorrect. The output is 570425344 but should be 34
Time: 17655 ns  Iteration: 0  Process: /wrapper_tb/line__66  File: c:/users/john/desktop/reconfig/reconfig/final_lab/final_lab_vivado/accelerator_1.0/src/wrapper_tb.vhd
Note: Result for 34 is incorrect. The output is 587202560 but should be 35
Time: 17685 ns  Iteration: 0  Process: /wrapper_tb/line__66  File: c:/users/john/desktop/reconfig/reconfig/final_lab/final_lab_vivado/accelerator_1.0/src/wrapper_tb.vhd
Note: Result for 35 is incorrect. The output is 603979776 but should be 36
Time: 17715 ns  Iteration: 0  Process: /wrapper_tb/line__66  File: c:/users/john/desktop/reconfig/reconfig/final_lab/final_lab_vivado/accelerator_1.0/src/wrapper_tb.vhd
Note: Result for 36 is incorrect. The output is 620756992 but should be 37
Time: 17745 ns  Iteration: 0  Process: /wrapper_tb/line__66  File: c:/users/john/desktop/reconfig/reconfig/final_lab/final_lab_vivado/accelerator_1.0/src/wrapper_tb.vhd
Note: Result for 37 is incorrect. The output is 637534208 but should be 38
Time: 17775 ns  Iteration: 0  Process: /wrapper_tb/line__66  File: c:/users/john/desktop/reconfig/reconfig/final_lab/final_lab_vivado/accelerator_1.0/src/wrapper_tb.vhd
Note: Result for 38 is incorrect. The output is 654311424 but should be 39
Time: 17805 ns  Iteration: 0  Process: /wrapper_tb/line__66  File: c:/users/john/desktop/reconfig/reconfig/final_lab/final_lab_vivado/accelerator_1.0/src/wrapper_tb.vhd
Note: Result for 39 is incorrect. The output is 671088640 but should be 40
Time: 17835 ns  Iteration: 0  Process: /wrapper_tb/line__66  File: c:/users/john/desktop/reconfig/reconfig/final_lab/final_lab_vivado/accelerator_1.0/src/wrapper_tb.vhd
Note: Result for 40 is incorrect. The output is 687865856 but should be 41
Time: 17865 ns  Iteration: 0  Process: /wrapper_tb/line__66  File: c:/users/john/desktop/reconfig/reconfig/final_lab/final_lab_vivado/accelerator_1.0/src/wrapper_tb.vhd
Note: Result for 41 is incorrect. The output is 704643072 but should be 42
Time: 17895 ns  Iteration: 0  Process: /wrapper_tb/line__66  File: c:/users/john/desktop/reconfig/reconfig/final_lab/final_lab_vivado/accelerator_1.0/src/wrapper_tb.vhd
Note: Result for 42 is incorrect. The output is 721420288 but should be 43
Time: 17925 ns  Iteration: 0  Process: /wrapper_tb/line__66  File: c:/users/john/desktop/reconfig/reconfig/final_lab/final_lab_vivado/accelerator_1.0/src/wrapper_tb.vhd
Note: Result for 43 is incorrect. The output is 738197504 but should be 44
Time: 17955 ns  Iteration: 0  Process: /wrapper_tb/line__66  File: c:/users/john/desktop/reconfig/reconfig/final_lab/final_lab_vivado/accelerator_1.0/src/wrapper_tb.vhd
Note: Result for 44 is incorrect. The output is 754974720 but should be 45
Time: 17985 ns  Iteration: 0  Process: /wrapper_tb/line__66  File: c:/users/john/desktop/reconfig/reconfig/final_lab/final_lab_vivado/accelerator_1.0/src/wrapper_tb.vhd
Note: Result for 45 is incorrect. The output is 771751936 but should be 46
Time: 18015 ns  Iteration: 0  Process: /wrapper_tb/line__66  File: c:/users/john/desktop/reconfig/reconfig/final_lab/final_lab_vivado/accelerator_1.0/src/wrapper_tb.vhd
Note: Result for 46 is incorrect. The output is 788529152 but should be 47
Time: 18045 ns  Iteration: 0  Process: /wrapper_tb/line__66  File: c:/users/john/desktop/reconfig/reconfig/final_lab/final_lab_vivado/accelerator_1.0/src/wrapper_tb.vhd
Note: Result for 47 is incorrect. The output is 805306368 but should be 48
Time: 18075 ns  Iteration: 0  Process: /wrapper_tb/line__66  File: c:/users/john/desktop/reconfig/reconfig/final_lab/final_lab_vivado/accelerator_1.0/src/wrapper_tb.vhd
Note: Result for 48 is incorrect. The output is 822083584 but should be 49
Time: 18105 ns  Iteration: 0  Process: /wrapper_tb/line__66  File: c:/users/john/desktop/reconfig/reconfig/final_lab/final_lab_vivado/accelerator_1.0/src/wrapper_tb.vhd
Note: Result for 49 is incorrect. The output is 838860800 but should be 50
Time: 18135 ns  Iteration: 0  Process: /wrapper_tb/line__66  File: c:/users/john/desktop/reconfig/reconfig/final_lab/final_lab_vivado/accelerator_1.0/src/wrapper_tb.vhd
Note: Result for 50 is incorrect. The output is 855638016 but should be 51
Time: 18165 ns  Iteration: 0  Process: /wrapper_tb/line__66  File: c:/users/john/desktop/reconfig/reconfig/final_lab/final_lab_vivado/accelerator_1.0/src/wrapper_tb.vhd
Note: Result for 51 is incorrect. The output is 872415232 but should be 52
Time: 18195 ns  Iteration: 0  Process: /wrapper_tb/line__66  File: c:/users/john/desktop/reconfig/reconfig/final_lab/final_lab_vivado/accelerator_1.0/src/wrapper_tb.vhd
Note: Result for 52 is incorrect. The output is 889192448 but should be 53
Time: 18225 ns  Iteration: 0  Process: /wrapper_tb/line__66  File: c:/users/john/desktop/reconfig/reconfig/final_lab/final_lab_vivado/accelerator_1.0/src/wrapper_tb.vhd
Note: Result for 53 is incorrect. The output is 905969664 but should be 54
Time: 18255 ns  Iteration: 0  Process: /wrapper_tb/line__66  File: c:/users/john/desktop/reconfig/reconfig/final_lab/final_lab_vivado/accelerator_1.0/src/wrapper_tb.vhd
Note: Result for 54 is incorrect. The output is 922746880 but should be 55
Time: 18285 ns  Iteration: 0  Process: /wrapper_tb/line__66  File: c:/users/john/desktop/reconfig/reconfig/final_lab/final_lab_vivado/accelerator_1.0/src/wrapper_tb.vhd
Note: Result for 55 is incorrect. The output is 939524096 but should be 56
Time: 18315 ns  Iteration: 0  Process: /wrapper_tb/line__66  File: c:/users/john/desktop/reconfig/reconfig/final_lab/final_lab_vivado/accelerator_1.0/src/wrapper_tb.vhd
Note: Result for 56 is incorrect. The output is 956301312 but should be 57
Time: 18345 ns  Iteration: 0  Process: /wrapper_tb/line__66  File: c:/users/john/desktop/reconfig/reconfig/final_lab/final_lab_vivado/accelerator_1.0/src/wrapper_tb.vhd
Note: Result for 57 is incorrect. The output is 973078528 but should be 58
Time: 18375 ns  Iteration: 0  Process: /wrapper_tb/line__66  File: c:/users/john/desktop/reconfig/reconfig/final_lab/final_lab_vivado/accelerator_1.0/src/wrapper_tb.vhd
Note: Result for 58 is incorrect. The output is 989855744 but should be 59
Time: 18405 ns  Iteration: 0  Process: /wrapper_tb/line__66  File: c:/users/john/desktop/reconfig/reconfig/final_lab/final_lab_vivado/accelerator_1.0/src/wrapper_tb.vhd
Note: Result for 59 is incorrect. The output is 1006632960 but should be 60
Time: 18435 ns  Iteration: 0  Process: /wrapper_tb/line__66  File: c:/users/john/desktop/reconfig/reconfig/final_lab/final_lab_vivado/accelerator_1.0/src/wrapper_tb.vhd
Note: Result for 60 is incorrect. The output is 1023410176 but should be 61
Time: 18465 ns  Iteration: 0  Process: /wrapper_tb/line__66  File: c:/users/john/desktop/reconfig/reconfig/final_lab/final_lab_vivado/accelerator_1.0/src/wrapper_tb.vhd
Note: Result for 61 is incorrect. The output is 1040187392 but should be 62
Time: 18495 ns  Iteration: 0  Process: /wrapper_tb/line__66  File: c:/users/john/desktop/reconfig/reconfig/final_lab/final_lab_vivado/accelerator_1.0/src/wrapper_tb.vhd
Note: Result for 62 is incorrect. The output is 1056964608 but should be 63
Time: 18525 ns  Iteration: 0  Process: /wrapper_tb/line__66  File: c:/users/john/desktop/reconfig/reconfig/final_lab/final_lab_vivado/accelerator_1.0/src/wrapper_tb.vhd
Note: Result for 63 is incorrect. The output is 1073741824 but should be 64
Time: 18555 ns  Iteration: 0  Process: /wrapper_tb/line__66  File: c:/users/john/desktop/reconfig/reconfig/final_lab/final_lab_vivado/accelerator_1.0/src/wrapper_tb.vhd
Note: Result for 64 is incorrect. The output is 1090519040 but should be 65
Time: 18585 ns  Iteration: 0  Process: /wrapper_tb/line__66  File: c:/users/john/desktop/reconfig/reconfig/final_lab/final_lab_vivado/accelerator_1.0/src/wrapper_tb.vhd
Note: Result for 65 is incorrect. The output is 1107296256 but should be 66
Time: 18615 ns  Iteration: 0  Process: /wrapper_tb/line__66  File: c:/users/john/desktop/reconfig/reconfig/final_lab/final_lab_vivado/accelerator_1.0/src/wrapper_tb.vhd
Note: Result for 66 is incorrect. The output is 1124073472 but should be 67
Time: 18645 ns  Iteration: 0  Process: /wrapper_tb/line__66  File: c:/users/john/desktop/reconfig/reconfig/final_lab/final_lab_vivado/accelerator_1.0/src/wrapper_tb.vhd
Note: Result for 67 is incorrect. The output is 1140850688 but should be 68
Time: 18675 ns  Iteration: 0  Process: /wrapper_tb/line__66  File: c:/users/john/desktop/reconfig/reconfig/final_lab/final_lab_vivado/accelerator_1.0/src/wrapper_tb.vhd
Note: Result for 68 is incorrect. The output is 1157627904 but should be 69
Time: 18705 ns  Iteration: 0  Process: /wrapper_tb/line__66  File: c:/users/john/desktop/reconfig/reconfig/final_lab/final_lab_vivado/accelerator_1.0/src/wrapper_tb.vhd
Note: Result for 69 is incorrect. The output is 1174405120 but should be 70
Time: 18735 ns  Iteration: 0  Process: /wrapper_tb/line__66  File: c:/users/john/desktop/reconfig/reconfig/final_lab/final_lab_vivado/accelerator_1.0/src/wrapper_tb.vhd
Note: Result for 70 is incorrect. The output is 1191182336 but should be 71
Time: 18765 ns  Iteration: 0  Process: /wrapper_tb/line__66  File: c:/users/john/desktop/reconfig/reconfig/final_lab/final_lab_vivado/accelerator_1.0/src/wrapper_tb.vhd
Note: Result for 71 is incorrect. The output is 1207959552 but should be 72
Time: 18795 ns  Iteration: 0  Process: /wrapper_tb/line__66  File: c:/users/john/desktop/reconfig/reconfig/final_lab/final_lab_vivado/accelerator_1.0/src/wrapper_tb.vhd
Note: Result for 72 is incorrect. The output is 1224736768 but should be 73
Time: 18825 ns  Iteration: 0  Process: /wrapper_tb/line__66  File: c:/users/john/desktop/reconfig/reconfig/final_lab/final_lab_vivado/accelerator_1.0/src/wrapper_tb.vhd
Note: Result for 73 is incorrect. The output is 1241513984 but should be 74
Time: 18855 ns  Iteration: 0  Process: /wrapper_tb/line__66  File: c:/users/john/desktop/reconfig/reconfig/final_lab/final_lab_vivado/accelerator_1.0/src/wrapper_tb.vhd
Note: Result for 74 is incorrect. The output is 1258291200 but should be 75
Time: 18885 ns  Iteration: 0  Process: /wrapper_tb/line__66  File: c:/users/john/desktop/reconfig/reconfig/final_lab/final_lab_vivado/accelerator_1.0/src/wrapper_tb.vhd
Note: Result for 75 is incorrect. The output is 1275068416 but should be 76
Time: 18915 ns  Iteration: 0  Process: /wrapper_tb/line__66  File: c:/users/john/desktop/reconfig/reconfig/final_lab/final_lab_vivado/accelerator_1.0/src/wrapper_tb.vhd
Note: Result for 76 is incorrect. The output is 1291845632 but should be 77
Time: 18945 ns  Iteration: 0  Process: /wrapper_tb/line__66  File: c:/users/john/desktop/reconfig/reconfig/final_lab/final_lab_vivado/accelerator_1.0/src/wrapper_tb.vhd
Note: Result for 77 is incorrect. The output is 1308622848 but should be 78
Time: 18975 ns  Iteration: 0  Process: /wrapper_tb/line__66  File: c:/users/john/desktop/reconfig/reconfig/final_lab/final_lab_vivado/accelerator_1.0/src/wrapper_tb.vhd
Note: Result for 78 is incorrect. The output is 1325400064 but should be 79
Time: 19005 ns  Iteration: 0  Process: /wrapper_tb/line__66  File: c:/users/john/desktop/reconfig/reconfig/final_lab/final_lab_vivado/accelerator_1.0/src/wrapper_tb.vhd
Note: Result for 79 is incorrect. The output is 1342177280 but should be 80
Time: 19035 ns  Iteration: 0  Process: /wrapper_tb/line__66  File: c:/users/john/desktop/reconfig/reconfig/final_lab/final_lab_vivado/accelerator_1.0/src/wrapper_tb.vhd
Note: Result for 80 is incorrect. The output is 1358954496 but should be 81
Time: 19065 ns  Iteration: 0  Process: /wrapper_tb/line__66  File: c:/users/john/desktop/reconfig/reconfig/final_lab/final_lab_vivado/accelerator_1.0/src/wrapper_tb.vhd
Note: Result for 81 is incorrect. The output is 1375731712 but should be 82
Time: 19095 ns  Iteration: 0  Process: /wrapper_tb/line__66  File: c:/users/john/desktop/reconfig/reconfig/final_lab/final_lab_vivado/accelerator_1.0/src/wrapper_tb.vhd
Note: Result for 82 is incorrect. The output is 1392508928 but should be 83
Time: 19125 ns  Iteration: 0  Process: /wrapper_tb/line__66  File: c:/users/john/desktop/reconfig/reconfig/final_lab/final_lab_vivado/accelerator_1.0/src/wrapper_tb.vhd
Note: Result for 83 is incorrect. The output is 1409286144 but should be 84
Time: 19155 ns  Iteration: 0  Process: /wrapper_tb/line__66  File: c:/users/john/desktop/reconfig/reconfig/final_lab/final_lab_vivado/accelerator_1.0/src/wrapper_tb.vhd
Note: Result for 84 is incorrect. The output is 1426063360 but should be 85
Time: 19185 ns  Iteration: 0  Process: /wrapper_tb/line__66  File: c:/users/john/desktop/reconfig/reconfig/final_lab/final_lab_vivado/accelerator_1.0/src/wrapper_tb.vhd
Note: Result for 85 is incorrect. The output is 1442840576 but should be 86
Time: 19215 ns  Iteration: 0  Process: /wrapper_tb/line__66  File: c:/users/john/desktop/reconfig/reconfig/final_lab/final_lab_vivado/accelerator_1.0/src/wrapper_tb.vhd
Note: Result for 86 is incorrect. The output is 1459617792 but should be 87
Time: 19245 ns  Iteration: 0  Process: /wrapper_tb/line__66  File: c:/users/john/desktop/reconfig/reconfig/final_lab/final_lab_vivado/accelerator_1.0/src/wrapper_tb.vhd
Note: Result for 87 is incorrect. The output is 1476395008 but should be 88
Time: 19275 ns  Iteration: 0  Process: /wrapper_tb/line__66  File: c:/users/john/desktop/reconfig/reconfig/final_lab/final_lab_vivado/accelerator_1.0/src/wrapper_tb.vhd
Note: Result for 88 is incorrect. The output is 1493172224 but should be 89
Time: 19305 ns  Iteration: 0  Process: /wrapper_tb/line__66  File: c:/users/john/desktop/reconfig/reconfig/final_lab/final_lab_vivado/accelerator_1.0/src/wrapper_tb.vhd
Note: Result for 89 is incorrect. The output is 1509949440 but should be 90
Time: 19335 ns  Iteration: 0  Process: /wrapper_tb/line__66  File: c:/users/john/desktop/reconfig/reconfig/final_lab/final_lab_vivado/accelerator_1.0/src/wrapper_tb.vhd
Note: Result for 90 is incorrect. The output is 1526726656 but should be 91
Time: 19365 ns  Iteration: 0  Process: /wrapper_tb/line__66  File: c:/users/john/desktop/reconfig/reconfig/final_lab/final_lab_vivado/accelerator_1.0/src/wrapper_tb.vhd
Note: Result for 91 is incorrect. The output is 1543503872 but should be 92
Time: 19395 ns  Iteration: 0  Process: /wrapper_tb/line__66  File: c:/users/john/desktop/reconfig/reconfig/final_lab/final_lab_vivado/accelerator_1.0/src/wrapper_tb.vhd
Note: Result for 92 is incorrect. The output is 1560281088 but should be 93
Time: 19425 ns  Iteration: 0  Process: /wrapper_tb/line__66  File: c:/users/john/desktop/reconfig/reconfig/final_lab/final_lab_vivado/accelerator_1.0/src/wrapper_tb.vhd
Note: Result for 93 is incorrect. The output is 1577058304 but should be 94
Time: 19455 ns  Iteration: 0  Process: /wrapper_tb/line__66  File: c:/users/john/desktop/reconfig/reconfig/final_lab/final_lab_vivado/accelerator_1.0/src/wrapper_tb.vhd
Note: Result for 94 is incorrect. The output is 1593835520 but should be 95
Time: 19485 ns  Iteration: 0  Process: /wrapper_tb/line__66  File: c:/users/john/desktop/reconfig/reconfig/final_lab/final_lab_vivado/accelerator_1.0/src/wrapper_tb.vhd
Note: Result for 95 is incorrect. The output is 1610612736 but should be 96
Time: 19515 ns  Iteration: 0  Process: /wrapper_tb/line__66  File: c:/users/john/desktop/reconfig/reconfig/final_lab/final_lab_vivado/accelerator_1.0/src/wrapper_tb.vhd
Note: Result for 96 is incorrect. The output is 1627389952 but should be 97
Time: 19545 ns  Iteration: 0  Process: /wrapper_tb/line__66  File: c:/users/john/desktop/reconfig/reconfig/final_lab/final_lab_vivado/accelerator_1.0/src/wrapper_tb.vhd
Note: Result for 97 is incorrect. The output is 1644167168 but should be 98
Time: 19575 ns  Iteration: 0  Process: /wrapper_tb/line__66  File: c:/users/john/desktop/reconfig/reconfig/final_lab/final_lab_vivado/accelerator_1.0/src/wrapper_tb.vhd
Note: Result for 98 is incorrect. The output is 1660944384 but should be 99
Time: 19605 ns  Iteration: 0  Process: /wrapper_tb/line__66  File: c:/users/john/desktop/reconfig/reconfig/final_lab/final_lab_vivado/accelerator_1.0/src/wrapper_tb.vhd
Note: Result for 99 is incorrect. The output is 1677721600 but should be 100
Time: 19635 ns  Iteration: 0  Process: /wrapper_tb/line__66  File: c:/users/john/desktop/reconfig/reconfig/final_lab/final_lab_vivado/accelerator_1.0/src/wrapper_tb.vhd
Note: Result for 100 is incorrect. The output is 1694498816 but should be 101
Time: 19665 ns  Iteration: 0  Process: /wrapper_tb/line__66  File: c:/users/john/desktop/reconfig/reconfig/final_lab/final_lab_vivado/accelerator_1.0/src/wrapper_tb.vhd
Note: Result for 101 is incorrect. The output is 1711276032 but should be 102
Time: 19695 ns  Iteration: 0  Process: /wrapper_tb/line__66  File: c:/users/john/desktop/reconfig/reconfig/final_lab/final_lab_vivado/accelerator_1.0/src/wrapper_tb.vhd
Note: Result for 102 is incorrect. The output is 1728053248 but should be 103
Time: 19725 ns  Iteration: 0  Process: /wrapper_tb/line__66  File: c:/users/john/desktop/reconfig/reconfig/final_lab/final_lab_vivado/accelerator_1.0/src/wrapper_tb.vhd
Note: Result for 103 is incorrect. The output is 1744830464 but should be 104
Time: 19755 ns  Iteration: 0  Process: /wrapper_tb/line__66  File: c:/users/john/desktop/reconfig/reconfig/final_lab/final_lab_vivado/accelerator_1.0/src/wrapper_tb.vhd
Note: Result for 104 is incorrect. The output is 1761607680 but should be 105
Time: 19785 ns  Iteration: 0  Process: /wrapper_tb/line__66  File: c:/users/john/desktop/reconfig/reconfig/final_lab/final_lab_vivado/accelerator_1.0/src/wrapper_tb.vhd
Note: Result for 105 is incorrect. The output is 1778384896 but should be 106
Time: 19815 ns  Iteration: 0  Process: /wrapper_tb/line__66  File: c:/users/john/desktop/reconfig/reconfig/final_lab/final_lab_vivado/accelerator_1.0/src/wrapper_tb.vhd
Note: Result for 106 is incorrect. The output is 1795162112 but should be 107
Time: 19845 ns  Iteration: 0  Process: /wrapper_tb/line__66  File: c:/users/john/desktop/reconfig/reconfig/final_lab/final_lab_vivado/accelerator_1.0/src/wrapper_tb.vhd
Note: Result for 107 is incorrect. The output is 1811939328 but should be 108
Time: 19875 ns  Iteration: 0  Process: /wrapper_tb/line__66  File: c:/users/john/desktop/reconfig/reconfig/final_lab/final_lab_vivado/accelerator_1.0/src/wrapper_tb.vhd
Note: Result for 108 is incorrect. The output is 1828716544 but should be 109
Time: 19905 ns  Iteration: 0  Process: /wrapper_tb/line__66  File: c:/users/john/desktop/reconfig/reconfig/final_lab/final_lab_vivado/accelerator_1.0/src/wrapper_tb.vhd
Note: Result for 109 is incorrect. The output is 1845493760 but should be 110
Time: 19935 ns  Iteration: 0  Process: /wrapper_tb/line__66  File: c:/users/john/desktop/reconfig/reconfig/final_lab/final_lab_vivado/accelerator_1.0/src/wrapper_tb.vhd
Note: Result for 110 is incorrect. The output is 1862270976 but should be 111
Time: 19965 ns  Iteration: 0  Process: /wrapper_tb/line__66  File: c:/users/john/desktop/reconfig/reconfig/final_lab/final_lab_vivado/accelerator_1.0/src/wrapper_tb.vhd
Note: Result for 111 is incorrect. The output is 1879048192 but should be 112
Time: 19995 ns  Iteration: 0  Process: /wrapper_tb/line__66  File: c:/users/john/desktop/reconfig/reconfig/final_lab/final_lab_vivado/accelerator_1.0/src/wrapper_tb.vhd
Note: Result for 112 is incorrect. The output is 1895825408 but should be 113
Time: 20025 ns  Iteration: 0  Process: /wrapper_tb/line__66  File: c:/users/john/desktop/reconfig/reconfig/final_lab/final_lab_vivado/accelerator_1.0/src/wrapper_tb.vhd
Note: Result for 113 is incorrect. The output is 1912602624 but should be 114
Time: 20055 ns  Iteration: 0  Process: /wrapper_tb/line__66  File: c:/users/john/desktop/reconfig/reconfig/final_lab/final_lab_vivado/accelerator_1.0/src/wrapper_tb.vhd
Note: Result for 114 is incorrect. The output is 1929379840 but should be 115
Time: 20085 ns  Iteration: 0  Process: /wrapper_tb/line__66  File: c:/users/john/desktop/reconfig/reconfig/final_lab/final_lab_vivado/accelerator_1.0/src/wrapper_tb.vhd
Note: Result for 115 is incorrect. The output is 1946157056 but should be 116
Time: 20115 ns  Iteration: 0  Process: /wrapper_tb/line__66  File: c:/users/john/desktop/reconfig/reconfig/final_lab/final_lab_vivado/accelerator_1.0/src/wrapper_tb.vhd
Note: Result for 116 is incorrect. The output is 1962934272 but should be 117
Time: 20145 ns  Iteration: 0  Process: /wrapper_tb/line__66  File: c:/users/john/desktop/reconfig/reconfig/final_lab/final_lab_vivado/accelerator_1.0/src/wrapper_tb.vhd
Note: Result for 117 is incorrect. The output is 1979711488 but should be 118
Time: 20175 ns  Iteration: 0  Process: /wrapper_tb/line__66  File: c:/users/john/desktop/reconfig/reconfig/final_lab/final_lab_vivado/accelerator_1.0/src/wrapper_tb.vhd
Note: Result for 118 is incorrect. The output is 1996488704 but should be 119
Time: 20205 ns  Iteration: 0  Process: /wrapper_tb/line__66  File: c:/users/john/desktop/reconfig/reconfig/final_lab/final_lab_vivado/accelerator_1.0/src/wrapper_tb.vhd
Note: Result for 119 is incorrect. The output is 2013265920 but should be 120
Time: 20235 ns  Iteration: 0  Process: /wrapper_tb/line__66  File: c:/users/john/desktop/reconfig/reconfig/final_lab/final_lab_vivado/accelerator_1.0/src/wrapper_tb.vhd
Note: Result for 120 is incorrect. The output is 2030043136 but should be 121
Time: 20265 ns  Iteration: 0  Process: /wrapper_tb/line__66  File: c:/users/john/desktop/reconfig/reconfig/final_lab/final_lab_vivado/accelerator_1.0/src/wrapper_tb.vhd
Note: Result for 121 is incorrect. The output is 2046820352 but should be 122
Time: 20295 ns  Iteration: 0  Process: /wrapper_tb/line__66  File: c:/users/john/desktop/reconfig/reconfig/final_lab/final_lab_vivado/accelerator_1.0/src/wrapper_tb.vhd
Note: Result for 122 is incorrect. The output is 2063597568 but should be 12